Analysis & Synthesis report for lab5
Fri Sep 30 10:09:16 2022
Quartus Prime Version 18.1.0 Build 625 09/12/2018 SJ Lite Edition


---------------------
; Table of Contents ;
---------------------
  1. Legal Notice
  2. Analysis & Synthesis Summary
  3. Analysis & Synthesis Settings
  4. Parallel Compilation
  5. Analysis & Synthesis Source Files Read
  6. Analysis & Synthesis Resource Usage Summary
  7. Analysis & Synthesis Resource Utilization by Entity
  8. State Machine - |slc3_testtop|slc3:slc|ISDU:state_controller|State
  9. Registers Removed During Synthesis
 10. Removed Registers Triggering Further Register Optimizations
 11. General Register Statistics
 12. Multiplexer Restructuring Statistics (Restructuring Performed)
 13. Parameter Settings for User Entity Instance: test_memory:mem
 14. Parameter Settings for User Entity Instance: test_memory:mem|memory_parser:parser
 15. Port Connectivity Checks: "slc3:slc|ISDU:state_controller"
 16. Port Connectivity Checks: "slc3:slc|Mem2IO:memory_subsystem"
 17. Port Connectivity Checks: "slc3:slc|PCMUX:pcmux|MUX4:pcmux"
 18. Port Connectivity Checks: "slc3:slc|PCMUX:pcmux"
 19. Port Connectivity Checks: "slc3:slc|IR0:ir|reg_16:reg_pc"
 20. Port Connectivity Checks: "slc3:slc|MAR0:mar|reg_16:reg_mar"
 21. Port Connectivity Checks: "slc3:slc|MDR0:mdr|reg_16:reg_mdr"
 22. Port Connectivity Checks: "slc3:slc|BUS:bus"
 23. Port Connectivity Checks: "slc3:slc"
 24. Post-Synthesis Netlist Statistics for Top Partition
 25. Elapsed Time Per Partition
 26. Analysis & Synthesis Messages
 27. Analysis & Synthesis Suppressed Messages



----------------
; Legal Notice ;
----------------
Copyright (C) 2018  Intel Corporation. All rights reserved.
Your use of Intel Corporation's design tools, logic functions 
and other software and tools, and its AMPP partner logic 
functions, and any output files from any of the foregoing 
(including device programming or simulation files), and any 
associated documentation or information are expressly subject 
to the terms and conditions of the Intel Program License 
Subscription Agreement, the Intel Quartus Prime License Agreement,
the Intel FPGA IP License Agreement, or other applicable license
agreement, including, without limitation, that your use is for
the sole purpose of programming logic devices manufactured by
Intel and sold by Intel or its authorized distributors.  Please
refer to the applicable agreement for further details.



+----------------------------------------------------------------------------------+
; Analysis & Synthesis Summary                                                     ;
+------------------------------------+---------------------------------------------+
; Analysis & Synthesis Status        ; Successful - Fri Sep 30 10:09:16 2022       ;
; Quartus Prime Version              ; 18.1.0 Build 625 09/12/2018 SJ Lite Edition ;
; Revision Name                      ; lab5                                        ;
; Top-level Entity Name              ; slc3_testtop                                ;
; Family                             ; MAX 10                                      ;
; Total logic elements               ; 88                                          ;
;     Total combinational functions  ; 70                                          ;
;     Dedicated logic registers      ; 62                                          ;
; Total registers                    ; 62                                          ;
; Total pins                         ; 115                                         ;
; Total virtual pins                 ; 0                                           ;
; Total memory bits                  ; 0                                           ;
; Embedded Multiplier 9-bit elements ; 0                                           ;
; Total PLLs                         ; 0                                           ;
; UFM blocks                         ; 0                                           ;
; ADC blocks                         ; 0                                           ;
+------------------------------------+---------------------------------------------+


+------------------------------------------------------------------------------------------------------------+
; Analysis & Synthesis Settings                                                                              ;
+------------------------------------------------------------------+--------------------+--------------------+
; Option                                                           ; Setting            ; Default Value      ;
+------------------------------------------------------------------+--------------------+--------------------+
; Device                                                           ; 10M50DAF484C8G     ;                    ;
; Top-level entity name                                            ; slc3_testtop       ; lab5               ;
; Family name                                                      ; MAX 10             ; Cyclone V          ;
; Use smart compilation                                            ; Off                ; Off                ;
; Enable parallel Assembler and Timing Analyzer during compilation ; On                 ; On                 ;
; Enable compact report table                                      ; Off                ; Off                ;
; Restructure Multiplexers                                         ; Auto               ; Auto               ;
; Create Debugging Nodes for IP Cores                              ; Off                ; Off                ;
; Preserve fewer node names                                        ; On                 ; On                 ;
; Intel FPGA IP Evaluation Mode                                    ; Enable             ; Enable             ;
; Verilog Version                                                  ; Verilog_2001       ; Verilog_2001       ;
; VHDL Version                                                     ; VHDL_1993          ; VHDL_1993          ;
; State Machine Processing                                         ; Auto               ; Auto               ;
; Safe State Machine                                               ; Off                ; Off                ;
; Extract Verilog State Machines                                   ; On                 ; On                 ;
; Extract VHDL State Machines                                      ; On                 ; On                 ;
; Ignore Verilog initial constructs                                ; Off                ; Off                ;
; Iteration limit for constant Verilog loops                       ; 5000               ; 5000               ;
; Iteration limit for non-constant Verilog loops                   ; 250                ; 250                ;
; Add Pass-Through Logic to Inferred RAMs                          ; On                 ; On                 ;
; Infer RAMs from Raw Logic                                        ; On                 ; On                 ;
; Parallel Synthesis                                               ; On                 ; On                 ;
; DSP Block Balancing                                              ; Auto               ; Auto               ;
; NOT Gate Push-Back                                               ; On                 ; On                 ;
; Power-Up Don't Care                                              ; On                 ; On                 ;
; Remove Redundant Logic Cells                                     ; Off                ; Off                ;
; Remove Duplicate Registers                                       ; On                 ; On                 ;
; Ignore CARRY Buffers                                             ; Off                ; Off                ;
; Ignore CASCADE Buffers                                           ; Off                ; Off                ;
; Ignore GLOBAL Buffers                                            ; Off                ; Off                ;
; Ignore ROW GLOBAL Buffers                                        ; Off                ; Off                ;
; Ignore LCELL Buffers                                             ; Off                ; Off                ;
; Ignore SOFT Buffers                                              ; On                 ; On                 ;
; Limit AHDL Integers to 32 Bits                                   ; Off                ; Off                ;
; Optimization Technique                                           ; Balanced           ; Balanced           ;
; Carry Chain Length                                               ; 70                 ; 70                 ;
; Auto Carry Chains                                                ; On                 ; On                 ;
; Auto Open-Drain Pins                                             ; On                 ; On                 ;
; Perform WYSIWYG Primitive Resynthesis                            ; Off                ; Off                ;
; Auto ROM Replacement                                             ; On                 ; On                 ;
; Auto RAM Replacement                                             ; On                 ; On                 ;
; Auto DSP Block Replacement                                       ; On                 ; On                 ;
; Auto Shift Register Replacement                                  ; Auto               ; Auto               ;
; Allow Shift Register Merging across Hierarchies                  ; Auto               ; Auto               ;
; Auto Clock Enable Replacement                                    ; On                 ; On                 ;
; Strict RAM Replacement                                           ; Off                ; Off                ;
; Allow Synchronous Control Signals                                ; On                 ; On                 ;
; Force Use of Synchronous Clear Signals                           ; Off                ; Off                ;
; Auto RAM Block Balancing                                         ; On                 ; On                 ;
; Auto RAM to Logic Cell Conversion                                ; Off                ; Off                ;
; Auto Resource Sharing                                            ; Off                ; Off                ;
; Allow Any RAM Size For Recognition                               ; Off                ; Off                ;
; Allow Any ROM Size For Recognition                               ; Off                ; Off                ;
; Allow Any Shift Register Size For Recognition                    ; Off                ; Off                ;
; Use LogicLock Constraints during Resource Balancing              ; On                 ; On                 ;
; Ignore translate_off and synthesis_off directives                ; Off                ; Off                ;
; Timing-Driven Synthesis                                          ; On                 ; On                 ;
; Report Parameter Settings                                        ; On                 ; On                 ;
; Report Source Assignments                                        ; On                 ; On                 ;
; Report Connectivity Checks                                       ; On                 ; On                 ;
; Ignore Maximum Fan-Out Assignments                               ; Off                ; Off                ;
; Synchronization Register Chain Length                            ; 2                  ; 2                  ;
; Power Optimization During Synthesis                              ; Normal compilation ; Normal compilation ;
; HDL message level                                                ; Level2             ; Level2             ;
; Suppress Register Optimization Related Messages                  ; Off                ; Off                ;
; Number of Removed Registers Reported in Synthesis Report         ; 5000               ; 5000               ;
; Number of Swept Nodes Reported in Synthesis Report               ; 5000               ; 5000               ;
; Number of Inverted Registers Reported in Synthesis Report        ; 100                ; 100                ;
; Clock MUX Protection                                             ; On                 ; On                 ;
; Auto Gated Clock Conversion                                      ; Off                ; Off                ;
; Block Design Naming                                              ; Auto               ; Auto               ;
; SDC constraint protection                                        ; Off                ; Off                ;
; Synthesis Effort                                                 ; Auto               ; Auto               ;
; Shift Register Replacement - Allow Asynchronous Clear Signal     ; On                 ; On                 ;
; Pre-Mapping Resynthesis Optimization                             ; Off                ; Off                ;
; Analysis & Synthesis Message Level                               ; Medium             ; Medium             ;
; Disable Register Merging Across Hierarchies                      ; Auto               ; Auto               ;
; Resource Aware Inference For Block RAM                           ; On                 ; On                 ;
+------------------------------------------------------------------+--------------------+--------------------+


+------------------------------------------+
; Parallel Compilation                     ;
+----------------------------+-------------+
; Processors                 ; Number      ;
+----------------------------+-------------+
; Number detected on machine ; 24          ;
; Maximum allowed            ; 16          ;
;                            ;             ;
; Average used               ; 1.00        ;
; Maximum used               ; 16          ;
;                            ;             ;
; Usage by Processor         ; % Time Used ;
;     Processor 1            ; 100.0%      ;
;     Processors 2-16        ;   0.0%      ;
+----------------------------+-------------+


+-----------------------------------------------------------------------------------------------------------------------------------------------------+
; Analysis & Synthesis Source Files Read                                                                                                              ;
+----------------------------------+-----------------+------------------------------+-------------------------------------------------------+---------+
; File Name with User-Entered Path ; Used in Netlist ; File Type                    ; File Name with Absolute Path                          ; Library ;
+----------------------------------+-----------------+------------------------------+-------------------------------------------------------+---------+
; test_memory.sv                   ; yes             ; User SystemVerilog HDL File  ; C:/intelFPGA_lite/18.1/ece385/lab5/test_memory.sv     ;         ;
; synchronizers.sv                 ; yes             ; User SystemVerilog HDL File  ; C:/intelFPGA_lite/18.1/ece385/lab5/synchronizers.sv   ;         ;
; slc3_testtop.sv                  ; yes             ; User SystemVerilog HDL File  ; C:/intelFPGA_lite/18.1/ece385/lab5/slc3_testtop.sv    ;         ;
; SLC3_2.sv                        ; yes             ; User SystemVerilog HDL File  ; C:/intelFPGA_lite/18.1/ece385/lab5/SLC3_2.sv          ;         ;
; slc3.sv                          ; yes             ; User SystemVerilog HDL File  ; C:/intelFPGA_lite/18.1/ece385/lab5/slc3.sv            ;         ;
; memory_contents.sv               ; yes             ; User SystemVerilog HDL File  ; C:/intelFPGA_lite/18.1/ece385/lab5/memory_contents.sv ;         ;
; Mem2IO.sv                        ; yes             ; User SystemVerilog HDL File  ; C:/intelFPGA_lite/18.1/ece385/lab5/Mem2IO.sv          ;         ;
; ISDU.sv                          ; yes             ; User SystemVerilog HDL File  ; C:/intelFPGA_lite/18.1/ece385/lab5/ISDU.sv            ;         ;
; 16_bit_register.sv               ; yes             ; User SystemVerilog HDL File  ; C:/intelFPGA_lite/18.1/ece385/lab5/16_bit_register.sv ;         ;
; PC.sv                            ; yes             ; User SystemVerilog HDL File  ; C:/intelFPGA_lite/18.1/ece385/lab5/PC.sv              ;         ;
; MAR.sv                           ; yes             ; User SystemVerilog HDL File  ; C:/intelFPGA_lite/18.1/ece385/lab5/MAR.sv             ;         ;
; MDR.sv                           ; yes             ; User SystemVerilog HDL File  ; C:/intelFPGA_lite/18.1/ece385/lab5/MDR.sv             ;         ;
; allMUX.sv                        ; yes             ; User SystemVerilog HDL File  ; C:/intelFPGA_lite/18.1/ece385/lab5/allMUX.sv          ;         ;
; HexDriver.sv                     ; yes             ; User SystemVerilog HDL File  ; C:/intelFPGA_lite/18.1/ece385/lab5/HexDriver.sv       ;         ;
; alltopMUX.sv                     ; yes             ; User SystemVerilog HDL File  ; C:/intelFPGA_lite/18.1/ece385/lab5/alltopMUX.sv       ;         ;
; BUS.sv                           ; yes             ; User SystemVerilog HDL File  ; C:/intelFPGA_lite/18.1/ece385/lab5/BUS.sv             ;         ;
; IR.sv                            ; yes             ; User SystemVerilog HDL File  ; C:/intelFPGA_lite/18.1/ece385/lab5/IR.sv              ;         ;
+----------------------------------+-----------------+------------------------------+-------------------------------------------------------+---------+


+---------------------------------------------------------+
; Analysis & Synthesis Resource Usage Summary             ;
+---------------------------------------------+-----------+
; Resource                                    ; Usage     ;
+---------------------------------------------+-----------+
; Estimated Total logic elements              ; 88        ;
;                                             ;           ;
; Total combinational functions               ; 70        ;
; Logic element usage by number of LUT inputs ;           ;
;     -- 4 input functions                    ; 34        ;
;     -- 3 input functions                    ; 6         ;
;     -- <=2 input functions                  ; 30        ;
;                                             ;           ;
; Logic elements by mode                      ;           ;
;     -- normal mode                          ; 55        ;
;     -- arithmetic mode                      ; 15        ;
;                                             ;           ;
; Total registers                             ; 62        ;
;     -- Dedicated logic registers            ; 62        ;
;     -- I/O registers                        ; 0         ;
;                                             ;           ;
; I/O pins                                    ; 115       ;
;                                             ;           ;
; Embedded Multiplier 9-bit elements          ; 0         ;
;                                             ;           ;
; Maximum fan-out node                        ; Clk~input ;
; Maximum fan-out                             ; 62        ;
; Total fan-out                               ; 592       ;
; Average fan-out                             ; 1.64      ;
+---------------------------------------------+-----------+


+-----------------------------------------------------------------------------------------------------------------------------------------------------------------------------------------------------------------------------------------------------------------------+
; Analysis & Synthesis Resource Utilization by Entity                                                                                                                                                                                                                   ;
+----------------------------------+---------------------+---------------------------+-------------+------------+--------------+---------+-----------+------+--------------+------------+-------------------------------------------------+--------------+--------------+
; Compilation Hierarchy Node       ; Combinational ALUTs ; Dedicated Logic Registers ; Memory Bits ; UFM Blocks ; DSP Elements ; DSP 9x9 ; DSP 18x18 ; Pins ; Virtual Pins ; ADC blocks ; Full Hierarchy Name                             ; Entity Name  ; Library Name ;
+----------------------------------+---------------------+---------------------------+-------------+------------+--------------+---------+-----------+------+--------------+------------+-------------------------------------------------+--------------+--------------+
; |slc3_testtop                    ; 70 (1)              ; 62 (0)                    ; 0           ; 0          ; 0            ; 0       ; 0         ; 115  ; 0            ; 0          ; |slc3_testtop                                   ; slc3_testtop ; work         ;
;    |slc3:slc|                    ; 69 (0)              ; 60 (0)                    ; 0           ; 0          ; 0            ; 0       ; 0         ; 0    ; 0            ; 0          ; |slc3_testtop|slc3:slc                          ; slc3         ; work         ;
;       |BUS:bus|                  ; 10 (10)             ; 0 (0)                     ; 0           ; 0          ; 0            ; 0       ; 0         ; 0    ; 0            ; 0          ; |slc3_testtop|slc3:slc|BUS:bus                  ; BUS          ; work         ;
;       |HexDriver:hex_drivers[0]| ; 7 (7)               ; 0 (0)                     ; 0           ; 0          ; 0            ; 0       ; 0         ; 0    ; 0            ; 0          ; |slc3_testtop|slc3:slc|HexDriver:hex_drivers[0] ; HexDriver    ; work         ;
;       |HexDriver:hex_drivers[1]| ; 7 (7)               ; 0 (0)                     ; 0           ; 0          ; 0            ; 0       ; 0         ; 0    ; 0            ; 0          ; |slc3_testtop|slc3:slc|HexDriver:hex_drivers[1] ; HexDriver    ; work         ;
;       |HexDriver:hex_drivers[2]| ; 3 (3)               ; 0 (0)                     ; 0           ; 0          ; 0            ; 0       ; 0         ; 0    ; 0            ; 0          ; |slc3_testtop|slc3:slc|HexDriver:hex_drivers[2] ; HexDriver    ; work         ;
;       |IR0:ir|                   ; 0 (0)               ; 10 (0)                    ; 0           ; 0          ; 0            ; 0       ; 0         ; 0    ; 0            ; 0          ; |slc3_testtop|slc3:slc|IR0:ir                   ; IR0          ; work         ;
;          |reg_16:reg_pc|         ; 0 (0)               ; 10 (10)                   ; 0           ; 0          ; 0            ; 0       ; 0         ; 0    ; 0            ; 0          ; |slc3_testtop|slc3:slc|IR0:ir|reg_16:reg_pc     ; reg_16       ; work         ;
;       |ISDU:state_controller|    ; 8 (8)               ; 8 (8)                     ; 0           ; 0          ; 0            ; 0       ; 0         ; 0    ; 0            ; 0          ; |slc3_testtop|slc3:slc|ISDU:state_controller    ; ISDU         ; work         ;
;       |MAR0:mar|                 ; 0 (0)               ; 16 (0)                    ; 0           ; 0          ; 0            ; 0       ; 0         ; 0    ; 0            ; 0          ; |slc3_testtop|slc3:slc|MAR0:mar                 ; MAR0         ; work         ;
;          |reg_16:reg_mar|        ; 0 (0)               ; 16 (16)                   ; 0           ; 0          ; 0            ; 0       ; 0         ; 0    ; 0            ; 0          ; |slc3_testtop|slc3:slc|MAR0:mar|reg_16:reg_mar  ; reg_16       ; work         ;
;       |MDR0:mdr|                 ; 6 (0)               ; 10 (0)                    ; 0           ; 0          ; 0            ; 0       ; 0         ; 0    ; 0            ; 0          ; |slc3_testtop|slc3:slc|MDR0:mdr                 ; MDR0         ; work         ;
;          |reg_16:reg_mdr|        ; 6 (6)               ; 10 (10)                   ; 0           ; 0          ; 0            ; 0       ; 0         ; 0    ; 0            ; 0          ; |slc3_testtop|slc3:slc|MDR0:mdr|reg_16:reg_mdr  ; reg_16       ; work         ;
;       |Mem2IO:memory_subsystem|  ; 11 (11)             ; 0 (0)                     ; 0           ; 0          ; 0            ; 0       ; 0         ; 0    ; 0            ; 0          ; |slc3_testtop|slc3:slc|Mem2IO:memory_subsystem  ; Mem2IO       ; work         ;
;       |PC0:pc|                   ; 17 (0)              ; 16 (0)                    ; 0           ; 0          ; 0            ; 0       ; 0         ; 0    ; 0            ; 0          ; |slc3_testtop|slc3:slc|PC0:pc                   ; PC0          ; work         ;
;          |reg_16:reg_pc|         ; 17 (17)             ; 16 (16)                   ; 0           ; 0          ; 0            ; 0       ; 0         ; 0    ; 0            ; 0          ; |slc3_testtop|slc3:slc|PC0:pc|reg_16:reg_pc     ; reg_16       ; work         ;
;    |sync:button_sync[0]|         ; 0 (0)               ; 1 (1)                     ; 0           ; 0          ; 0            ; 0       ; 0         ; 0    ; 0            ; 0          ; |slc3_testtop|sync:button_sync[0]               ; sync         ; work         ;
;    |sync:button_sync[1]|         ; 0 (0)               ; 1 (1)                     ; 0           ; 0          ; 0            ; 0       ; 0         ; 0    ; 0            ; 0          ; |slc3_testtop|sync:button_sync[1]               ; sync         ; work         ;
+----------------------------------+---------------------+---------------------------+-------------+------------+--------------+---------+-----------+------+--------------+------------+-------------------------------------------------+--------------+--------------+
Note: For table entries with two numbers listed, the numbers in parentheses indicate the number of resources of the given type used by the specific entity alone. The numbers listed outside of parentheses indicate the total resources of the given type used by the specific entity and all of its sub-entities in the hierarchy.


Encoding Type:  One-Hot
+------------------------------------------------------------------------------------------------------------------------------------------------------------------+
; State Machine - |slc3_testtop|slc3:slc|ISDU:state_controller|State                                                                                               ;
+----------------+------------+------------+------------+--------------+--------------+--------------+------------+----------------+----------------+--------------+
; Name           ; State.S_01 ; State.S_32 ; State.S_35 ; State.S_33_3 ; State.S_33_2 ; State.S_33_1 ; State.S_18 ; State.PauseIR2 ; State.PauseIR1 ; State.Halted ;
+----------------+------------+------------+------------+--------------+--------------+--------------+------------+----------------+----------------+--------------+
; State.Halted   ; 0          ; 0          ; 0          ; 0            ; 0            ; 0            ; 0          ; 0              ; 0              ; 0            ;
; State.PauseIR1 ; 0          ; 0          ; 0          ; 0            ; 0            ; 0            ; 0          ; 0              ; 1              ; 1            ;
; State.PauseIR2 ; 0          ; 0          ; 0          ; 0            ; 0            ; 0            ; 0          ; 1              ; 0              ; 1            ;
; State.S_18     ; 0          ; 0          ; 0          ; 0            ; 0            ; 0            ; 1          ; 0              ; 0              ; 1            ;
; State.S_33_1   ; 0          ; 0          ; 0          ; 0            ; 0            ; 1            ; 0          ; 0              ; 0              ; 1            ;
; State.S_33_2   ; 0          ; 0          ; 0          ; 0            ; 1            ; 0            ; 0          ; 0              ; 0              ; 1            ;
; State.S_33_3   ; 0          ; 0          ; 0          ; 1            ; 0            ; 0            ; 0          ; 0              ; 0              ; 1            ;
; State.S_35     ; 0          ; 0          ; 1          ; 0            ; 0            ; 0            ; 0          ; 0              ; 0              ; 1            ;
; State.S_32     ; 0          ; 1          ; 0          ; 0            ; 0            ; 0            ; 0          ; 0              ; 0              ; 1            ;
; State.S_01     ; 1          ; 0          ; 0          ; 0            ; 0            ; 0            ; 0          ; 0              ; 0              ; 1            ;
+----------------+------------+------------+------------+--------------+--------------+--------------+------------+----------------+----------------+--------------+


+-----------------------------------------------------------------------------------------+
; Registers Removed During Synthesis                                                      ;
+------------------------------------------------+----------------------------------------+
; Register name                                  ; Reason for Removal                     ;
+------------------------------------------------+----------------------------------------+
; slc3:slc|MDR0:mdr|reg_16:reg_mdr|D_out[10..15] ; Stuck at GND due to stuck port data_in ;
; slc3:slc|IR0:ir|reg_16:reg_pc|D_out[10..15]    ; Stuck at GND due to stuck port data_in ;
; slc3:slc|ISDU:state_controller|State.S_32      ; Lost fanout                            ;
; slc3:slc|ISDU:state_controller|State.S_01      ; Lost fanout                            ;
; slc3:slc|ISDU:state_controller|State~2         ; Lost fanout                            ;
; slc3:slc|ISDU:state_controller|State~3         ; Lost fanout                            ;
; slc3:slc|ISDU:state_controller|State~4         ; Lost fanout                            ;
; slc3:slc|ISDU:state_controller|State~5         ; Lost fanout                            ;
; Total Number of Removed Registers = 18         ;                                        ;
+------------------------------------------------+----------------------------------------+


+------------------------------------------------------------------------------------------------------------------+
; Removed Registers Triggering Further Register Optimizations                                                      ;
+--------------------------------------------+---------------------------+-----------------------------------------+
; Register name                              ; Reason for Removal        ; Registers Removed due to This Register  ;
+--------------------------------------------+---------------------------+-----------------------------------------+
; slc3:slc|MDR0:mdr|reg_16:reg_mdr|D_out[10] ; Stuck at GND              ; slc3:slc|IR0:ir|reg_16:reg_pc|D_out[10] ;
;                                            ; due to stuck port data_in ;                                         ;
; slc3:slc|MDR0:mdr|reg_16:reg_mdr|D_out[11] ; Stuck at GND              ; slc3:slc|IR0:ir|reg_16:reg_pc|D_out[11] ;
;                                            ; due to stuck port data_in ;                                         ;
; slc3:slc|MDR0:mdr|reg_16:reg_mdr|D_out[12] ; Stuck at GND              ; slc3:slc|IR0:ir|reg_16:reg_pc|D_out[12] ;
;                                            ; due to stuck port data_in ;                                         ;
; slc3:slc|MDR0:mdr|reg_16:reg_mdr|D_out[13] ; Stuck at GND              ; slc3:slc|IR0:ir|reg_16:reg_pc|D_out[13] ;
;                                            ; due to stuck port data_in ;                                         ;
; slc3:slc|MDR0:mdr|reg_16:reg_mdr|D_out[14] ; Stuck at GND              ; slc3:slc|IR0:ir|reg_16:reg_pc|D_out[14] ;
;                                            ; due to stuck port data_in ;                                         ;
; slc3:slc|MDR0:mdr|reg_16:reg_mdr|D_out[15] ; Stuck at GND              ; slc3:slc|IR0:ir|reg_16:reg_pc|D_out[15] ;
;                                            ; due to stuck port data_in ;                                         ;
+--------------------------------------------+---------------------------+-----------------------------------------+


+------------------------------------------------------+
; General Register Statistics                          ;
+----------------------------------------------+-------+
; Statistic                                    ; Value ;
+----------------------------------------------+-------+
; Total registers                              ; 62    ;
; Number of registers using Synchronous Clear  ; 16    ;
; Number of registers using Synchronous Load   ; 0     ;
; Number of registers using Asynchronous Clear ; 0     ;
; Number of registers using Asynchronous Load  ; 0     ;
; Number of registers using Clock Enable       ; 52    ;
; Number of registers using Preset             ; 0     ;
+----------------------------------------------+-------+


+-----------------------------------------------------------------------------------------------------------------------------------------------------------------------+
; Multiplexer Restructuring Statistics (Restructuring Performed)                                                                                                        ;
+--------------------+-----------+---------------+----------------------+------------------------+------------+---------------------------------------------------------+
; Multiplexer Inputs ; Bus Width ; Baseline Area ; Area if Restructured ; Saving if Restructured ; Registered ; Example Multiplexer Output                              ;
+--------------------+-----------+---------------+----------------------+------------------------+------------+---------------------------------------------------------+
; 3:1                ; 16 bits   ; 32 LEs        ; 16 LEs               ; 16 LEs                 ; Yes        ; |slc3_testtop|slc3:slc|PC0:pc|reg_16:reg_pc|D_out[0]    ;
; 3:1                ; 10 bits   ; 20 LEs        ; 10 LEs               ; 10 LEs                 ; Yes        ; |slc3_testtop|slc3:slc|MDR0:mdr|reg_16:reg_mdr|D_out[4] ;
; 4:1                ; 10 bits   ; 20 LEs        ; 20 LEs               ; 0 LEs                  ; Yes        ; |slc3_testtop|slc3:slc|IR0:ir|reg_16:reg_pc|D_out[3]    ;
; 4:1                ; 2 bits    ; 4 LEs         ; 4 LEs                ; 0 LEs                  ; No         ; |slc3_testtop|slc3:slc|ISDU:state_controller|State      ;
+--------------------+-----------+---------------+----------------------+------------------------+------------+---------------------------------------------------------+


+--------------------------------------------------------------+
; Parameter Settings for User Entity Instance: test_memory:mem ;
+----------------+-------+-------------------------------------+
; Parameter Name ; Value ; Type                                ;
+----------------+-------+-------------------------------------+
; size           ; 256   ; Signed Integer                      ;
; init_external  ; 0     ; Signed Integer                      ;
+----------------+-------+-------------------------------------+
Note: In order to hide this table in the UI and the text report file, please set the "Show Parameter Settings in Synthesis Report" option in "Analysis and Synthesis Settings -> More Settings" to "Off".


+-----------------------------------------------------------------------------------+
; Parameter Settings for User Entity Instance: test_memory:mem|memory_parser:parser ;
+----------------+-------+----------------------------------------------------------+
; Parameter Name ; Value ; Type                                                     ;
+----------------+-------+----------------------------------------------------------+
; size           ; 256   ; Signed Integer                                           ;
+----------------+-------+----------------------------------------------------------+
Note: In order to hide this table in the UI and the text report file, please set the "Show Parameter Settings in Synthesis Report" option in "Analysis and Synthesis Settings -> More Settings" to "Off".


+--------------------------------------------------------------------------------------------------------------------+
; Port Connectivity Checks: "slc3:slc|ISDU:state_controller"                                                         ;
+----------+--------+----------+-------------------------------------------------------------------------------------+
; Port     ; Type   ; Severity ; Details                                                                             ;
+----------+--------+----------+-------------------------------------------------------------------------------------+
; BEN      ; Input  ; Info     ; Stuck at GND                                                                        ;
; LD_BEN   ; Output ; Info     ; Connected to dangling logic. Logic that only feeds a dangling port will be removed. ;
; LD_CC    ; Output ; Info     ; Connected to dangling logic. Logic that only feeds a dangling port will be removed. ;
; LD_REG   ; Output ; Info     ; Connected to dangling logic. Logic that only feeds a dangling port will be removed. ;
; LD_LED   ; Output ; Info     ; Connected to dangling logic. Logic that only feeds a dangling port will be removed. ;
; DRMUX    ; Output ; Info     ; Connected to dangling logic. Logic that only feeds a dangling port will be removed. ;
; SR1MUX   ; Output ; Info     ; Connected to dangling logic. Logic that only feeds a dangling port will be removed. ;
; SR2MUX   ; Output ; Info     ; Connected to dangling logic. Logic that only feeds a dangling port will be removed. ;
; ADDR1MUX ; Output ; Info     ; Connected to dangling logic. Logic that only feeds a dangling port will be removed. ;
; ADDR2MUX ; Output ; Info     ; Connected to dangling logic. Logic that only feeds a dangling port will be removed. ;
; ALUK     ; Output ; Info     ; Connected to dangling logic. Logic that only feeds a dangling port will be removed. ;
+----------+--------+----------+-------------------------------------------------------------------------------------+


+--------------------------------------------------------------+
; Port Connectivity Checks: "slc3:slc|Mem2IO:memory_subsystem" ;
+------+--------+----------+-----------------------------------+
; Port ; Type   ; Severity ; Details                           ;
+------+--------+----------+-----------------------------------+
; HEX0 ; Output ; Info     ; Explicitly unconnected            ;
; HEX1 ; Output ; Info     ; Explicitly unconnected            ;
; HEX2 ; Output ; Info     ; Explicitly unconnected            ;
; HEX3 ; Output ; Info     ; Explicitly unconnected            ;
+------+--------+----------+-----------------------------------+


+-------------------------------------------------------------+
; Port Connectivity Checks: "slc3:slc|PCMUX:pcmux|MUX4:pcmux" ;
+-------+-------+----------+----------------------------------+
; Port  ; Type  ; Severity ; Details                          ;
+-------+-------+----------+----------------------------------+
; In_11 ; Input ; Info     ; Stuck at GND                     ;
+-------+-------+----------+----------------------------------+


+--------------------------------------------------+
; Port Connectivity Checks: "slc3:slc|PCMUX:pcmux" ;
+--------+-------+----------+----------------------+
; Port   ; Type  ; Severity ; Details              ;
+--------+-------+----------+----------------------+
; MARMUX ; Input ; Info     ; Stuck at GND         ;
+--------+-------+----------+----------------------+


+-----------------------------------------------------------+
; Port Connectivity Checks: "slc3:slc|IR0:ir|reg_16:reg_pc" ;
+-------+-------+----------+--------------------------------+
; Port  ; Type  ; Severity ; Details                        ;
+-------+-------+----------+--------------------------------+
; Reset ; Input ; Info     ; Stuck at GND                   ;
+-------+-------+----------+--------------------------------+


+--------------------------------------------------------------+
; Port Connectivity Checks: "slc3:slc|MAR0:mar|reg_16:reg_mar" ;
+-------+-------+----------+-----------------------------------+
; Port  ; Type  ; Severity ; Details                           ;
+-------+-------+----------+-----------------------------------+
; Reset ; Input ; Info     ; Stuck at GND                      ;
+-------+-------+----------+-----------------------------------+


+--------------------------------------------------------------+
; Port Connectivity Checks: "slc3:slc|MDR0:mdr|reg_16:reg_mdr" ;
+-------+-------+----------+-----------------------------------+
; Port  ; Type  ; Severity ; Details                           ;
+-------+-------+----------+-----------------------------------+
; Reset ; Input ; Info     ; Stuck at GND                      ;
+-------+-------+----------+-----------------------------------+


+----------------------------------------------+
; Port Connectivity Checks: "slc3:slc|BUS:bus" ;
+--------+-------+----------+------------------+
; Port   ; Type  ; Severity ; Details          ;
+--------+-------+----------+------------------+
; ALU    ; Input ; Info     ; Stuck at GND     ;
; MARMUX ; Input ; Info     ; Stuck at GND     ;
+--------+-------+----------+------------------+


+------------------------------------------------------------------------------------------------------------------------+
; Port Connectivity Checks: "slc3:slc"                                                                                   ;
+--------------+--------+----------+-------------------------------------------------------------------------------------+
; Port         ; Type   ; Severity ; Details                                                                             ;
+--------------+--------+----------+-------------------------------------------------------------------------------------+
; ADDR[15..10] ; Output ; Info     ; Connected to dangling logic. Logic that only feeds a dangling port will be removed. ;
+--------------+--------+----------+-------------------------------------------------------------------------------------+


+-----------------------------------------------------+
; Post-Synthesis Netlist Statistics for Top Partition ;
+-----------------------+-----------------------------+
; Type                  ; Count                       ;
+-----------------------+-----------------------------+
; boundary_port         ; 115                         ;
; cycloneiii_ff         ; 62                          ;
;     ENA               ; 36                          ;
;     ENA SCLR          ; 16                          ;
;     plain             ; 10                          ;
; cycloneiii_lcell_comb ; 75                          ;
;     arith             ; 15                          ;
;         2 data inputs ; 15                          ;
;     normal            ; 60                          ;
;         0 data inputs ; 2                           ;
;         1 data inputs ; 4                           ;
;         2 data inputs ; 14                          ;
;         3 data inputs ; 6                           ;
;         4 data inputs ; 34                          ;
;                       ;                             ;
; Max LUT depth         ; 4.00                        ;
; Average LUT depth     ; 1.93                        ;
+-----------------------+-----------------------------+


+-------------------------------+
; Elapsed Time Per Partition    ;
+----------------+--------------+
; Partition Name ; Elapsed Time ;
+----------------+--------------+
; Top            ; 00:00:00     ;
+----------------+--------------+


+-------------------------------+
; Analysis & Synthesis Messages ;
+-------------------------------+
Info: *******************************************************************
Info: Running Quartus Prime Analysis & Synthesis
    Info: Version 18.1.0 Build 625 09/12/2018 SJ Lite Edition
    Info: Processing started: Fri Sep 30 10:09:08 2022
Info: Command: quartus_map --read_settings_files=on --write_settings_files=off lab5 -c lab5
Warning (18236): Number of processors has not been specified which may cause overloading on shared machines.  Set the global assignment NUM_PARALLEL_PROCESSORS in your QSF to an appropriate value for best performance.
Info (20030): Parallel compilation is enabled and will use 16 of the 24 processors detected
Info (12021): Found 1 design units, including 1 entities, in source file addr.sv
    Info (12023): Found entity 1: placeholder File: C:/intelFPGA_lite/18.1/ece385/lab5/ADDR.sv Line: 5
Info (12021): Found 1 design units, including 1 entities, in source file test_memory.sv
    Info (12023): Found entity 1: test_memory File: C:/intelFPGA_lite/18.1/ece385/lab5/test_memory.sv Line: 26
Info (12021): Found 3 design units, including 3 entities, in source file synchronizers.sv
    Info (12023): Found entity 1: sync File: C:/intelFPGA_lite/18.1/ece385/lab5/synchronizers.sv Line: 7
    Info (12023): Found entity 2: sync_r0 File: C:/intelFPGA_lite/18.1/ece385/lab5/synchronizers.sv Line: 21
    Info (12023): Found entity 3: sync_r1 File: C:/intelFPGA_lite/18.1/ece385/lab5/synchronizers.sv Line: 42
Info (12021): Found 1 design units, including 1 entities, in source file slc3_testtop.sv
    Info (12023): Found entity 1: slc3_testtop File: C:/intelFPGA_lite/18.1/ece385/lab5/slc3_testtop.sv Line: 4
Info (12021): Found 1 design units, including 1 entities, in source file slc3_sramtop.sv
    Info (12023): Found entity 1: slc3_sramtop File: C:/intelFPGA_lite/18.1/ece385/lab5/slc3_sramtop.sv Line: 5
Info (12021): Found 1 design units, including 0 entities, in source file slc3_2.sv
    Info (12022): Found design unit 1: SLC3_2 (SystemVerilog) File: C:/intelFPGA_lite/18.1/ece385/lab5/SLC3_2.sv Line: 24
Info (12021): Found 1 design units, including 1 entities, in source file slc3.sv
    Info (12023): Found entity 1: slc3 File: C:/intelFPGA_lite/18.1/ece385/lab5/slc3.sv Line: 20
Info (12021): Found 1 design units, including 1 entities, in source file memory_contents.sv
    Info (12023): Found entity 1: memory_parser File: C:/intelFPGA_lite/18.1/ece385/lab5/memory_contents.sv Line: 18
Info (12021): Found 1 design units, including 1 entities, in source file mem2io.sv
    Info (12023): Found entity 1: Mem2IO File: C:/intelFPGA_lite/18.1/ece385/lab5/Mem2IO.sv Line: 16
Info (12021): Found 1 design units, including 1 entities, in source file isdu.sv
    Info (12023): Found entity 1: ISDU File: C:/intelFPGA_lite/18.1/ece385/lab5/ISDU.sv Line: 19
Info (12021): Found 1 design units, including 1 entities, in source file instantiateram.sv
    Info (12023): Found entity 1: Instantiateram File: C:/intelFPGA_lite/18.1/ece385/lab5/Instantiateram.sv Line: 18
Info (12021): Found 1 design units, including 1 entities, in source file ram.v
    Info (12023): Found entity 1: ram File: C:/intelFPGA_lite/18.1/ece385/lab5/ram.v Line: 39
Info (12021): Found 1 design units, including 1 entities, in source file 16_bit_register.sv
    Info (12023): Found entity 1: reg_16 File: C:/intelFPGA_lite/18.1/ece385/lab5/16_bit_register.sv Line: 1
Info (12021): Found 1 design units, including 1 entities, in source file pc.sv
    Info (12023): Found entity 1: PC0 File: C:/intelFPGA_lite/18.1/ece385/lab5/PC.sv Line: 1
Info (12021): Found 1 design units, including 1 entities, in source file mar.sv
    Info (12023): Found entity 1: MAR0 File: C:/intelFPGA_lite/18.1/ece385/lab5/MAR.sv Line: 1
Info (12021): Found 1 design units, including 1 entities, in source file mdr.sv
    Info (12023): Found entity 1: MDR0 File: C:/intelFPGA_lite/18.1/ece385/lab5/MDR.sv Line: 1
Info (12021): Found 3 design units, including 3 entities, in source file allmux.sv
    Info (12023): Found entity 1: MUX2 File: C:/intelFPGA_lite/18.1/ece385/lab5/allMUX.sv Line: 1
    Info (12023): Found entity 2: MUX4 File: C:/intelFPGA_lite/18.1/ece385/lab5/allMUX.sv Line: 13
    Info (12023): Found entity 3: MUX8 File: C:/intelFPGA_lite/18.1/ece385/lab5/allMUX.sv Line: 27
Info (12021): Found 1 design units, including 1 entities, in source file hexdriver.sv
    Info (12023): Found entity 1: HexDriver File: C:/intelFPGA_lite/18.1/ece385/lab5/HexDriver.sv Line: 1
Info (12021): Found 2 design units, including 2 entities, in source file alltopmux.sv
    Info (12023): Found entity 1: PCMUX File: C:/intelFPGA_lite/18.1/ece385/lab5/alltopMUX.sv Line: 1
    Info (12023): Found entity 2: MIOMUX File: C:/intelFPGA_lite/18.1/ece385/lab5/alltopMUX.sv Line: 9
Info (12021): Found 1 design units, including 1 entities, in source file bus.sv
    Info (12023): Found entity 1: BUS File: C:/intelFPGA_lite/18.1/ece385/lab5/BUS.sv Line: 1
Info (12021): Found 1 design units, including 1 entities, in source file ir.sv
    Info (12023): Found entity 1: IR0 File: C:/intelFPGA_lite/18.1/ece385/lab5/IR.sv Line: 1
Info (12021): Found 1 design units, including 1 entities, in source file testbench.sv
    Info (12023): Found entity 1: testbench File: C:/intelFPGA_lite/18.1/ece385/lab5/testbench.sv Line: 1
Info (12127): Elaborating entity "slc3_testtop" for the top level hierarchy
Info (12128): Elaborating entity "sync" for hierarchy "sync:button_sync[0]" File: C:/intelFPGA_lite/18.1/ece385/lab5/slc3_testtop.sv Line: 16
Info (12128): Elaborating entity "slc3" for hierarchy "slc3:slc" File: C:/intelFPGA_lite/18.1/ece385/lab5/slc3_testtop.sv Line: 30
Warning (10036): Verilog HDL or VHDL warning at slc3.sv(50): object "MIO_EN" assigned a value but never read File: C:/intelFPGA_lite/18.1/ece385/lab5/slc3.sv Line: 50
Warning (10030): Net "MARMUX" at slc3.sv(49) has no driver or initial value, using a default initial value '0' File: C:/intelFPGA_lite/18.1/ece385/lab5/slc3.sv Line: 49
Warning (10030): Net "BEN" at slc3.sv(50) has no driver or initial value, using a default initial value '0' File: C:/intelFPGA_lite/18.1/ece385/lab5/slc3.sv Line: 50
Warning (10034): Output port "LED" at slc3.sv(23) has no driver File: C:/intelFPGA_lite/18.1/ece385/lab5/slc3.sv Line: 23
Info (12128): Elaborating entity "HexDriver" for hierarchy "slc3:slc|HexDriver:hex_drivers[0]" File: C:/intelFPGA_lite/18.1/ece385/lab5/slc3.sv Line: 37
Info (12128): Elaborating entity "PC0" for hierarchy "slc3:slc|PC0:pc" File: C:/intelFPGA_lite/18.1/ece385/lab5/slc3.sv Line: 75
Info (12128): Elaborating entity "reg_16" for hierarchy "slc3:slc|PC0:pc|reg_16:reg_pc" File: C:/intelFPGA_lite/18.1/ece385/lab5/PC.sv Line: 6
Info (12128): Elaborating entity "BUS" for hierarchy "slc3:slc|BUS:bus" File: C:/intelFPGA_lite/18.1/ece385/lab5/slc3.sv Line: 77
Info (12128): Elaborating entity "MDR0" for hierarchy "slc3:slc|MDR0:mdr" File: C:/intelFPGA_lite/18.1/ece385/lab5/slc3.sv Line: 79
Info (12128): Elaborating entity "MAR0" for hierarchy "slc3:slc|MAR0:mar" File: C:/intelFPGA_lite/18.1/ece385/lab5/slc3.sv Line: 81
Info (12128): Elaborating entity "IR0" for hierarchy "slc3:slc|IR0:ir" File: C:/intelFPGA_lite/18.1/ece385/lab5/slc3.sv Line: 83
Info (12128): Elaborating entity "PCMUX" for hierarchy "slc3:slc|PCMUX:pcmux" File: C:/intelFPGA_lite/18.1/ece385/lab5/slc3.sv Line: 85
Info (12128): Elaborating entity "MUX4" for hierarchy "slc3:slc|PCMUX:pcmux|MUX4:pcmux" File: C:/intelFPGA_lite/18.1/ece385/lab5/alltopMUX.sv Line: 5
Info (12128): Elaborating entity "Mem2IO" for hierarchy "slc3:slc|Mem2IO:memory_subsystem" File: C:/intelFPGA_lite/18.1/ece385/lab5/slc3.sv Line: 97
Info (12128): Elaborating entity "ISDU" for hierarchy "slc3:slc|ISDU:state_controller" File: C:/intelFPGA_lite/18.1/ece385/lab5/slc3.sv Line: 104
Info (12128): Elaborating entity "test_memory" for hierarchy "test_memory:mem" File: C:/intelFPGA_lite/18.1/ece385/lab5/slc3_testtop.sv Line: 31
Warning (10034): Output port "readout" at test_memory.sv(32) has no driver File: C:/intelFPGA_lite/18.1/ece385/lab5/test_memory.sv Line: 32
Info (12128): Elaborating entity "memory_parser" for hierarchy "test_memory:mem|memory_parser:parser" File: C:/intelFPGA_lite/18.1/ece385/lab5/test_memory.sv Line: 71
Warning (13024): Output pins are stuck at VCC or GND
    Warning (13410): Pin "LED[0]" is stuck at GND File: C:/intelFPGA_lite/18.1/ece385/lab5/slc3_testtop.sv Line: 7
    Warning (13410): Pin "LED[1]" is stuck at GND File: C:/intelFPGA_lite/18.1/ece385/lab5/slc3_testtop.sv Line: 7
    Warning (13410): Pin "LED[2]" is stuck at GND File: C:/intelFPGA_lite/18.1/ece385/lab5/slc3_testtop.sv Line: 7
    Warning (13410): Pin "LED[3]" is stuck at GND File: C:/intelFPGA_lite/18.1/ece385/lab5/slc3_testtop.sv Line: 7
    Warning (13410): Pin "LED[4]" is stuck at GND File: C:/intelFPGA_lite/18.1/ece385/lab5/slc3_testtop.sv Line: 7
    Warning (13410): Pin "LED[5]" is stuck at GND File: C:/intelFPGA_lite/18.1/ece385/lab5/slc3_testtop.sv Line: 7
    Warning (13410): Pin "LED[6]" is stuck at GND File: C:/intelFPGA_lite/18.1/ece385/lab5/slc3_testtop.sv Line: 7
    Warning (13410): Pin "LED[7]" is stuck at GND File: C:/intelFPGA_lite/18.1/ece385/lab5/slc3_testtop.sv Line: 7
    Warning (13410): Pin "LED[8]" is stuck at GND File: C:/intelFPGA_lite/18.1/ece385/lab5/slc3_testtop.sv Line: 7
    Warning (13410): Pin "LED[9]" is stuck at GND File: C:/intelFPGA_lite/18.1/ece385/lab5/slc3_testtop.sv Line: 7
    Warning (13410): Pin "HEX2[1]" is stuck at GND File: C:/intelFPGA_lite/18.1/ece385/lab5/slc3_testtop.sv Line: 8
    Warning (13410): Pin "HEX3[0]" is stuck at GND File: C:/intelFPGA_lite/18.1/ece385/lab5/slc3_testtop.sv Line: 8
    Warning (13410): Pin "HEX3[1]" is stuck at GND File: C:/intelFPGA_lite/18.1/ece385/lab5/slc3_testtop.sv Line: 8
    Warning (13410): Pin "HEX3[2]" is stuck at GND File: C:/intelFPGA_lite/18.1/ece385/lab5/slc3_testtop.sv Line: 8
    Warning (13410): Pin "HEX3[3]" is stuck at GND File: C:/intelFPGA_lite/18.1/ece385/lab5/slc3_testtop.sv Line: 8
    Warning (13410): Pin "HEX3[4]" is stuck at GND File: C:/intelFPGA_lite/18.1/ece385/lab5/slc3_testtop.sv Line: 8
    Warning (13410): Pin "HEX3[5]" is stuck at GND File: C:/intelFPGA_lite/18.1/ece385/lab5/slc3_testtop.sv Line: 8
    Warning (13410): Pin "HEX3[6]" is stuck at VCC File: C:/intelFPGA_lite/18.1/ece385/lab5/slc3_testtop.sv Line: 8
    Warning (13410): Pin "MDR[10]" is stuck at GND File: C:/intelFPGA_lite/18.1/ece385/lab5/slc3_testtop.sv Line: 9
    Warning (13410): Pin "MDR[11]" is stuck at GND File: C:/intelFPGA_lite/18.1/ece385/lab5/slc3_testtop.sv Line: 9
    Warning (13410): Pin "MDR[12]" is stuck at GND File: C:/intelFPGA_lite/18.1/ece385/lab5/slc3_testtop.sv Line: 9
    Warning (13410): Pin "MDR[13]" is stuck at GND File: C:/intelFPGA_lite/18.1/ece385/lab5/slc3_testtop.sv Line: 9
    Warning (13410): Pin "MDR[14]" is stuck at GND File: C:/intelFPGA_lite/18.1/ece385/lab5/slc3_testtop.sv Line: 9
    Warning (13410): Pin "MDR[15]" is stuck at GND File: C:/intelFPGA_lite/18.1/ece385/lab5/slc3_testtop.sv Line: 9
    Warning (13410): Pin "IR[10]" is stuck at GND File: C:/intelFPGA_lite/18.1/ece385/lab5/slc3_testtop.sv Line: 13
    Warning (13410): Pin "IR[11]" is stuck at GND File: C:/intelFPGA_lite/18.1/ece385/lab5/slc3_testtop.sv Line: 13
    Warning (13410): Pin "IR[12]" is stuck at GND File: C:/intelFPGA_lite/18.1/ece385/lab5/slc3_testtop.sv Line: 13
    Warning (13410): Pin "IR[13]" is stuck at GND File: C:/intelFPGA_lite/18.1/ece385/lab5/slc3_testtop.sv Line: 13
    Warning (13410): Pin "IR[14]" is stuck at GND File: C:/intelFPGA_lite/18.1/ece385/lab5/slc3_testtop.sv Line: 13
    Warning (13410): Pin "IR[15]" is stuck at GND File: C:/intelFPGA_lite/18.1/ece385/lab5/slc3_testtop.sv Line: 13
Info (286030): Timing-Driven Synthesis is running
Info (17049): 6 registers lost all their fanouts during netlist optimizations.
Info (144001): Generated suppressed messages file C:/intelFPGA_lite/18.1/ece385/lab5/output_files/lab5.map.smsg
Info (16010): Generating hard_block partition "hard_block:auto_generated_inst"
    Info (16011): Adding 0 node(s), including 0 DDIO, 0 PLL, 0 transceiver and 0 LCELL
Info (21057): Implemented 203 device resources after synthesis - the final resource count might be different
    Info (21058): Implemented 13 input pins
    Info (21059): Implemented 102 output pins
    Info (21061): Implemented 88 logic cells
Info: Quartus Prime Analysis & Synthesis was successful. 0 errors, 37 warnings
    Info: Peak virtual memory: 4840 megabytes
    Info: Processing ended: Fri Sep 30 10:09:16 2022
    Info: Elapsed time: 00:00:08
    Info: Total CPU time (on all processors): 00:00:16


+------------------------------------------+
; Analysis & Synthesis Suppressed Messages ;
+------------------------------------------+
The suppressed messages can be found in C:/intelFPGA_lite/18.1/ece385/lab5/output_files/lab5.map.smsg.


