01:23:40 **** Incremental Build of configuration Nios II for project lab71 ****
make all 
Info: Building ../lab71_bsp/
C:/intelFPGA_lite/18.1/nios2eds/bin/gnu/H-x86_64-mingw32/bin/make --no-print-directory -C ../lab71_bsp/
Compiling alt_alarm_start.c...
nios2-elf-gcc -xc -MP -MMD -c  -I./HAL/inc -I. -I./drivers/inc -pipe -D__hal__ -DALT_NO_INSTRUCTION_EMULATION -DALT_SINGLE_THREADED    -O0 -g -Wall  -mno-hw-div -mno-hw-mul -mno-hw-mulx -mgpopt=global   -o obj/HAL/src/alt_alarm_start.o HAL/src/alt_alarm_start.c
Compiling alt_busy_sleep.c...
nios2-elf-gcc -xc -MP -MMD -c  -I./HAL/inc -I. -I./drivers/inc -pipe -D__hal__ -DALT_NO_INSTRUCTION_EMULATION -DALT_SINGLE_THREADED    -O0 -g -Wall  -mno-hw-div -mno-hw-mul -mno-hw-mulx -mgpopt=global   -o obj/HAL/src/alt_busy_sleep.o HAL/src/alt_busy_sleep.c
Compiling alt_close.c...
nios2-elf-gcc -xc -MP -MMD -c  -I./HAL/inc -I. -I./drivers/inc -pipe -D__hal__ -DALT_NO_INSTRUCTION_EMULATION -DALT_SINGLE_THREADED    -O0 -g -Wall  -mno-hw-div -mno-hw-mul -mno-hw-mulx -mgpopt=global   -o obj/HAL/src/alt_close.o HAL/src/alt_close.c
Compiling alt_dcache_flush.c...
nios2-elf-gcc -xc -MP -MMD -c  -I./HAL/inc -I. -I./drivers/inc -pipe -D__hal__ -DALT_NO_INSTRUCTION_EMULATION -DALT_SINGLE_THREADED    -O0 -g -Wall  -mno-hw-div -mno-hw-mul -mno-hw-mulx -mgpopt=global   -o obj/HAL/src/alt_dcache_flush.o HAL/src/alt_dcache_flush.c
Compiling alt_dcache_flush_all.c...
nios2-elf-gcc -xc -MP -MMD -c  -I./HAL/inc -I. -I./drivers/inc -pipe -D__hal__ -DALT_NO_INSTRUCTION_EMULATION -DALT_SINGLE_THREADED    -O0 -g -Wall  -mno-hw-div -mno-hw-mul -mno-hw-mulx -mgpopt=global   -o obj/HAL/src/alt_dcache_flush_all.o HAL/src/alt_dcache_flush_all.c
Compiling alt_dcache_flush_no_writeback.c...
nios2-elf-gcc -xc -MP -MMD -c  -I./HAL/inc -I. -I./drivers/inc -pipe -D__hal__ -DALT_NO_INSTRUCTION_EMULATION -DALT_SINGLE_THREADED    -O0 -g -Wall  -mno-hw-div -mno-hw-mul -mno-hw-mulx -mgpopt=global   -o obj/HAL/src/alt_dcache_flush_no_writeback.o HAL/src/alt_dcache_flush_no_writeback.c
Compiling alt_dev.c...
nios2-elf-gcc -xc -MP -MMD -c  -I./HAL/inc -I. -I./drivers/inc -pipe -D__hal__ -DALT_NO_INSTRUCTION_EMULATION -DALT_SINGLE_THREADED    -O0 -g -Wall  -mno-hw-div -mno-hw-mul -mno-hw-mulx -mgpopt=global   -o obj/HAL/src/alt_dev.o HAL/src/alt_dev.c
Compiling alt_dma_rxchan_open.c...
nios2-elf-gcc -xc -MP -MMD -c  -I./HAL/inc -I. -I./drivers/inc -pipe -D__hal__ -DALT_NO_INSTRUCTION_EMULATION -DALT_SINGLE_THREADED    -O0 -g -Wall  -mno-hw-div -mno-hw-mul -mno-hw-mulx -mgpopt=global   -o obj/HAL/src/alt_dma_rxchan_open.o HAL/src/alt_dma_rxchan_open.c
Compiling alt_dma_txchan_open.c...
nios2-elf-gcc -xc -MP -MMD -c  -I./HAL/inc -I. -I./drivers/inc -pipe -D__hal__ -DALT_NO_INSTRUCTION_EMULATION -DALT_SINGLE_THREADED    -O0 -g -Wall  -mno-hw-div -mno-hw-mul -mno-hw-mulx -mgpopt=global   -o obj/HAL/src/alt_dma_txchan_open.o HAL/src/alt_dma_txchan_open.c
Compiling alt_ecc_fatal_exception.c...
nios2-elf-gcc -xc -MP -MMD -c  -I./HAL/inc -I. -I./drivers/inc -pipe -D__hal__ -DALT_NO_INSTRUCTION_EMULATION -DALT_SINGLE_THREADED    -O0 -g -Wall  -mno-hw-div -mno-hw-mul -mno-hw-mulx -mgpopt=global   -o obj/HAL/src/alt_ecc_fatal_exception.o HAL/src/alt_ecc_fatal_exception.c
Compiling alt_exception_entry.S...
nios2-elf-gcc -MP -MMD -c   -O0 -g -Wall  -mno-hw-div -mno-hw-mul -mno-hw-mulx -mgpopt=global    -I./HAL/inc -I. -I./drivers/inc -pipe -D__hal__ -DALT_NO_INSTRUCTION_EMULATION -DALT_SINGLE_THREADED  -Wa,-gdwarf2  -o obj/HAL/src/alt_exception_entry.o HAL/src/alt_exception_entry.S
Compiling alt_exit.c...
nios2-elf-gcc -xc -MP -MMD -c  -I./HAL/inc -I. -I./drivers/inc -pipe -D__hal__ -DALT_NO_INSTRUCTION_EMULATION -DALT_SINGLE_THREADED    -O0 -g -Wall  -mno-hw-div -mno-hw-mul -mno-hw-mulx -mgpopt=global   -o obj/HAL/src/alt_exit.o HAL/src/alt_exit.c
Compiling alt_fcntl.c...
nios2-elf-gcc -xc -MP -MMD -c  -I./HAL/inc -I. -I./drivers/inc -pipe -D__hal__ -DALT_NO_INSTRUCTION_EMULATION -DALT_SINGLE_THREADED    -O0 -g -Wall  -mno-hw-div -mno-hw-mul -mno-hw-mulx -mgpopt=global   -o obj/HAL/src/alt_fcntl.o HAL/src/alt_fcntl.c
Compiling alt_fd_lock.c...
nios2-elf-gcc -xc -MP -MMD -c  -I./HAL/inc -I. -I./drivers/inc -pipe -D__hal__ -DALT_NO_INSTRUCTION_EMULATION -DALT_SINGLE_THREADED    -O0 -g -Wall  -mno-hw-div -mno-hw-mul -mno-hw-mulx -mgpopt=global   -o obj/HAL/src/alt_fd_lock.o HAL/src/alt_fd_lock.c
Compiling alt_fd_unlock.c...
nios2-elf-gcc -xc -MP -MMD -c  -I./HAL/inc -I. -I./drivers/inc -pipe -D__hal__ -DALT_NO_INSTRUCTION_EMULATION -DALT_SINGLE_THREADED    -O0 -g -Wall  -mno-hw-div -mno-hw-mul -mno-hw-mulx -mgpopt=global   -o obj/HAL/src/alt_fd_unlock.o HAL/src/alt_fd_unlock.c
Compiling alt_find_dev.c...
nios2-elf-gcc -xc -MP -MMD -c  -I./HAL/inc -I. -I./drivers/inc -pipe -D__hal__ -DALT_NO_INSTRUCTION_EMULATION -DALT_SINGLE_THREADED    -O0 -g -Wall  -mno-hw-div -mno-hw-mul -mno-hw-mulx -mgpopt=global   -o obj/HAL/src/alt_find_dev.o HAL/src/alt_find_dev.c
Compiling alt_find_file.c...
nios2-elf-gcc -xc -MP -MMD -c  -I./HAL/inc -I. -I./drivers/inc -pipe -D__hal__ -DALT_NO_INSTRUCTION_EMULATION -DALT_SINGLE_THREADED    -O0 -g -Wall  -mno-hw-div -mno-hw-mul -mno-hw-mulx -mgpopt=global   -o obj/HAL/src/alt_find_file.o HAL/src/alt_find_file.c
Compiling alt_flash_dev.c...
nios2-elf-gcc -xc -MP -MMD -c  -I./HAL/inc -I. -I./drivers/inc -pipe -D__hal__ -DALT_NO_INSTRUCTION_EMULATION -DALT_SINGLE_THREADED    -O0 -g -Wall  -mno-hw-div -mno-hw-mul -mno-hw-mulx -mgpopt=global   -o obj/HAL/src/alt_flash_dev.o HAL/src/alt_flash_dev.c
Compiling alt_fs_reg.c...
nios2-elf-gcc -xc -MP -MMD -c  -I./HAL/inc -I. -I./drivers/inc -pipe -D__hal__ -DALT_NO_INSTRUCTION_EMULATION -DALT_SINGLE_THREADED    -O0 -g -Wall  -mno-hw-div -mno-hw-mul -mno-hw-mulx -mgpopt=global   -o obj/HAL/src/alt_fs_reg.o HAL/src/alt_fs_reg.c
Compiling alt_fstat.c...
nios2-elf-gcc -xc -MP -MMD -c  -I./HAL/inc -I. -I./drivers/inc -pipe -D__hal__ -DALT_NO_INSTRUCTION_EMULATION -DALT_SINGLE_THREADED    -O0 -g -Wall  -mno-hw-div -mno-hw-mul -mno-hw-mulx -mgpopt=global   -o obj/HAL/src/alt_fstat.o HAL/src/alt_fstat.c
Compiling alt_get_fd.c...
nios2-elf-gcc -xc -MP -MMD -c  -I./HAL/inc -I. -I./drivers/inc -pipe -D__hal__ -DALT_NO_INSTRUCTION_EMULATION -DALT_SINGLE_THREADED    -O0 -g -Wall  -mno-hw-div -mno-hw-mul -mno-hw-mulx -mgpopt=global   -o obj/HAL/src/alt_get_fd.o HAL/src/alt_get_fd.c
Compiling alt_gmon.c...
nios2-elf-gcc -xc -MP -MMD -c  -I./HAL/inc -I. -I./drivers/inc -pipe -D__hal__ -DALT_NO_INSTRUCTION_EMULATION -DALT_SINGLE_THREADED    -O0 -g -Wall  -mno-hw-div -mno-hw-mul -mno-hw-mulx -mgpopt=global   -o obj/HAL/src/alt_gmon.o HAL/src/alt_gmon.c
Compiling alt_icache_flush.c...
nios2-elf-gcc -xc -MP -MMD -c  -I./HAL/inc -I. -I./drivers/inc -pipe -D__hal__ -DALT_NO_INSTRUCTION_EMULATION -DALT_SINGLE_THREADED    -O0 -g -Wall  -mno-hw-div -mno-hw-mul -mno-hw-mulx -mgpopt=global   -o obj/HAL/src/alt_icache_flush.o HAL/src/alt_icache_flush.c
Compiling alt_icache_flush_all.c...
nios2-elf-gcc -xc -MP -MMD -c  -I./HAL/inc -I. -I./drivers/inc -pipe -D__hal__ -DALT_NO_INSTRUCTION_EMULATION -DALT_SINGLE_THREADED    -O0 -g -Wall  -mno-hw-div -mno-hw-mul -mno-hw-mulx -mgpopt=global   -o obj/HAL/src/alt_icache_flush_all.o HAL/src/alt_icache_flush_all.c
Compiling alt_iic.c...
nios2-elf-gcc -xc -MP -MMD -c  -I./HAL/inc -I. -I./drivers/inc -pipe -D__hal__ -DALT_NO_INSTRUCTION_EMULATION -DALT_SINGLE_THREADED    -O0 -g -Wall  -mno-hw-div -mno-hw-mul -mno-hw-mulx -mgpopt=global   -o obj/HAL/src/alt_iic.o HAL/src/alt_iic.c
Compiling alt_iic_isr_register.c...
nios2-elf-gcc -xc -MP -MMD -c  -I./HAL/inc -I. -I./drivers/inc -pipe -D__hal__ -DALT_NO_INSTRUCTION_EMULATION -DALT_SINGLE_THREADED    -O0 -g -Wall  -mno-hw-div -mno-hw-mul -mno-hw-mulx -mgpopt=global   -o obj/HAL/src/alt_iic_isr_register.o HAL/src/alt_iic_isr_register.c
Compiling alt_instruction_exception_entry.c...
nios2-elf-gcc -xc -MP -MMD -c  -I./HAL/inc -I. -I./drivers/inc -pipe -D__hal__ -DALT_NO_INSTRUCTION_EMULATION -DALT_SINGLE_THREADED    -O0 -g -Wall  -mno-hw-div -mno-hw-mul -mno-hw-mulx -mgpopt=global   -o obj/HAL/src/alt_instruction_exception_entry.o HAL/src/alt_instruction_exception_entry.c
Compiling alt_instruction_exception_register.c...
nios2-elf-gcc -xc -MP -MMD -c  -I./HAL/inc -I. -I./drivers/inc -pipe -D__hal__ -DALT_NO_INSTRUCTION_EMULATION -DALT_SINGLE_THREADED    -O0 -g -Wall  -mno-hw-div -mno-hw-mul -mno-hw-mulx -mgpopt=global   -o obj/HAL/src/alt_instruction_exception_register.o HAL/src/alt_instruction_exception_register.c
Compiling alt_io_redirect.c...
nios2-elf-gcc -xc -MP -MMD -c  -I./HAL/inc -I. -I./drivers/inc -pipe -D__hal__ -DALT_NO_INSTRUCTION_EMULATION -DALT_SINGLE_THREADED    -O0 -g -Wall  -mno-hw-div -mno-hw-mul -mno-hw-mulx -mgpopt=global   -o obj/HAL/src/alt_io_redirect.o HAL/src/alt_io_redirect.c
Compiling alt_ioctl.c...
nios2-elf-gcc -xc -MP -MMD -c  -I./HAL/inc -I. -I./drivers/inc -pipe -D__hal__ -DALT_NO_INSTRUCTION_EMULATION -DALT_SINGLE_THREADED    -O0 -g -Wall  -mno-hw-div -mno-hw-mul -mno-hw-mulx -mgpopt=global   -o obj/HAL/src/alt_ioctl.o HAL/src/alt_ioctl.c
Compiling alt_irq_entry.S...
nios2-elf-gcc -MP -MMD -c   -O0 -g -Wall  -mno-hw-div -mno-hw-mul -mno-hw-mulx -mgpopt=global    -I./HAL/inc -I. -I./drivers/inc -pipe -D__hal__ -DALT_NO_INSTRUCTION_EMULATION -DALT_SINGLE_THREADED  -Wa,-gdwarf2  -o obj/HAL/src/alt_irq_entry.o HAL/src/alt_irq_entry.S
Compiling alt_irq_handler.c...
nios2-elf-gcc -xc -MP -MMD -c  -I./HAL/inc -I. -I./drivers/inc -pipe -D__hal__ -DALT_NO_INSTRUCTION_EMULATION -DALT_SINGLE_THREADED    -O0 -g -Wall  -mno-hw-div -mno-hw-mul -mno-hw-mulx -mgpopt=global   -o obj/HAL/src/alt_irq_handler.o HAL/src/alt_irq_handler.c
Compiling alt_irq_register.c...
nios2-elf-gcc -xc -MP -MMD -c  -I./HAL/inc -I. -I./drivers/inc -pipe -D__hal__ -DALT_NO_INSTRUCTION_EMULATION -DALT_SINGLE_THREADED    -O0 -g -Wall  -mno-hw-div -mno-hw-mul -mno-hw-mulx -mgpopt=global   -o obj/HAL/src/alt_irq_register.o HAL/src/alt_irq_register.c
Compiling alt_irq_vars.c...
nios2-elf-gcc -xc -MP -MMD -c  -I./HAL/inc -I. -I./drivers/inc -pipe -D__hal__ -DALT_NO_INSTRUCTION_EMULATION -DALT_SINGLE_THREADED    -O0 -g -Wall  -mno-hw-div -mno-hw-mul -mno-hw-mulx -mgpopt=global   -o obj/HAL/src/alt_irq_vars.o HAL/src/alt_irq_vars.c
Compiling alt_isatty.c...
nios2-elf-gcc -xc -MP -MMD -c  -I./HAL/inc -I. -I./drivers/inc -pipe -D__hal__ -DALT_NO_INSTRUCTION_EMULATION -DALT_SINGLE_THREADED    -O0 -g -Wall  -mno-hw-div -mno-hw-mul -mno-hw-mulx -mgpopt=global   -o obj/HAL/src/alt_isatty.o HAL/src/alt_isatty.c
Compiling alt_lseek.c...
nios2-elf-gcc -xc -MP -MMD -c  -I./HAL/inc -I. -I./drivers/inc -pipe -D__hal__ -DALT_NO_INSTRUCTION_EMULATION -DALT_SINGLE_THREADED    -O0 -g -Wall  -mno-hw-div -mno-hw-mul -mno-hw-mulx -mgpopt=global   -o obj/HAL/src/alt_lseek.o HAL/src/alt_lseek.c
Compiling alt_main.c...
nios2-elf-gcc -xc -MP -MMD -c  -I./HAL/inc -I. -I./drivers/inc -pipe -D__hal__ -DALT_NO_INSTRUCTION_EMULATION -DALT_SINGLE_THREADED    -O0 -g -Wall  -mno-hw-div -mno-hw-mul -mno-hw-mulx -mgpopt=global   -o obj/HAL/src/alt_main.o HAL/src/alt_main.c
Compiling alt_open.c...
nios2-elf-gcc -xc -MP -MMD -c  -I./HAL/inc -I. -I./drivers/inc -pipe -D__hal__ -DALT_NO_INSTRUCTION_EMULATION -DALT_SINGLE_THREADED    -O0 -g -Wall  -mno-hw-div -mno-hw-mul -mno-hw-mulx -mgpopt=global   -o obj/HAL/src/alt_open.o HAL/src/alt_open.c
Compiling alt_read.c...
nios2-elf-gcc -xc -MP -MMD -c  -I./HAL/inc -I. -I./drivers/inc -pipe -D__hal__ -DALT_NO_INSTRUCTION_EMULATION -DALT_SINGLE_THREADED    -O0 -g -Wall  -mno-hw-div -mno-hw-mul -mno-hw-mulx -mgpopt=global   -o obj/HAL/src/alt_read.o HAL/src/alt_read.c
Compiling alt_release_fd.c...
nios2-elf-gcc -xc -MP -MMD -c  -I./HAL/inc -I. -I./drivers/inc -pipe -D__hal__ -DALT_NO_INSTRUCTION_EMULATION -DALT_SINGLE_THREADED    -O0 -g -Wall  -mno-hw-div -mno-hw-mul -mno-hw-mulx -mgpopt=global   -o obj/HAL/src/alt_release_fd.o HAL/src/alt_release_fd.c
Compiling alt_remap_cached.c...
nios2-elf-gcc -xc -MP -MMD -c  -I./HAL/inc -I. -I./drivers/inc -pipe -D__hal__ -DALT_NO_INSTRUCTION_EMULATION -DALT_SINGLE_THREADED    -O0 -g -Wall  -mno-hw-div -mno-hw-mul -mno-hw-mulx -mgpopt=global   -o obj/HAL/src/alt_remap_cached.o HAL/src/alt_remap_cached.c
Compiling alt_remap_uncached.c...
nios2-elf-gcc -xc -MP -MMD -c  -I./HAL/inc -I. -I./drivers/inc -pipe -D__hal__ -DALT_NO_INSTRUCTION_EMULATION -DALT_SINGLE_THREADED    -O0 -g -Wall  -mno-hw-div -mno-hw-mul -mno-hw-mulx -mgpopt=global   -o obj/HAL/src/alt_remap_uncached.o HAL/src/alt_remap_uncached.c
Compiling alt_sbrk.c...
nios2-elf-gcc -xc -MP -MMD -c  -I./HAL/inc -I. -I./drivers/inc -pipe -D__hal__ -DALT_NO_INSTRUCTION_EMULATION -DALT_SINGLE_THREADED    -O0 -g -Wall  -mno-hw-div -mno-hw-mul -mno-hw-mulx -mgpopt=global   -o obj/HAL/src/alt_sbrk.o HAL/src/alt_sbrk.c
Compiling alt_software_exception.S...
nios2-elf-gcc -MP -MMD -c   -O0 -g -Wall  -mno-hw-div -mno-hw-mul -mno-hw-mulx -mgpopt=global    -I./HAL/inc -I. -I./drivers/inc -pipe -D__hal__ -DALT_NO_INSTRUCTION_EMULATION -DALT_SINGLE_THREADED  -Wa,-gdwarf2  -o obj/HAL/src/alt_software_exception.o HAL/src/alt_software_exception.S
Compiling alt_tick.c...
nios2-elf-gcc -xc -MP -MMD -c  -I./HAL/inc -I. -I./drivers/inc -pipe -D__hal__ -DALT_NO_INSTRUCTION_EMULATION -DALT_SINGLE_THREADED    -O0 -g -Wall  -mno-hw-div -mno-hw-mul -mno-hw-mulx -mgpopt=global   -o obj/HAL/src/alt_tick.o HAL/src/alt_tick.c
Compiling alt_uncached_free.c...
nios2-elf-gcc -xc -MP -MMD -c  -I./HAL/inc -I. -I./drivers/inc -pipe -D__hal__ -DALT_NO_INSTRUCTION_EMULATION -DALT_SINGLE_THREADED    -O0 -g -Wall  -mno-hw-div -mno-hw-mul -mno-hw-mulx -mgpopt=global   -o obj/HAL/src/alt_uncached_free.o HAL/src/alt_uncached_free.c
Compiling alt_uncached_malloc.c...
nios2-elf-gcc -xc -MP -MMD -c  -I./HAL/inc -I. -I./drivers/inc -pipe -D__hal__ -DALT_NO_INSTRUCTION_EMULATION -DALT_SINGLE_THREADED    -O0 -g -Wall  -mno-hw-div -mno-hw-mul -mno-hw-mulx -mgpopt=global   -o obj/HAL/src/alt_uncached_malloc.o HAL/src/alt_uncached_malloc.c
Compiling alt_write.c...
nios2-elf-gcc -xc -MP -MMD -c  -I./HAL/inc -I. -I./drivers/inc -pipe -D__hal__ -DALT_NO_INSTRUCTION_EMULATION -DALT_SINGLE_THREADED    -O0 -g -Wall  -mno-hw-div -mno-hw-mul -mno-hw-mulx -mgpopt=global   -o obj/HAL/src/alt_write.o HAL/src/alt_write.c
Compiling altera_nios2_gen2_irq.c...
nios2-elf-gcc -xc -MP -MMD -c  -I./HAL/inc -I. -I./drivers/inc -pipe -D__hal__ -DALT_NO_INSTRUCTION_EMULATION -DALT_SINGLE_THREADED    -O0 -g -Wall  -mno-hw-div -mno-hw-mul -mno-hw-mulx -mgpopt=global   -o obj/HAL/src/altera_nios2_gen2_irq.o HAL/src/altera_nios2_gen2_irq.c
Compiling crt0.S...
nios2-elf-gcc -MP -MMD -c   -O0 -g -Wall  -mno-hw-div -mno-hw-mul -mno-hw-mulx -mgpopt=global    -I./HAL/inc -I. -I./drivers/inc -pipe -D__hal__ -DALT_NO_INSTRUCTION_EMULATION -DALT_SINGLE_THREADED  -Wa,-gdwarf2  -o obj/HAL/src/crt0.o HAL/src/crt0.S
Compiling alt_sys_init.c...
nios2-elf-gcc -xc -MP -MMD -c  -I./HAL/inc -I. -I./drivers/inc -pipe -D__hal__ -DALT_NO_INSTRUCTION_EMULATION -DALT_SINGLE_THREADED    -O0 -g -Wall  -mno-hw-div -mno-hw-mul -mno-hw-mulx -mgpopt=global   -o obj/alt_sys_init.o alt_sys_init.c
Compiling altera_avalon_jtag_uart_fd.c...
nios2-elf-gcc -xc -MP -MMD -c  -I./HAL/inc -I. -I./drivers/inc -pipe -D__hal__ -DALT_NO_INSTRUCTION_EMULATION -DALT_SINGLE_THREADED    -O0 -g -Wall  -mno-hw-div -mno-hw-mul -mno-hw-mulx -mgpopt=global   -o obj/drivers/src/altera_avalon_jtag_uart_fd.o drivers/src/altera_avalon_jtag_uart_fd.c
Compiling altera_avalon_jtag_uart_init.c...
nios2-elf-gcc -xc -MP -MMD -c  -I./HAL/inc -I. -I./drivers/inc -pipe -D__hal__ -DALT_NO_INSTRUCTION_EMULATION -DALT_SINGLE_THREADED    -O0 -g -Wall  -mno-hw-div -mno-hw-mul -mno-hw-mulx -mgpopt=global   -o obj/drivers/src/altera_avalon_jtag_uart_init.o drivers/src/altera_avalon_jtag_uart_init.c
Compiling altera_avalon_jtag_uart_ioctl.c...
nios2-elf-gcc -xc -MP -MMD -c  -I./HAL/inc -I. -I./drivers/inc -pipe -D__hal__ -DALT_NO_INSTRUCTION_EMULATION -DALT_SINGLE_THREADED    -O0 -g -Wall  -mno-hw-div -mno-hw-mul -mno-hw-mulx -mgpopt=global   -o obj/drivers/src/altera_avalon_jtag_uart_ioctl.o drivers/src/altera_avalon_jtag_uart_ioctl.c
Compiling altera_avalon_jtag_uart_read.c...
nios2-elf-gcc -xc -MP -MMD -c  -I./HAL/inc -I. -I./drivers/inc -pipe -D__hal__ -DALT_NO_INSTRUCTION_EMULATION -DALT_SINGLE_THREADED    -O0 -g -Wall  -mno-hw-div -mno-hw-mul -mno-hw-mulx -mgpopt=global   -o obj/drivers/src/altera_avalon_jtag_uart_read.o drivers/src/altera_avalon_jtag_uart_read.c
Compiling altera_avalon_jtag_uart_write.c...
nios2-elf-gcc -xc -MP -MMD -c  -I./HAL/inc -I. -I./drivers/inc -pipe -D__hal__ -DALT_NO_INSTRUCTION_EMULATION -DALT_SINGLE_THREADED    -O0 -g -Wall  -mno-hw-div -mno-hw-mul -mno-hw-mulx -mgpopt=global   -o obj/drivers/src/altera_avalon_jtag_uart_write.o drivers/src/altera_avalon_jtag_uart_write.c
Compiling altera_avalon_sysid_qsys.c...
nios2-elf-gcc -xc -MP -MMD -c  -I./HAL/inc -I. -I./drivers/inc -pipe -D__hal__ -DALT_NO_INSTRUCTION_EMULATION -DALT_SINGLE_THREADED    -O0 -g -Wall  -mno-hw-div -mno-hw-mul -mno-hw-mulx -mgpopt=global   -o obj/drivers/src/altera_avalon_sysid_qsys.o drivers/src/altera_avalon_sysid_qsys.c
Compiling altera_avalon_timer_sc.c...
nios2-elf-gcc -xc -MP -MMD -c  -I./HAL/inc -I. -I./drivers/inc -pipe -D__hal__ -DALT_NO_INSTRUCTION_EMULATION -DALT_SINGLE_THREADED    -O0 -g -Wall  -mno-hw-div -mno-hw-mul -mno-hw-mulx -mgpopt=global   -o obj/drivers/src/altera_avalon_timer_sc.o drivers/src/altera_avalon_timer_sc.c
Compiling altera_avalon_timer_ts.c...
nios2-elf-gcc -xc -MP -MMD -c  -I./HAL/inc -I. -I./drivers/inc -pipe -D__hal__ -DALT_NO_INSTRUCTION_EMULATION -DALT_SINGLE_THREADED    -O0 -g -Wall  -mno-hw-div -mno-hw-mul -mno-hw-mulx -mgpopt=global   -o obj/drivers/src/altera_avalon_timer_ts.o drivers/src/altera_avalon_timer_ts.c
Compiling altera_avalon_timer_vars.c...
nios2-elf-gcc -xc -MP -MMD -c  -I./HAL/inc -I. -I./drivers/inc -pipe -D__hal__ -DALT_NO_INSTRUCTION_EMULATION -DALT_SINGLE_THREADED    -O0 -g -Wall  -mno-hw-div -mno-hw-mul -mno-hw-mulx -mgpopt=global   -o obj/drivers/src/altera_avalon_timer_vars.o drivers/src/altera_avalon_timer_vars.c
Creating libhal_bsp.a...
rm -f -f libhal_bsp.a
nios2-elf-ar -src libhal_bsp.a obj/HAL/src/alt_alarm_start.o obj/HAL/src/alt_busy_sleep.o obj/HAL/src/alt_close.o obj/HAL/src/alt_dcache_flush.o obj/HAL/src/alt_dcache_flush_all.o obj/HAL/src/alt_dcache_flush_no_writeback.o obj/HAL/src/alt_dev.o obj/HAL/src/alt_dev_llist_insert.o obj/HAL/src/alt_dma_rxchan_open.o obj/HAL/src/alt_dma_txchan_open.o obj/HAL/src/alt_do_ctors.o obj/HAL/src/alt_do_dtors.o obj/HAL/src/alt_ecc_fatal_entry.o obj/HAL/src/alt_ecc_fatal_exception.o obj/HAL/src/alt_env_lock.o obj/HAL/src/alt_environ.o obj/HAL/src/alt_errno.o obj/HAL/src/alt_exception_entry.o obj/HAL/src/alt_exception_muldiv.o obj/HAL/src/alt_exception_trap.o obj/HAL/src/alt_execve.o obj/HAL/src/alt_exit.o obj/HAL/src/alt_fcntl.o obj/HAL/src/alt_fd_lock.o obj/HAL/src/alt_fd_unlock.o obj/HAL/src/alt_find_dev.o obj/HAL/src/alt_find_file.o obj/HAL/src/alt_flash_dev.o obj/HAL/src/alt_fork.o obj/HAL/src/alt_fs_reg.o obj/HAL/src/alt_fstat.o obj/HAL/src/alt_get_fd.o obj/HAL/src/alt_getchar.o obj/HAL/src/alt_getpid.o obj/HAL/src/alt_gettod.o obj/HAL/src/alt_gmon.o obj/HAL/src/alt_icache_flush.o obj/HAL/src/alt_icache_flush_all.o obj/HAL/src/alt_iic.o obj/HAL/src/alt_iic_isr_register.o obj/HAL/src/alt_instruction_exception_entry.o obj/HAL/src/alt_instruction_exception_register.o obj/HAL/src/alt_io_redirect.o obj/HAL/src/alt_ioctl.o obj/HAL/src/alt_irq_entry.o obj/HAL/src/alt_irq_handler.o obj/HAL/src/alt_irq_register.o obj/HAL/src/alt_irq_vars.o obj/HAL/src/alt_isatty.o obj/HAL/src/alt_kill.o obj/HAL/src/alt_link.o obj/HAL/src/alt_load.o obj/HAL/src/alt_log_macro.o obj/HAL/src/alt_log_printf.o obj/HAL/src/alt_lseek.o obj/HAL/src/alt_main.o obj/HAL/src/alt_malloc_lock.o obj/HAL/src/alt_mcount.o obj/HAL/src/alt_open.o obj/HAL/src/alt_printf.o obj/HAL/src/alt_putchar.o obj/HAL/src/alt_putcharbuf.o obj/HAL/src/alt_putstr.o obj/HAL/src/alt_read.o obj/HAL/src/alt_release_fd.o obj/HAL/src/alt_remap_cached.o obj/HAL/src/alt_remap_uncached.o obj/HAL/src/alt_rename.o obj/HAL/src/alt_sbrk.o obj/HAL/src/alt_settod.o obj/HAL/src/alt_software_exception.o obj/HAL/src/alt_stat.o obj/HAL/src/alt_tick.o obj/HAL/src/alt_times.o obj/HAL/src/alt_uncached_free.o obj/HAL/src/alt_uncached_malloc.o obj/HAL/src/alt_unlink.o obj/HAL/src/alt_usleep.o obj/HAL/src/alt_wait.o obj/HAL/src/alt_write.o obj/HAL/src/altera_nios2_gen2_irq.o obj/HAL/src/crt0.o obj/alt_sys_init.o obj/drivers/src/altera_avalon_jtag_uart_fd.o obj/drivers/src/altera_avalon_jtag_uart_init.o obj/drivers/src/altera_avalon_jtag_uart_ioctl.o obj/drivers/src/altera_avalon_jtag_uart_read.o obj/drivers/src/altera_avalon_jtag_uart_write.o obj/drivers/src/altera_avalon_spi.o obj/drivers/src/altera_avalon_sysid_qsys.o obj/drivers/src/altera_avalon_timer_sc.o obj/drivers/src/altera_avalon_timer_ts.o obj/drivers/src/altera_avalon_timer_vars.o
[BSP build complete]
Info: Compiling lab71/main.c to obj/default/lab71/main.o
nios2-elf-gcc -xc -MP -MMD -c -I../lab71_bsp//HAL/inc -I../lab71_bsp/ -I../lab71_bsp//drivers/inc  -pipe -D__hal__ -DALT_NO_INSTRUCTION_EMULATION -DALT_SINGLE_THREADED    -O0 -g -Wall   -mno-hw-div -mno-hw-mul -mno-hw-mulx -mgpopt=global  -o obj/default/lab71/main.o lab71/main.c
In file included from lab71/text_mode_vga.h:13:0,
                 from lab71/main.c:2:
../lab71_bsp/system.h:190:41: warning: initialization makes pointer from integer without a cast [-Wint-conversion]
 #define VGA_TEXT_MODE_CONTROLLER_0_BASE 0x8000000
                                         ^
lab71/text_mode_vga.h:36:52: note: in expansion of macro 'VGA_TEXT_MODE_CONTROLLER_0_BASE'
 static volatile struct TEXT_VGA_STRUCT* vga_ctrl = VGA_TEXT_MODE_CONTROLLER_0_BASE;
                                                    ^
In file included from lab71/main.c:2:0:
lab71/text_mode_vga.h:36:41: warning: 'vga_ctrl' defined but not used [-Wunused-variable]
 static volatile struct TEXT_VGA_STRUCT* vga_ctrl = VGA_TEXT_MODE_CONTROLLER_0_BASE;
                                         ^
Info: Compiling lab71/text_mode_vga.c to obj/default/lab71/text_mode_vga.o
nios2-elf-gcc -xc -MP -MMD -c -I../lab71_bsp//HAL/inc -I../lab71_bsp/ -I../lab71_bsp//drivers/inc  -pipe -D__hal__ -DALT_NO_INSTRUCTION_EMULATION -DALT_SINGLE_THREADED    -O0 -g -Wall   -mno-hw-div -mno-hw-mul -mno-hw-mulx -mgpopt=global  -o obj/default/lab71/text_mode_vga.o lab71/text_mode_vga.c
In file included from lab71/text_mode_vga.c:9:0:
../lab71_bsp/system.h:190:41: warning: initialization makes pointer from integer without a cast [-Wint-conversion]
 #define VGA_TEXT_MODE_CONTROLLER_0_BASE 0x8000000
                                         ^
lab71/text_mode_vga.h:36:52: note: in expansion of macro 'VGA_TEXT_MODE_CONTROLLER_0_BASE'
 static volatile struct TEXT_VGA_STRUCT* vga_ctrl = VGA_TEXT_MODE_CONTROLLER_0_BASE;
                                                    ^
lab71/text_mode_vga.c: In function 'textVGATest':
lab71/text_mode_vga.c:56:11: warning: format '%x' expects argument of type 'unsigned int', but argument 3 has type 'alt_u32 {aka long unsigned int}' [-Wformat=]
   printf ("Row: %d, Checksum: %x, Read-back Checksum: %x\n\r", j, checksum[j], readsum[j]);
           ^
lab71/text_mode_vga.c:56:11: warning: format '%x' expects argument of type 'unsigned int', but argument 4 has type 'alt_u32 {aka long unsigned int}' [-Wformat=]
lab71/text_mode_vga.c:56:11: warning: format '%x' expects argument of type 'unsigned int', but argument 3 has type 'alt_u32 {aka long unsigned int}' [-Wformat=]
lab71/text_mode_vga.c:56:11: warning: format '%x' expects argument of type 'unsigned int', but argument 4 has type 'alt_u32 {aka long unsigned int}' [-Wformat=]
lab71/text_mode_vga.c:64:2: warning: implicit declaration of function 'usleep' [-Wimplicit-function-declaration]
  usleep (500000);
  ^
Info: Linking lab71.elf
nios2-elf-g++  -T'../lab71_bsp//linker.x' -msys-crt0='../lab71_bsp//obj/HAL/src/crt0.o' -msys-lib=hal_bsp -L../lab71_bsp/   -Wl,-Map=lab71.map   -O0 -g -Wall   -mno-hw-div -mno-hw-mul -mno-hw-mulx -mgpopt=global  -o lab71.elf obj/default/lab71/main.o obj/default/lab71/text_mode_vga.o -lm -msys-lib=m
nios2-elf-insert lab71.elf --thread_model hal --cpu_name nios2_gen2_0 --qsys true --simulation_enabled false --id 0 --sidp 0x1e0 --timestamp 1666937685 --stderr_dev jtag_uart --stdin_dev jtag_uart --stdout_dev jtag_uart --sopc_system_name lab71_soc --quartus_project_dir "C:/intelFPGA_lite/18.1/ece385/lab71" --jdi ../..//output_files/lab71.jdi --sopcinfo C:/intelFPGA_lite/18.1/ece385/lab71/software/lab71_bsp/../../lab71_soc.sopcinfo
Info: (lab71.elf) 72 KBytes program size (code + initialized data).
Info:             65457 KBytes free for stack + heap.
Info: Creating lab71.objdump
nios2-elf-objdump --disassemble --syms --all-header --source lab71.elf >lab71.objdump
[lab71 build complete]
01:23:51 **** Incremental Build of configuration Nios II for project lab71 ****
make all 
Info: Building ../lab71_bsp/
C:/intelFPGA_lite/18.1/nios2eds/bin/gnu/H-x86_64-mingw32/bin/make --no-print-directory -C ../lab71_bsp/
[BSP build complete]
[lab71 build complete]
01:24:18 **** Incremental Build of configuration Nios II for project lab71 ****
make all 
Info: Building ../lab71_bsp/
C:/intelFPGA_lite/18.1/nios2eds/bin/gnu/H-x86_64-mingw32/bin/make --no-print-directory -C ../lab71_bsp/
[BSP build complete]
[lab71 build complete]
01:28:14 **** Incremental Build of configuration Nios II for project lab71 ****
make all 
Info: Building ../lab71_bsp/
C:/intelFPGA_lite/18.1/nios2eds/bin/gnu/H-x86_64-mingw32/bin/make --no-print-directory -C ../lab71_bsp/
[BSP build complete]
[lab71 build complete]
01:30:56 **** Incremental Build of configuration Nios II for project lab71 ****
make all 
Info: Building ../lab71_bsp/
C:/intelFPGA_lite/18.1/nios2eds/bin/gnu/H-x86_64-mingw32/bin/make --no-print-directory -C ../lab71_bsp/
[BSP build complete]
[lab71 build complete]
11:00:13 **** Incremental Build of configuration Nios II for project lab71 ****
make all 
Info: Building ../lab71_bsp/
C:/intelFPGA_lite/18.1/nios2eds/bin/gnu/H-x86_64-mingw32/bin/make --no-print-directory -C ../lab71_bsp/
[BSP build complete]
[lab71 build complete]
11:10:00 **** Incremental Build of configuration Nios II for project lab71 ****
make all 
Info: Building ../lab71_bsp/
C:/intelFPGA_lite/18.1/nios2eds/bin/gnu/H-x86_64-mingw32/bin/make --no-print-directory -C ../lab71_bsp/
[BSP build complete]
Info: Compiling lab71/text_mode_vga.c to obj/default/lab71/text_mode_vga.o
nios2-elf-gcc -xc -MP -MMD -c -I../lab71_bsp//HAL/inc -I../lab71_bsp/ -I../lab71_bsp//drivers/inc  -pipe -D__hal__ -DALT_NO_INSTRUCTION_EMULATION -DALT_SINGLE_THREADED    -O0 -g -Wall   -mno-hw-div -mno-hw-mul -mno-hw-mulx -mgpopt=global  -o obj/default/lab71/text_mode_vga.o lab71/text_mode_vga.c
In file included from lab71/text_mode_vga.c:9:0:
../lab71_bsp/system.h:190:41: warning: initialization makes pointer from integer without a cast [-Wint-conversion]
 #define VGA_TEXT_MODE_CONTROLLER_0_BASE 0x8000000
                                         ^
lab71/text_mode_vga.h:36:52: note: in expansion of macro 'VGA_TEXT_MODE_CONTROLLER_0_BASE'
 static volatile struct TEXT_VGA_STRUCT* vga_ctrl = VGA_TEXT_MODE_CONTROLLER_0_BASE;
                                                    ^
lab71/text_mode_vga.c: In function 'textVGAClr':
lab71/text_mode_vga.c:27:23: warning: large integer implicitly truncated to unsigned type [-Woverflow]
   vga_ctrl->VRAM[i] = 0x01020304;
                       ^
lab71/text_mode_vga.c: In function 'textVGATest':
lab71/text_mode_vga.c:56:11: warning: format '%x' expects argument of type 'unsigned int', but argument 3 has type 'alt_u32 {aka long unsigned int}' [-Wformat=]
   printf ("Row: %d, Checksum: %x, Read-back Checksum: %x\n\r", j, checksum[j], readsum[j]);
           ^
lab71/text_mode_vga.c:56:11: warning: format '%x' expects argument of type 'unsigned int', but argument 4 has type 'alt_u32 {aka long unsigned int}' [-Wformat=]
lab71/text_mode_vga.c:56:11: warning: format '%x' expects argument of type 'unsigned int', but argument 3 has type 'alt_u32 {aka long unsigned int}' [-Wformat=]
lab71/text_mode_vga.c:56:11: warning: format '%x' expects argument of type 'unsigned int', but argument 4 has type 'alt_u32 {aka long unsigned int}' [-Wformat=]
lab71/text_mode_vga.c:64:2: warning: implicit declaration of function 'usleep' [-Wimplicit-function-declaration]
  usleep (500000);
  ^
Info: Linking lab71.elf
nios2-elf-g++  -T'../lab71_bsp//linker.x' -msys-crt0='../lab71_bsp//obj/HAL/src/crt0.o' -msys-lib=hal_bsp -L../lab71_bsp/   -Wl,-Map=lab71.map   -O0 -g -Wall   -mno-hw-div -mno-hw-mul -mno-hw-mulx -mgpopt=global  -o lab71.elf obj/default/lab71/main.o obj/default/lab71/text_mode_vga.o -lm -msys-lib=m
nios2-elf-insert lab71.elf --thread_model hal --cpu_name nios2_gen2_0 --qsys true --simulation_enabled false --id 0 --sidp 0x1e0 --timestamp 1666937685 --stderr_dev jtag_uart --stdin_dev jtag_uart --stdout_dev jtag_uart --sopc_system_name lab71_soc --quartus_project_dir "C:/intelFPGA_lite/18.1/ece385/lab71" --jdi ../..//output_files/lab71.jdi --sopcinfo C:/intelFPGA_lite/18.1/ece385/lab71/software/lab71_bsp/../../lab71_soc.sopcinfo
Info: (lab71.elf) 72 KBytes program size (code + initialized data).
Info:             65457 KBytes free for stack + heap.
Info: Creating lab71.objdump
nios2-elf-objdump --disassemble --syms --all-header --source lab71.elf >lab71.objdump
[lab71 build complete]
11:10:51 **** Incremental Build of configuration Nios II for project lab71 ****
make all 
Info: Building ../lab71_bsp/
C:/intelFPGA_lite/18.1/nios2eds/bin/gnu/H-x86_64-mingw32/bin/make --no-print-directory -C ../lab71_bsp/
[BSP build complete]
Info: Compiling lab71/text_mode_vga.c to obj/default/lab71/text_mode_vga.o
nios2-elf-gcc -xc -MP -MMD -c -I../lab71_bsp//HAL/inc -I../lab71_bsp/ -I../lab71_bsp//drivers/inc  -pipe -D__hal__ -DALT_NO_INSTRUCTION_EMULATION -DALT_SINGLE_THREADED    -O0 -g -Wall   -mno-hw-div -mno-hw-mul -mno-hw-mulx -mgpopt=global  -o obj/default/lab71/text_mode_vga.o lab71/text_mode_vga.c
In file included from lab71/text_mode_vga.c:9:0:
../lab71_bsp/system.h:190:41: warning: initialization makes pointer from integer without a cast [-Wint-conversion]
 #define VGA_TEXT_MODE_CONTROLLER_0_BASE 0x8000000
                                         ^
lab71/text_mode_vga.h:36:52: note: in expansion of macro 'VGA_TEXT_MODE_CONTROLLER_0_BASE'
 static volatile struct TEXT_VGA_STRUCT* vga_ctrl = VGA_TEXT_MODE_CONTROLLER_0_BASE;
                                                    ^
lab71/text_mode_vga.c: In function 'textVGATest':
lab71/text_mode_vga.c:56:11: warning: format '%x' expects argument of type 'unsigned int', but argument 3 has type 'alt_u32 {aka long unsigned int}' [-Wformat=]
   printf ("Row: %d, Checksum: %x, Read-back Checksum: %x\n\r", j, checksum[j], readsum[j]);
           ^
lab71/text_mode_vga.c:56:11: warning: format '%x' expects argument of type 'unsigned int', but argument 4 has type 'alt_u32 {aka long unsigned int}' [-Wformat=]
lab71/text_mode_vga.c:56:11: warning: format '%x' expects argument of type 'unsigned int', but argument 3 has type 'alt_u32 {aka long unsigned int}' [-Wformat=]
lab71/text_mode_vga.c:56:11: warning: format '%x' expects argument of type 'unsigned int', but argument 4 has type 'alt_u32 {aka long unsigned int}' [-Wformat=]
lab71/text_mode_vga.c:64:2: warning: implicit declaration of function 'usleep' [-Wimplicit-function-declaration]
  usleep (500000);
  ^
Info: Linking lab71.elf
nios2-elf-g++  -T'../lab71_bsp//linker.x' -msys-crt0='../lab71_bsp//obj/HAL/src/crt0.o' -msys-lib=hal_bsp -L../lab71_bsp/   -Wl,-Map=lab71.map   -O0 -g -Wall   -mno-hw-div -mno-hw-mul -mno-hw-mulx -mgpopt=global  -o lab71.elf obj/default/lab71/main.o obj/default/lab71/text_mode_vga.o -lm -msys-lib=m
nios2-elf-insert lab71.elf --thread_model hal --cpu_name nios2_gen2_0 --qsys true --simulation_enabled false --id 0 --sidp 0x1e0 --timestamp 1666937685 --stderr_dev jtag_uart --stdin_dev jtag_uart --stdout_dev jtag_uart --sopc_system_name lab71_soc --quartus_project_dir "C:/intelFPGA_lite/18.1/ece385/lab71" --jdi ../..//output_files/lab71.jdi --sopcinfo C:/intelFPGA_lite/18.1/ece385/lab71/software/lab71_bsp/../../lab71_soc.sopcinfo
Info: (lab71.elf) 72 KBytes program size (code + initialized data).
Info:             65457 KBytes free for stack + heap.
Info: Creating lab71.objdump
nios2-elf-objdump --disassemble --syms --all-header --source lab71.elf >lab71.objdump
[lab71 build complete]
11:12:05 **** Incremental Build of configuration Nios II for project lab71 ****
make all 
Info: Building ../lab71_bsp/
C:/intelFPGA_lite/18.1/nios2eds/bin/gnu/H-x86_64-mingw32/bin/make --no-print-directory -C ../lab71_bsp/
[BSP build complete]
Info: Compiling lab71/text_mode_vga.c to obj/default/lab71/text_mode_vga.o
nios2-elf-gcc -xc -MP -MMD -c -I../lab71_bsp//HAL/inc -I../lab71_bsp/ -I../lab71_bsp//drivers/inc  -pipe -D__hal__ -DALT_NO_INSTRUCTION_EMULATION -DALT_SINGLE_THREADED    -O0 -g -Wall   -mno-hw-div -mno-hw-mul -mno-hw-mulx -mgpopt=global  -o obj/default/lab71/text_mode_vga.o lab71/text_mode_vga.c
In file included from lab71/text_mode_vga.c:9:0:
../lab71_bsp/system.h:190:41: warning: initialization makes pointer from integer without a cast [-Wint-conversion]
 #define VGA_TEXT_MODE_CONTROLLER_0_BASE 0x8000000
                                         ^
lab71/text_mode_vga.h:36:52: note: in expansion of macro 'VGA_TEXT_MODE_CONTROLLER_0_BASE'
 static volatile struct TEXT_VGA_STRUCT* vga_ctrl = VGA_TEXT_MODE_CONTROLLER_0_BASE;
                                                    ^
lab71/text_mode_vga.c: In function 'textVGATest':
lab71/text_mode_vga.c:56:11: warning: format '%x' expects argument of type 'unsigned int', but argument 3 has type 'alt_u32 {aka long unsigned int}' [-Wformat=]
   printf ("Row: %d, Checksum: %x, Read-back Checksum: %x\n\r", j, checksum[j], readsum[j]);
           ^
lab71/text_mode_vga.c:56:11: warning: format '%x' expects argument of type 'unsigned int', but argument 4 has type 'alt_u32 {aka long unsigned int}' [-Wformat=]
lab71/text_mode_vga.c:56:11: warning: format '%x' expects argument of type 'unsigned int', but argument 3 has type 'alt_u32 {aka long unsigned int}' [-Wformat=]
lab71/text_mode_vga.c:56:11: warning: format '%x' expects argument of type 'unsigned int', but argument 4 has type 'alt_u32 {aka long unsigned int}' [-Wformat=]
lab71/text_mode_vga.c:64:2: warning: implicit declaration of function 'usleep' [-Wimplicit-function-declaration]
  usleep (500000);
  ^
Info: Linking lab71.elf
nios2-elf-g++  -T'../lab71_bsp//linker.x' -msys-crt0='../lab71_bsp//obj/HAL/src/crt0.o' -msys-lib=hal_bsp -L../lab71_bsp/   -Wl,-Map=lab71.map   -O0 -g -Wall   -mno-hw-div -mno-hw-mul -mno-hw-mulx -mgpopt=global  -o lab71.elf obj/default/lab71/main.o obj/default/lab71/text_mode_vga.o -lm -msys-lib=m
nios2-elf-insert lab71.elf --thread_model hal --cpu_name nios2_gen2_0 --qsys true --simulation_enabled false --id 0 --sidp 0x1e0 --timestamp 1666937685 --stderr_dev jtag_uart --stdin_dev jtag_uart --stdout_dev jtag_uart --sopc_system_name lab71_soc --quartus_project_dir "C:/intelFPGA_lite/18.1/ece385/lab71" --jdi ../..//output_files/lab71.jdi --sopcinfo C:/intelFPGA_lite/18.1/ece385/lab71/software/lab71_bsp/../../lab71_soc.sopcinfo
Info: (lab71.elf) 72 KBytes program size (code + initialized data).
Info:             65457 KBytes free for stack + heap.
Info: Creating lab71.objdump
nios2-elf-objdump --disassemble --syms --all-header --source lab71.elf >lab71.objdump
[lab71 build complete]
11:12:52 **** Incremental Build of configuration Nios II for project lab71 ****
make all 
Info: Building ../lab71_bsp/
C:/intelFPGA_lite/18.1/nios2eds/bin/gnu/H-x86_64-mingw32/bin/make --no-print-directory -C ../lab71_bsp/
[BSP build complete]
Info: Compiling lab71/text_mode_vga.c to obj/default/lab71/text_mode_vga.o
nios2-elf-gcc -xc -MP -MMD -c -I../lab71_bsp//HAL/inc -I../lab71_bsp/ -I../lab71_bsp//drivers/inc  -pipe -D__hal__ -DALT_NO_INSTRUCTION_EMULATION -DALT_SINGLE_THREADED    -O0 -g -Wall   -mno-hw-div -mno-hw-mul -mno-hw-mulx -mgpopt=global  -o obj/default/lab71/text_mode_vga.o lab71/text_mode_vga.c
In file included from lab71/text_mode_vga.c:9:0:
../lab71_bsp/system.h:190:41: warning: initialization makes pointer from integer without a cast [-Wint-conversion]
 #define VGA_TEXT_MODE_CONTROLLER_0_BASE 0x8000000
                                         ^
lab71/text_mode_vga.h:36:52: note: in expansion of macro 'VGA_TEXT_MODE_CONTROLLER_0_BASE'
 static volatile struct TEXT_VGA_STRUCT* vga_ctrl = VGA_TEXT_MODE_CONTROLLER_0_BASE;
                                                    ^
lab71/text_mode_vga.c: In function 'textVGAClr':
lab71/text_mode_vga.c:27:23: warning: large integer implicitly truncated to unsigned type [-Woverflow]
   vga_ctrl->VRAM[0] = 0x01020304;
                       ^
lab71/text_mode_vga.c: In function 'textVGATest':
lab71/text_mode_vga.c:56:11: warning: format '%x' expects argument of type 'unsigned int', but argument 3 has type 'alt_u32 {aka long unsigned int}' [-Wformat=]
   printf ("Row: %d, Checksum: %x, Read-back Checksum: %x\n\r", j, checksum[j], readsum[j]);
           ^
lab71/text_mode_vga.c:56:11: warning: format '%x' expects argument of type 'unsigned int', but argument 4 has type 'alt_u32 {aka long unsigned int}' [-Wformat=]
lab71/text_mode_vga.c:56:11: warning: format '%x' expects argument of type 'unsigned int', but argument 3 has type 'alt_u32 {aka long unsigned int}' [-Wformat=]
lab71/text_mode_vga.c:56:11: warning: format '%x' expects argument of type 'unsigned int', but argument 4 has type 'alt_u32 {aka long unsigned int}' [-Wformat=]
lab71/text_mode_vga.c:64:2: warning: implicit declaration of function 'usleep' [-Wimplicit-function-declaration]
  usleep (500000);
  ^
Info: Linking lab71.elf
nios2-elf-g++  -T'../lab71_bsp//linker.x' -msys-crt0='../lab71_bsp//obj/HAL/src/crt0.o' -msys-lib=hal_bsp -L../lab71_bsp/   -Wl,-Map=lab71.map   -O0 -g -Wall   -mno-hw-div -mno-hw-mul -mno-hw-mulx -mgpopt=global  -o lab71.elf obj/default/lab71/main.o obj/default/lab71/text_mode_vga.o -lm -msys-lib=m
nios2-elf-insert lab71.elf --thread_model hal --cpu_name nios2_gen2_0 --qsys true --simulation_enabled false --id 0 --sidp 0x1e0 --timestamp 1666937685 --stderr_dev jtag_uart --stdin_dev jtag_uart --stdout_dev jtag_uart --sopc_system_name lab71_soc --quartus_project_dir "C:/intelFPGA_lite/18.1/ece385/lab71" --jdi ../..//output_files/lab71.jdi --sopcinfo C:/intelFPGA_lite/18.1/ece385/lab71/software/lab71_bsp/../../lab71_soc.sopcinfo
Info: (lab71.elf) 72 KBytes program size (code + initialized data).
Info:             65457 KBytes free for stack + heap.
Info: Creating lab71.objdump
nios2-elf-objdump --disassemble --syms --all-header --source lab71.elf >lab71.objdump
[lab71 build complete]
11:15:24 **** Incremental Build of configuration Nios II for project lab71 ****
make all 
Info: Building ../lab71_bsp/
C:/intelFPGA_lite/18.1/nios2eds/bin/gnu/H-x86_64-mingw32/bin/make --no-print-directory -C ../lab71_bsp/
[BSP build complete]
Info: Compiling lab71/text_mode_vga.c to obj/default/lab71/text_mode_vga.o
nios2-elf-gcc -xc -MP -MMD -c -I../lab71_bsp//HAL/inc -I../lab71_bsp/ -I../lab71_bsp//drivers/inc  -pipe -D__hal__ -DALT_NO_INSTRUCTION_EMULATION -DALT_SINGLE_THREADED    -O0 -g -Wall   -mno-hw-div -mno-hw-mul -mno-hw-mulx -mgpopt=global  -o obj/default/lab71/text_mode_vga.o lab71/text_mode_vga.c
In file included from lab71/text_mode_vga.c:9:0:
../lab71_bsp/system.h:190:41: warning: initialization makes pointer from integer without a cast [-Wint-conversion]
 #define VGA_TEXT_MODE_CONTROLLER_0_BASE 0x8000000
                                         ^
lab71/text_mode_vga.h:36:52: note: in expansion of macro 'VGA_TEXT_MODE_CONTROLLER_0_BASE'
 static volatile struct TEXT_VGA_STRUCT* vga_ctrl = VGA_TEXT_MODE_CONTROLLER_0_BASE;
                                                    ^
lab71/text_mode_vga.c: In function 'textVGATest':
lab71/text_mode_vga.c:56:11: warning: format '%x' expects argument of type 'unsigned int', but argument 3 has type 'alt_u32 {aka long unsigned int}' [-Wformat=]
   printf ("Row: %d, Checksum: %x, Read-back Checksum: %x\n\r", j, checksum[j], readsum[j]);
           ^
lab71/text_mode_vga.c:56:11: warning: format '%x' expects argument of type 'unsigned int', but argument 4 has type 'alt_u32 {aka long unsigned int}' [-Wformat=]
lab71/text_mode_vga.c:56:11: warning: format '%x' expects argument of type 'unsigned int', but argument 3 has type 'alt_u32 {aka long unsigned int}' [-Wformat=]
lab71/text_mode_vga.c:56:11: warning: format '%x' expects argument of type 'unsigned int', but argument 4 has type 'alt_u32 {aka long unsigned int}' [-Wformat=]
lab71/text_mode_vga.c:64:2: warning: implicit declaration of function 'usleep' [-Wimplicit-function-declaration]
  usleep (500000);
  ^
Info: Linking lab71.elf
nios2-elf-g++  -T'../lab71_bsp//linker.x' -msys-crt0='../lab71_bsp//obj/HAL/src/crt0.o' -msys-lib=hal_bsp -L../lab71_bsp/   -Wl,-Map=lab71.map   -O0 -g -Wall   -mno-hw-div -mno-hw-mul -mno-hw-mulx -mgpopt=global  -o lab71.elf obj/default/lab71/main.o obj/default/lab71/text_mode_vga.o -lm -msys-lib=m
nios2-elf-insert lab71.elf --thread_model hal --cpu_name nios2_gen2_0 --qsys true --simulation_enabled false --id 0 --sidp 0x1e0 --timestamp 1666937685 --stderr_dev jtag_uart --stdin_dev jtag_uart --stdout_dev jtag_uart --sopc_system_name lab71_soc --quartus_project_dir "C:/intelFPGA_lite/18.1/ece385/lab71" --jdi ../..//output_files/lab71.jdi --sopcinfo C:/intelFPGA_lite/18.1/ece385/lab71/software/lab71_bsp/../../lab71_soc.sopcinfo
Info: (lab71.elf) 72 KBytes program size (code + initialized data).
Info:             65457 KBytes free for stack + heap.
Info: Creating lab71.objdump
nios2-elf-objdump --disassemble --syms --all-header --source lab71.elf >lab71.objdump
[lab71 build complete]
11:22:50 **** Incremental Build of configuration Nios II for project lab71 ****
make all 
Info: Building ../lab71_bsp/
C:/intelFPGA_lite/18.1/nios2eds/bin/gnu/H-x86_64-mingw32/bin/make --no-print-directory -C ../lab71_bsp/
[BSP build complete]
Info: Compiling lab71/text_mode_vga.c to obj/default/lab71/text_mode_vga.o
nios2-elf-gcc -xc -MP -MMD -c -I../lab71_bsp//HAL/inc -I../lab71_bsp/ -I../lab71_bsp//drivers/inc  -pipe -D__hal__ -DALT_NO_INSTRUCTION_EMULATION -DALT_SINGLE_THREADED    -O0 -g -Wall   -mno-hw-div -mno-hw-mul -mno-hw-mulx -mgpopt=global  -o obj/default/lab71/text_mode_vga.o lab71/text_mode_vga.c
In file included from lab71/text_mode_vga.c:9:0:
../lab71_bsp/system.h:190:41: warning: initialization makes pointer from integer without a cast [-Wint-conversion]
 #define VGA_TEXT_MODE_CONTROLLER_0_BASE 0x8000000
                                         ^
lab71/text_mode_vga.h:36:52: note: in expansion of macro 'VGA_TEXT_MODE_CONTROLLER_0_BASE'
 static volatile struct TEXT_VGA_STRUCT* vga_ctrl = VGA_TEXT_MODE_CONTROLLER_0_BASE;
                                                    ^
lab71/text_mode_vga.c: In function 'textVGATest':
lab71/text_mode_vga.c:56:11: warning: format '%x' expects argument of type 'unsigned int', but argument 3 has type 'alt_u32 {aka long unsigned int}' [-Wformat=]
   printf ("Row: %d, Checksum: %x, Read-back Checksum: %x\n\r", j, checksum[j], readsum[j]);
           ^
lab71/text_mode_vga.c:56:11: warning: format '%x' expects argument of type 'unsigned int', but argument 4 has type 'alt_u32 {aka long unsigned int}' [-Wformat=]
lab71/text_mode_vga.c:56:11: warning: format '%x' expects argument of type 'unsigned int', but argument 3 has type 'alt_u32 {aka long unsigned int}' [-Wformat=]
lab71/text_mode_vga.c:56:11: warning: format '%x' expects argument of type 'unsigned int', but argument 4 has type 'alt_u32 {aka long unsigned int}' [-Wformat=]
lab71/text_mode_vga.c:64:2: warning: implicit declaration of function 'usleep' [-Wimplicit-function-declaration]
  usleep (500000);
  ^
Info: Linking lab71.elf
nios2-elf-g++  -T'../lab71_bsp//linker.x' -msys-crt0='../lab71_bsp//obj/HAL/src/crt0.o' -msys-lib=hal_bsp -L../lab71_bsp/   -Wl,-Map=lab71.map   -O0 -g -Wall   -mno-hw-div -mno-hw-mul -mno-hw-mulx -mgpopt=global  -o lab71.elf obj/default/lab71/main.o obj/default/lab71/text_mode_vga.o -lm -msys-lib=m
nios2-elf-insert lab71.elf --thread_model hal --cpu_name nios2_gen2_0 --qsys true --simulation_enabled false --id 0 --sidp 0x1e0 --timestamp 1666937685 --stderr_dev jtag_uart --stdin_dev jtag_uart --stdout_dev jtag_uart --sopc_system_name lab71_soc --quartus_project_dir "C:/intelFPGA_lite/18.1/ece385/lab71" --jdi ../..//output_files/lab71.jdi --sopcinfo C:/intelFPGA_lite/18.1/ece385/lab71/software/lab71_bsp/../../lab71_soc.sopcinfo
Info: (lab71.elf) 72 KBytes program size (code + initialized data).
Info:             65457 KBytes free for stack + heap.
Info: Creating lab71.objdump
nios2-elf-objdump --disassemble --syms --all-header --source lab71.elf >lab71.objdump
[lab71 build complete]
