17:00:16 **** Build of configuration Nios II for project usb_kb ****
make all 
Info: Building ../usb_kb_bsp/
C:/intelFPGA_lite/18.1/nios2eds/bin/gnu/H-x86_64-mingw32/bin/make --no-print-directory -C ../usb_kb_bsp/
[BSP build complete]
Info: Compiling main.c to obj/default/main.o
nios2-elf-gcc -xc -MP -MMD -c -I../usb_kb_bsp//HAL/inc -I../usb_kb_bsp/ -I../usb_kb_bsp//drivers/inc  -pipe -D__hal__ -DALT_NO_INSTRUCTION_EMULATION -DALT_SINGLE_THREADED    -O0 -g -Wall   -mno-hw-div -mno-hw-mul -mno-hw-mulx -mgpopt=global  -o obj/default/main.o main.c
main.c: In function 'main':
main.c:140:7: warning: unused variable 'keycode' [-Wunused-variable]
  WORD keycode;
       ^
Info: Compiling usb_kb/HID.c to obj/default/usb_kb/HID.o
nios2-elf-gcc -xc -MP -MMD -c -I../usb_kb_bsp//HAL/inc -I../usb_kb_bsp/ -I../usb_kb_bsp//drivers/inc  -pipe -D__hal__ -DALT_NO_INSTRUCTION_EMULATION -DALT_SINGLE_THREADED    -O0 -g -Wall   -mno-hw-div -mno-hw-mul -mno-hw-mulx -mgpopt=global  -o obj/default/usb_kb/HID.o usb_kb/HID.c
usb_kb/HID.c:10:1: warning: braces around scalar initializer
 HID_DEVICE hid_device = { { 0 } };
 ^
usb_kb/HID.c:10:1: note: (near initialization for 'hid_device.addr')
Info: Compiling usb_kb/MAX3421E.c to obj/default/usb_kb/MAX3421E.o
nios2-elf-gcc -xc -MP -MMD -c -I../usb_kb_bsp//HAL/inc -I../usb_kb_bsp/ -I../usb_kb_bsp//drivers/inc  -pipe -D__hal__ -DALT_NO_INSTRUCTION_EMULATION -DALT_SINGLE_THREADED    -O0 -g -Wall   -mno-hw-div -mno-hw-mul -mno-hw-mulx -mgpopt=global  -o obj/default/usb_kb/MAX3421E.o usb_kb/MAX3421E.c
usb_kb/MAX3421E.c: In function 'MaxGpxHandler':
usb_kb/MAX3421E.c:237:7: warning: variable 'GPINIRQ' set but not used [-Wunused-but-set-variable]
  BYTE GPINIRQ;
       ^
usb_kb/MAX3421E.c: In function 'SPI_wr':
usb_kb/MAX3421E.c:28:1: warning: control reaches end of non-void function [-Wreturn-type]
 }
 ^
Info: Compiling usb_kb/transfer.c to obj/default/usb_kb/transfer.o
nios2-elf-gcc -xc -MP -MMD -c -I../usb_kb_bsp//HAL/inc -I../usb_kb_bsp/ -I../usb_kb_bsp//drivers/inc  -pipe -D__hal__ -DALT_NO_INSTRUCTION_EMULATION -DALT_SINGLE_THREADED    -O0 -g -Wall   -mno-hw-div -mno-hw-mul -mno-hw-mulx -mgpopt=global  -o obj/default/usb_kb/transfer.o usb_kb/transfer.c
usb_kb/transfer.c:9:1: warning: braces around scalar initializer
 EP_RECORD dev0ep = {{ 0 }};         //Endpoint data structure for uninitialized device during enumeration
 ^
usb_kb/transfer.c:9:1: note: (near initialization for 'dev0ep.epAddr')
usb_kb/transfer.c: In function 'XferInTransfer':
usb_kb/transfer.c:195:7: warning: unused variable 'tmpbyte' [-Wunused-variable]
  BYTE tmpbyte;
       ^
usb_kb/transfer.c:194:7: warning: unused variable 'i' [-Wunused-variable]
  BYTE i;
       ^
usb_kb/transfer.c: In function 'USB_Task':
usb_kb/transfer.c:316:20: warning: implicit declaration of function 'printf' [-Wimplicit-function-declaration]
                    printf ("Mfgr string(%i): %s\n", buf.iManufacturer, ConvUTF8ToStr(strDesc.bString, (strDesc.bLength>>1)-1));
                    ^
usb_kb/transfer.c:316:20: warning: incompatible implicit declaration of built-in function 'printf'
usb_kb/transfer.c:316:20: note: include '<stdio.h>' or provide a declaration of 'printf'
usb_kb/transfer.c:323:20: warning: incompatible implicit declaration of built-in function 'printf'
                    printf ("Product string(%i): %s\n", buf.iProduct, ConvUTF8ToStr(strDesc.bString, (strDesc.bLength>>1)-1));
                    ^
usb_kb/transfer.c:323:20: note: include '<stdio.h>' or provide a declaration of 'printf'
Info: Linking usb_kb.elf
nios2-elf-g++  -T'../usb_kb_bsp//linker.x' -msys-crt0='../usb_kb_bsp//obj/HAL/src/crt0.o' -msys-lib=hal_bsp -L../usb_kb_bsp/   -Wl,-Map=usb_kb.map   -O0 -g -Wall   -mno-hw-div -mno-hw-mul -mno-hw-mulx -mgpopt=global  -o usb_kb.elf obj/default/main.o obj/default/usb_kb/HID.o obj/default/usb_kb/MAX3421E.o obj/default/usb_kb/transfer.o -lm -msys-lib=m
nios2-elf-insert usb_kb.elf --thread_model hal --cpu_name nios2_gen2_0 --qsys true --simulation_enabled false --id 0 --sidp 0x1d8 --timestamp 1666324359 --stderr_dev jtag_uart --stdin_dev jtag_uart --stdout_dev jtag_uart --sopc_system_name lab62_soc --quartus_project_dir "C:/intelFPGA_lite/18.1/ece385/lab62/workspace" --jdi ../..//output_files/lab62.jdi --sopcinfo C:/intelFPGA_lite/18.1/ece385/lab62/workspace/software/usb_kb_bsp/../../lab62_soc.sopcinfo
Info: (usb_kb.elf) 83 KBytes program size (code + initialized data).
Info:              65446 KBytes free for stack + heap.
Info: Creating usb_kb.objdump
nios2-elf-objdump --disassemble --syms --all-header --source usb_kb.elf >usb_kb.objdump
[usb_kb build complete]
17:00:28 **** Incremental Build of configuration Nios II for project usb_kb ****
make all 
Info: Building ../usb_kb_bsp/
C:/intelFPGA_lite/18.1/nios2eds/bin/gnu/H-x86_64-mingw32/bin/make --no-print-directory -C ../usb_kb_bsp/
[BSP build complete]
[usb_kb build complete]
17:05:30 **** Incremental Build of configuration Nios II for project usb_kb ****
make all 
Info: Building ../usb_kb_bsp/
C:/intelFPGA_lite/18.1/nios2eds/bin/gnu/H-x86_64-mingw32/bin/make --no-print-directory -C ../usb_kb_bsp/
[BSP build complete]
[usb_kb build complete]
