Analysis & Synthesis report for ECE385Lab5
Mon Mar 21 23:01:16 2022
Quartus Prime Version 18.1.0 Build 625 09/12/2018 SJ Lite Edition


---------------------
; Table of Contents ;
---------------------
  1. Legal Notice
  2. Analysis & Synthesis Summary
  3. Analysis & Synthesis Settings
  4. Parallel Compilation
  5. Analysis & Synthesis Source Files Read
  6. Analysis & Synthesis Resource Usage Summary
  7. Analysis & Synthesis Resource Utilization by Entity
  8. State Machine - |slc3_testtop|slc3:slc|ISDU:state_controller|State
  9. Registers Removed During Synthesis
 10. General Register Statistics
 11. Multiplexer Restructuring Statistics (Restructuring Performed)
 12. Parameter Settings for User Entity Instance: test_memory:mem
 13. Parameter Settings for User Entity Instance: test_memory:mem|memory_parser:parser
 14. Port Connectivity Checks: "slc3:slc|datapath:d0|IR_:ir|reg_16:ir_reg"
 15. Port Connectivity Checks: "slc3:slc|datapath:d0|MAR_:mar|reg_16:mar_reg"
 16. Port Connectivity Checks: "slc3:slc|datapath:d0|MDR_:mdr|reg_16:mdr_reg"
 17. Port Connectivity Checks: "slc3:slc|datapath:d0|PCMUX_:pcmux|MUX_41:pcmux"
 18. Port Connectivity Checks: "slc3:slc|datapath:d0|REGFILE_:regfile"
 19. Port Connectivity Checks: "slc3:slc"
 20. Post-Synthesis Netlist Statistics for Top Partition
 21. Elapsed Time Per Partition
 22. Analysis & Synthesis Messages
 23. Analysis & Synthesis Suppressed Messages



----------------
; Legal Notice ;
----------------
Copyright (C) 2018  Intel Corporation. All rights reserved.
Your use of Intel Corporation's design tools, logic functions 
and other software and tools, and its AMPP partner logic 
functions, and any output files from any of the foregoing 
(including device programming or simulation files), and any 
associated documentation or information are expressly subject 
to the terms and conditions of the Intel Program License 
Subscription Agreement, the Intel Quartus Prime License Agreement,
the Intel FPGA IP License Agreement, or other applicable license
agreement, including, without limitation, that your use is for
the sole purpose of programming logic devices manufactured by
Intel and sold by Intel or its authorized distributors.  Please
refer to the applicable agreement for further details.



+----------------------------------------------------------------------------------+
; Analysis & Synthesis Summary                                                     ;
+------------------------------------+---------------------------------------------+
; Analysis & Synthesis Status        ; Successful - Mon Mar 21 23:01:16 2022       ;
; Quartus Prime Version              ; 18.1.0 Build 625 09/12/2018 SJ Lite Edition ;
; Revision Name                      ; ECE385Lab5                                  ;
; Top-level Entity Name              ; slc3_testtop                                ;
; Family                             ; MAX 10                                      ;
; Total logic elements               ; 646                                         ;
;     Total combinational functions  ; 499                                         ;
;     Dedicated logic registers      ; 252                                         ;
; Total registers                    ; 252                                         ;
; Total pins                         ; 148                                         ;
; Total virtual pins                 ; 0                                           ;
; Total memory bits                  ; 0                                           ;
; Embedded Multiplier 9-bit elements ; 0                                           ;
; Total PLLs                         ; 0                                           ;
; UFM blocks                         ; 0                                           ;
; ADC blocks                         ; 0                                           ;
+------------------------------------+---------------------------------------------+


+------------------------------------------------------------------------------------------------------------+
; Analysis & Synthesis Settings                                                                              ;
+------------------------------------------------------------------+--------------------+--------------------+
; Option                                                           ; Setting            ; Default Value      ;
+------------------------------------------------------------------+--------------------+--------------------+
; Device                                                           ; 10M50DAF484C7G     ;                    ;
; Top-level entity name                                            ; slc3_testtop       ; ECE385Lab5         ;
; Family name                                                      ; MAX 10             ; Cyclone V          ;
; Use smart compilation                                            ; Off                ; Off                ;
; Enable parallel Assembler and Timing Analyzer during compilation ; On                 ; On                 ;
; Enable compact report table                                      ; Off                ; Off                ;
; Restructure Multiplexers                                         ; Auto               ; Auto               ;
; Create Debugging Nodes for IP Cores                              ; Off                ; Off                ;
; Preserve fewer node names                                        ; On                 ; On                 ;
; Intel FPGA IP Evaluation Mode                                    ; Enable             ; Enable             ;
; Verilog Version                                                  ; Verilog_2001       ; Verilog_2001       ;
; VHDL Version                                                     ; VHDL_1993          ; VHDL_1993          ;
; State Machine Processing                                         ; Auto               ; Auto               ;
; Safe State Machine                                               ; Off                ; Off                ;
; Extract Verilog State Machines                                   ; On                 ; On                 ;
; Extract VHDL State Machines                                      ; On                 ; On                 ;
; Ignore Verilog initial constructs                                ; Off                ; Off                ;
; Iteration limit for constant Verilog loops                       ; 5000               ; 5000               ;
; Iteration limit for non-constant Verilog loops                   ; 250                ; 250                ;
; Add Pass-Through Logic to Inferred RAMs                          ; On                 ; On                 ;
; Infer RAMs from Raw Logic                                        ; On                 ; On                 ;
; Parallel Synthesis                                               ; On                 ; On                 ;
; DSP Block Balancing                                              ; Auto               ; Auto               ;
; NOT Gate Push-Back                                               ; On                 ; On                 ;
; Power-Up Don't Care                                              ; On                 ; On                 ;
; Remove Redundant Logic Cells                                     ; Off                ; Off                ;
; Remove Duplicate Registers                                       ; On                 ; On                 ;
; Ignore CARRY Buffers                                             ; Off                ; Off                ;
; Ignore CASCADE Buffers                                           ; Off                ; Off                ;
; Ignore GLOBAL Buffers                                            ; Off                ; Off                ;
; Ignore ROW GLOBAL Buffers                                        ; Off                ; Off                ;
; Ignore LCELL Buffers                                             ; Off                ; Off                ;
; Ignore SOFT Buffers                                              ; On                 ; On                 ;
; Limit AHDL Integers to 32 Bits                                   ; Off                ; Off                ;
; Optimization Technique                                           ; Balanced           ; Balanced           ;
; Carry Chain Length                                               ; 70                 ; 70                 ;
; Auto Carry Chains                                                ; On                 ; On                 ;
; Auto Open-Drain Pins                                             ; On                 ; On                 ;
; Perform WYSIWYG Primitive Resynthesis                            ; Off                ; Off                ;
; Auto ROM Replacement                                             ; On                 ; On                 ;
; Auto RAM Replacement                                             ; On                 ; On                 ;
; Auto DSP Block Replacement                                       ; On                 ; On                 ;
; Auto Shift Register Replacement                                  ; Auto               ; Auto               ;
; Allow Shift Register Merging across Hierarchies                  ; Auto               ; Auto               ;
; Auto Clock Enable Replacement                                    ; On                 ; On                 ;
; Strict RAM Replacement                                           ; Off                ; Off                ;
; Allow Synchronous Control Signals                                ; On                 ; On                 ;
; Force Use of Synchronous Clear Signals                           ; Off                ; Off                ;
; Auto RAM Block Balancing                                         ; On                 ; On                 ;
; Auto RAM to Logic Cell Conversion                                ; Off                ; Off                ;
; Auto Resource Sharing                                            ; Off                ; Off                ;
; Allow Any RAM Size For Recognition                               ; Off                ; Off                ;
; Allow Any ROM Size For Recognition                               ; Off                ; Off                ;
; Allow Any Shift Register Size For Recognition                    ; Off                ; Off                ;
; Use LogicLock Constraints during Resource Balancing              ; On                 ; On                 ;
; Ignore translate_off and synthesis_off directives                ; Off                ; Off                ;
; Timing-Driven Synthesis                                          ; On                 ; On                 ;
; Report Parameter Settings                                        ; On                 ; On                 ;
; Report Source Assignments                                        ; On                 ; On                 ;
; Report Connectivity Checks                                       ; On                 ; On                 ;
; Ignore Maximum Fan-Out Assignments                               ; Off                ; Off                ;
; Synchronization Register Chain Length                            ; 2                  ; 2                  ;
; Power Optimization During Synthesis                              ; Normal compilation ; Normal compilation ;
; HDL message level                                                ; Level2             ; Level2             ;
; Suppress Register Optimization Related Messages                  ; Off                ; Off                ;
; Number of Removed Registers Reported in Synthesis Report         ; 5000               ; 5000               ;
; Number of Swept Nodes Reported in Synthesis Report               ; 5000               ; 5000               ;
; Number of Inverted Registers Reported in Synthesis Report        ; 100                ; 100                ;
; Clock MUX Protection                                             ; On                 ; On                 ;
; Auto Gated Clock Conversion                                      ; Off                ; Off                ;
; Block Design Naming                                              ; Auto               ; Auto               ;
; SDC constraint protection                                        ; Off                ; Off                ;
; Synthesis Effort                                                 ; Auto               ; Auto               ;
; Shift Register Replacement - Allow Asynchronous Clear Signal     ; On                 ; On                 ;
; Pre-Mapping Resynthesis Optimization                             ; Off                ; Off                ;
; Analysis & Synthesis Message Level                               ; Medium             ; Medium             ;
; Disable Register Merging Across Hierarchies                      ; Auto               ; Auto               ;
; Resource Aware Inference For Block RAM                           ; On                 ; On                 ;
+------------------------------------------------------------------+--------------------+--------------------+


+------------------------------------------+
; Parallel Compilation                     ;
+----------------------------+-------------+
; Processors                 ; Number      ;
+----------------------------+-------------+
; Number detected on machine ; 8           ;
; Maximum allowed            ; 4           ;
;                            ;             ;
; Average used               ; 1.00        ;
; Maximum used               ; 4           ;
;                            ;             ;
; Usage by Processor         ; % Time Used ;
;     Processor 1            ; 100.0%      ;
;     Processor 2            ;   0.1%      ;
;     Processors 3-4         ;   0.0%      ;
+----------------------------+-------------+


+-------------------------------------------------------------------------------------------------------------------------------------------------------------------------+
; Analysis & Synthesis Source Files Read                                                                                                                                  ;
+----------------------------------+-----------------+------------------------------+---------------------------------------------------------------------------+---------+
; File Name with User-Entered Path ; Used in Netlist ; File Type                    ; File Name with Absolute Path                                              ; Library ;
+----------------------------------+-----------------+------------------------------+---------------------------------------------------------------------------+---------+
; files/ISDU.sv                    ; yes             ; User SystemVerilog HDL File  ; D:/UIUC/2022 Spring/ECE 385/Labs/Lab 5/Workspace/files/ISDU.sv            ;         ;
; files/BEN_.sv                    ; yes             ; User SystemVerilog HDL File  ; D:/UIUC/2022 Spring/ECE 385/Labs/Lab 5/Workspace/files/BEN_.sv            ;         ;
; files/ALU_.sv                    ; yes             ; User SystemVerilog HDL File  ; D:/UIUC/2022 Spring/ECE 385/Labs/Lab 5/Workspace/files/ALU_.sv            ;         ;
; files/HexDriver.sv               ; yes             ; User SystemVerilog HDL File  ; D:/UIUC/2022 Spring/ECE 385/Labs/Lab 5/Workspace/files/HexDriver.sv       ;         ;
; files/PC_.sv                     ; yes             ; User SystemVerilog HDL File  ; D:/UIUC/2022 Spring/ECE 385/Labs/Lab 5/Workspace/files/PC_.sv             ;         ;
; files/MDR_.sv                    ; yes             ; User SystemVerilog HDL File  ; D:/UIUC/2022 Spring/ECE 385/Labs/Lab 5/Workspace/files/MDR_.sv            ;         ;
; files/MAR_.sv                    ; yes             ; User SystemVerilog HDL File  ; D:/UIUC/2022 Spring/ECE 385/Labs/Lab 5/Workspace/files/MAR_.sv            ;         ;
; files/IR_.sv                     ; yes             ; User SystemVerilog HDL File  ; D:/UIUC/2022 Spring/ECE 385/Labs/Lab 5/Workspace/files/IR_.sv             ;         ;
; files/Reg_16.sv                  ; yes             ; User SystemVerilog HDL File  ; D:/UIUC/2022 Spring/ECE 385/Labs/Lab 5/Workspace/files/Reg_16.sv          ;         ;
; files/test_memory.sv             ; yes             ; User SystemVerilog HDL File  ; D:/UIUC/2022 Spring/ECE 385/Labs/Lab 5/Workspace/files/test_memory.sv     ;         ;
; files/synchronizers.sv           ; yes             ; User SystemVerilog HDL File  ; D:/UIUC/2022 Spring/ECE 385/Labs/Lab 5/Workspace/files/synchronizers.sv   ;         ;
; files/slc3_testtop.sv            ; yes             ; User SystemVerilog HDL File  ; D:/UIUC/2022 Spring/ECE 385/Labs/Lab 5/Workspace/files/slc3_testtop.sv    ;         ;
; files/SLC3_2.sv                  ; yes             ; User SystemVerilog HDL File  ; D:/UIUC/2022 Spring/ECE 385/Labs/Lab 5/Workspace/files/SLC3_2.sv          ;         ;
; files/slc3.sv                    ; yes             ; User SystemVerilog HDL File  ; D:/UIUC/2022 Spring/ECE 385/Labs/Lab 5/Workspace/files/slc3.sv            ;         ;
; files/memory_contents.sv         ; yes             ; User SystemVerilog HDL File  ; D:/UIUC/2022 Spring/ECE 385/Labs/Lab 5/Workspace/files/memory_contents.sv ;         ;
; files/Mem2IO.sv                  ; yes             ; User SystemVerilog HDL File  ; D:/UIUC/2022 Spring/ECE 385/Labs/Lab 5/Workspace/files/Mem2IO.sv          ;         ;
; files/MUX_41.sv                  ; yes             ; User SystemVerilog HDL File  ; D:/UIUC/2022 Spring/ECE 385/Labs/Lab 5/Workspace/files/MUX_41.sv          ;         ;
; files/MUX_21.sv                  ; yes             ; User SystemVerilog HDL File  ; D:/UIUC/2022 Spring/ECE 385/Labs/Lab 5/Workspace/files/MUX_21.sv          ;         ;
; files/PCMUX_.sv                  ; yes             ; User SystemVerilog HDL File  ; D:/UIUC/2022 Spring/ECE 385/Labs/Lab 5/Workspace/files/PCMUX_.sv          ;         ;
; files/BUS_.sv                    ; yes             ; User SystemVerilog HDL File  ; D:/UIUC/2022 Spring/ECE 385/Labs/Lab 5/Workspace/files/BUS_.sv            ;         ;
; files/DRMUX_.sv                  ; yes             ; User SystemVerilog HDL File  ; D:/UIUC/2022 Spring/ECE 385/Labs/Lab 5/Workspace/files/DRMUX_.sv          ;         ;
; files/REGFILE_.sv                ; yes             ; User SystemVerilog HDL File  ; D:/UIUC/2022 Spring/ECE 385/Labs/Lab 5/Workspace/files/REGFILE_.sv        ;         ;
; files/ADDR_ADDER_.sv             ; yes             ; User SystemVerilog HDL File  ; D:/UIUC/2022 Spring/ECE 385/Labs/Lab 5/Workspace/files/ADDR_ADDER_.sv     ;         ;
; files/datapath.sv                ; yes             ; User SystemVerilog HDL File  ; D:/UIUC/2022 Spring/ECE 385/Labs/Lab 5/Workspace/files/datapath.sv        ;         ;
; files/SR1MUX_.sv                 ; yes             ; User SystemVerilog HDL File  ; D:/UIUC/2022 Spring/ECE 385/Labs/Lab 5/Workspace/files/SR1MUX_.sv         ;         ;
; files/DECODER_.sv                ; yes             ; User SystemVerilog HDL File  ; D:/UIUC/2022 Spring/ECE 385/Labs/Lab 5/Workspace/files/DECODER_.sv        ;         ;
; files/MUX_81.sv                  ; yes             ; User SystemVerilog HDL File  ; D:/UIUC/2022 Spring/ECE 385/Labs/Lab 5/Workspace/files/MUX_81.sv          ;         ;
+----------------------------------+-----------------+------------------------------+---------------------------------------------------------------------------+---------+


+---------------------------------------------------------+
; Analysis & Synthesis Resource Usage Summary             ;
+---------------------------------------------+-----------+
; Resource                                    ; Usage     ;
+---------------------------------------------+-----------+
; Estimated Total logic elements              ; 646       ;
;                                             ;           ;
; Total combinational functions               ; 499       ;
; Logic element usage by number of LUT inputs ;           ;
;     -- 4 input functions                    ; 329       ;
;     -- 3 input functions                    ; 144       ;
;     -- <=2 input functions                  ; 26        ;
;                                             ;           ;
; Logic elements by mode                      ;           ;
;     -- normal mode                          ; 454       ;
;     -- arithmetic mode                      ; 45        ;
;                                             ;           ;
; Total registers                             ; 252       ;
;     -- Dedicated logic registers            ; 252       ;
;     -- I/O registers                        ; 0         ;
;                                             ;           ;
; I/O pins                                    ; 148       ;
;                                             ;           ;
; Embedded Multiplier 9-bit elements          ; 0         ;
;                                             ;           ;
; Maximum fan-out node                        ; Clk~input ;
; Maximum fan-out                             ; 252       ;
; Total fan-out                               ; 2832      ;
; Average fan-out                             ; 2.70      ;
+---------------------------------------------+-----------+


+---------------------------------------------------------------------------------------------------------------------------------------------------------------------------------------------------------------------------------------------------------------------------------------------+
; Analysis & Synthesis Resource Utilization by Entity                                                                                                                                                                                                                                         ;
+-----------------------------------+---------------------+---------------------------+-------------+------------+--------------+---------+-----------+------+--------------+------------+----------------------------------------------------------------------+--------------+--------------+
; Compilation Hierarchy Node        ; Combinational ALUTs ; Dedicated Logic Registers ; Memory Bits ; UFM Blocks ; DSP Elements ; DSP 9x9 ; DSP 18x18 ; Pins ; Virtual Pins ; ADC blocks ; Full Hierarchy Name                                                  ; Entity Name  ; Library Name ;
+-----------------------------------+---------------------+---------------------------+-------------+------------+--------------+---------+-----------+------+--------------+------------+----------------------------------------------------------------------+--------------+--------------+
; |slc3_testtop                     ; 499 (1)             ; 252 (0)                   ; 0           ; 0          ; 0            ; 0       ; 0         ; 148  ; 0            ; 0          ; |slc3_testtop                                                        ; slc3_testtop ; work         ;
;    |slc3:slc|                     ; 498 (0)             ; 250 (0)                   ; 0           ; 0          ; 0            ; 0       ; 0         ; 0    ; 0            ; 0          ; |slc3_testtop|slc3:slc                                               ; slc3         ; work         ;
;       |HexDriver:hex_drivers[0]|  ; 7 (7)               ; 0 (0)                     ; 0           ; 0          ; 0            ; 0       ; 0         ; 0    ; 0            ; 0          ; |slc3_testtop|slc3:slc|HexDriver:hex_drivers[0]                      ; HexDriver    ; work         ;
;       |HexDriver:hex_drivers[1]|  ; 7 (7)               ; 0 (0)                     ; 0           ; 0          ; 0            ; 0       ; 0         ; 0    ; 0            ; 0          ; |slc3_testtop|slc3:slc|HexDriver:hex_drivers[1]                      ; HexDriver    ; work         ;
;       |HexDriver:hex_drivers[2]|  ; 7 (7)               ; 0 (0)                     ; 0           ; 0          ; 0            ; 0       ; 0         ; 0    ; 0            ; 0          ; |slc3_testtop|slc3:slc|HexDriver:hex_drivers[2]                      ; HexDriver    ; work         ;
;       |HexDriver:hex_drivers[3]|  ; 7 (7)               ; 0 (0)                     ; 0           ; 0          ; 0            ; 0       ; 0         ; 0    ; 0            ; 0          ; |slc3_testtop|slc3:slc|HexDriver:hex_drivers[3]                      ; HexDriver    ; work         ;
;       |ISDU:state_controller|     ; 47 (47)             ; 28 (28)                   ; 0           ; 0          ; 0            ; 0       ; 0         ; 0    ; 0            ; 0          ; |slc3_testtop|slc3:slc|ISDU:state_controller                         ; ISDU         ; work         ;
;       |Mem2IO:memory_subsystem|   ; 22 (22)             ; 16 (16)                   ; 0           ; 0          ; 0            ; 0       ; 0         ; 0    ; 0            ; 0          ; |slc3_testtop|slc3:slc|Mem2IO:memory_subsystem                       ; Mem2IO       ; work         ;
;       |datapath:d0|               ; 401 (10)            ; 206 (10)                  ; 0           ; 0          ; 0            ; 0       ; 0         ; 0    ; 0            ; 0          ; |slc3_testtop|slc3:slc|datapath:d0                                   ; datapath     ; work         ;
;          |ADDR_ADDER_:addr_adder| ; 144 (144)           ; 0 (0)                     ; 0           ; 0          ; 0            ; 0       ; 0         ; 0    ; 0            ; 0          ; |slc3_testtop|slc3:slc|datapath:d0|ADDR_ADDER_:addr_adder            ; ADDR_ADDER_  ; work         ;
;          |ALU_:alu|               ; 16 (16)             ; 0 (0)                     ; 0           ; 0          ; 0            ; 0       ; 0         ; 0    ; 0            ; 0          ; |slc3_testtop|slc3:slc|datapath:d0|ALU_:alu                          ; ALU_         ; work         ;
;          |BEN_:ben|               ; 11 (11)             ; 4 (4)                     ; 0           ; 0          ; 0            ; 0       ; 0         ; 0    ; 0            ; 0          ; |slc3_testtop|slc3:slc|datapath:d0|BEN_:ben                          ; BEN_         ; work         ;
;          |BUS_:bus|               ; 89 (89)             ; 0 (0)                     ; 0           ; 0          ; 0            ; 0       ; 0         ; 0    ; 0            ; 0          ; |slc3_testtop|slc3:slc|datapath:d0|BUS_:bus                          ; BUS_         ; work         ;
;          |IR_:ir|                 ; 0 (0)               ; 16 (0)                    ; 0           ; 0          ; 0            ; 0       ; 0         ; 0    ; 0            ; 0          ; |slc3_testtop|slc3:slc|datapath:d0|IR_:ir                            ; IR_          ; work         ;
;             |reg_16:ir_reg|       ; 0 (0)               ; 16 (16)                   ; 0           ; 0          ; 0            ; 0       ; 0         ; 0    ; 0            ; 0          ; |slc3_testtop|slc3:slc|datapath:d0|IR_:ir|reg_16:ir_reg              ; reg_16       ; work         ;
;          |MAR_:mar|               ; 0 (0)               ; 16 (0)                    ; 0           ; 0          ; 0            ; 0       ; 0         ; 0    ; 0            ; 0          ; |slc3_testtop|slc3:slc|datapath:d0|MAR_:mar                          ; MAR_         ; work         ;
;             |reg_16:mar_reg|      ; 0 (0)               ; 16 (16)                   ; 0           ; 0          ; 0            ; 0       ; 0         ; 0    ; 0            ; 0          ; |slc3_testtop|slc3:slc|datapath:d0|MAR_:mar|reg_16:mar_reg           ; reg_16       ; work         ;
;          |MDR_:mdr|               ; 0 (0)               ; 16 (0)                    ; 0           ; 0          ; 0            ; 0       ; 0         ; 0    ; 0            ; 0          ; |slc3_testtop|slc3:slc|datapath:d0|MDR_:mdr                          ; MDR_         ; work         ;
;             |reg_16:mdr_reg|      ; 0 (0)               ; 16 (16)                   ; 0           ; 0          ; 0            ; 0       ; 0         ; 0    ; 0            ; 0          ; |slc3_testtop|slc3:slc|datapath:d0|MDR_:mdr|reg_16:mdr_reg           ; reg_16       ; work         ;
;          |MUX_21:miomux|          ; 18 (18)             ; 0 (0)                     ; 0           ; 0          ; 0            ; 0       ; 0         ; 0    ; 0            ; 0          ; |slc3_testtop|slc3:slc|datapath:d0|MUX_21:miomux                     ; MUX_21       ; work         ;
;          |PC_:pc|                 ; 18 (0)              ; 16 (0)                    ; 0           ; 0          ; 0            ; 0       ; 0         ; 0    ; 0            ; 0          ; |slc3_testtop|slc3:slc|datapath:d0|PC_:pc                            ; PC_          ; work         ;
;             |reg_16:pc_reg|       ; 18 (18)             ; 16 (16)                   ; 0           ; 0          ; 0            ; 0       ; 0         ; 0    ; 0            ; 0          ; |slc3_testtop|slc3:slc|datapath:d0|PC_:pc|reg_16:pc_reg              ; reg_16       ; work         ;
;          |REGFILE_:regfile|       ; 92 (0)              ; 128 (0)                   ; 0           ; 0          ; 0            ; 0       ; 0         ; 0    ; 0            ; 0          ; |slc3_testtop|slc3:slc|datapath:d0|REGFILE_:regfile                  ; REGFILE_     ; work         ;
;             |DECODER_:decoder|    ; 12 (12)             ; 0 (0)                     ; 0           ; 0          ; 0            ; 0       ; 0         ; 0    ; 0            ; 0          ; |slc3_testtop|slc3:slc|datapath:d0|REGFILE_:regfile|DECODER_:decoder ; DECODER_     ; work         ;
;             |MUX_81:to_ALU_A|     ; 80 (80)             ; 0 (0)                     ; 0           ; 0          ; 0            ; 0       ; 0         ; 0    ; 0            ; 0          ; |slc3_testtop|slc3:slc|datapath:d0|REGFILE_:regfile|MUX_81:to_ALU_A  ; MUX_81       ; work         ;
;             |reg_16:reg_0|        ; 0 (0)               ; 16 (16)                   ; 0           ; 0          ; 0            ; 0       ; 0         ; 0    ; 0            ; 0          ; |slc3_testtop|slc3:slc|datapath:d0|REGFILE_:regfile|reg_16:reg_0     ; reg_16       ; work         ;
;             |reg_16:reg_1|        ; 0 (0)               ; 16 (16)                   ; 0           ; 0          ; 0            ; 0       ; 0         ; 0    ; 0            ; 0          ; |slc3_testtop|slc3:slc|datapath:d0|REGFILE_:regfile|reg_16:reg_1     ; reg_16       ; work         ;
;             |reg_16:reg_2|        ; 0 (0)               ; 16 (16)                   ; 0           ; 0          ; 0            ; 0       ; 0         ; 0    ; 0            ; 0          ; |slc3_testtop|slc3:slc|datapath:d0|REGFILE_:regfile|reg_16:reg_2     ; reg_16       ; work         ;
;             |reg_16:reg_3|        ; 0 (0)               ; 16 (16)                   ; 0           ; 0          ; 0            ; 0       ; 0         ; 0    ; 0            ; 0          ; |slc3_testtop|slc3:slc|datapath:d0|REGFILE_:regfile|reg_16:reg_3     ; reg_16       ; work         ;
;             |reg_16:reg_4|        ; 0 (0)               ; 16 (16)                   ; 0           ; 0          ; 0            ; 0       ; 0         ; 0    ; 0            ; 0          ; |slc3_testtop|slc3:slc|datapath:d0|REGFILE_:regfile|reg_16:reg_4     ; reg_16       ; work         ;
;             |reg_16:reg_5|        ; 0 (0)               ; 16 (16)                   ; 0           ; 0          ; 0            ; 0       ; 0         ; 0    ; 0            ; 0          ; |slc3_testtop|slc3:slc|datapath:d0|REGFILE_:regfile|reg_16:reg_5     ; reg_16       ; work         ;
;             |reg_16:reg_6|        ; 0 (0)               ; 16 (16)                   ; 0           ; 0          ; 0            ; 0       ; 0         ; 0    ; 0            ; 0          ; |slc3_testtop|slc3:slc|datapath:d0|REGFILE_:regfile|reg_16:reg_6     ; reg_16       ; work         ;
;             |reg_16:reg_7|        ; 0 (0)               ; 16 (16)                   ; 0           ; 0          ; 0            ; 0       ; 0         ; 0    ; 0            ; 0          ; |slc3_testtop|slc3:slc|datapath:d0|REGFILE_:regfile|reg_16:reg_7     ; reg_16       ; work         ;
;          |SR1MUX_:sr1mux|         ; 3 (3)               ; 0 (0)                     ; 0           ; 0          ; 0            ; 0       ; 0         ; 0    ; 0            ; 0          ; |slc3_testtop|slc3:slc|datapath:d0|SR1MUX_:sr1mux                    ; SR1MUX_      ; work         ;
;    |sync:button_sync[0]|          ; 0 (0)               ; 1 (1)                     ; 0           ; 0          ; 0            ; 0       ; 0         ; 0    ; 0            ; 0          ; |slc3_testtop|sync:button_sync[0]                                    ; sync         ; work         ;
;    |sync:button_sync[1]|          ; 0 (0)               ; 1 (1)                     ; 0           ; 0          ; 0            ; 0       ; 0         ; 0    ; 0            ; 0          ; |slc3_testtop|sync:button_sync[1]                                    ; sync         ; work         ;
+-----------------------------------+---------------------+---------------------------+-------------+------------+--------------+---------+-----------+------+--------------+------------+----------------------------------------------------------------------+--------------+--------------+
Note: For table entries with two numbers listed, the numbers in parentheses indicate the number of resources of the given type used by the specific entity alone. The numbers listed outside of parentheses indicate the total resources of the given type used by the specific entity and all of its sub-entities in the hierarchy.


Encoding Type:  One-Hot
+-------------------------------------------------------------------------------------------------------------------------------------------------------------------------------------------------------------------------------------------------------------------------------------------------------------------------------------------------------------------------------------------------------------------------+
; State Machine - |slc3_testtop|slc3:slc|ISDU:state_controller|State                                                                                                                                                                                                                                                                                                                                                      ;
+----------------+--------------+--------------+--------------+------------+------------+------------+--------------+--------------+--------------+------------+------------+------------+------------+------------+------------+------------+------------+------------+------------+------------+--------------+--------------+--------------+------------+-------------+----------------+----------------+--------------+
; Name           ; State.S_16_3 ; State.S_16_2 ; State.S_16_1 ; State.S_23 ; State.S_07 ; State.S_27 ; State.S_25_3 ; State.S_25_2 ; State.S_25_1 ; State.S_06 ; State.S_21 ; State.S_04 ; State.S_12 ; State.S_22 ; State.S_00 ; State.S_09 ; State.S_05 ; State.S_01 ; State.S_32 ; State.S_35 ; State.S_33_3 ; State.S_33_2 ; State.S_33_1 ; State.S_18 ; State.Pause ; State.PauseIR2 ; State.PauseIR1 ; State.Halted ;
+----------------+--------------+--------------+--------------+------------+------------+------------+--------------+--------------+--------------+------------+------------+------------+------------+------------+------------+------------+------------+------------+------------+------------+--------------+--------------+--------------+------------+-------------+----------------+----------------+--------------+
; State.Halted   ; 0            ; 0            ; 0            ; 0          ; 0          ; 0          ; 0            ; 0            ; 0            ; 0          ; 0          ; 0          ; 0          ; 0          ; 0          ; 0          ; 0          ; 0          ; 0          ; 0          ; 0            ; 0            ; 0            ; 0          ; 0           ; 0              ; 0              ; 0            ;
; State.PauseIR1 ; 0            ; 0            ; 0            ; 0          ; 0          ; 0          ; 0            ; 0            ; 0            ; 0          ; 0          ; 0          ; 0          ; 0          ; 0          ; 0          ; 0          ; 0          ; 0          ; 0          ; 0            ; 0            ; 0            ; 0          ; 0           ; 0              ; 1              ; 1            ;
; State.PauseIR2 ; 0            ; 0            ; 0            ; 0          ; 0          ; 0          ; 0            ; 0            ; 0            ; 0          ; 0          ; 0          ; 0          ; 0          ; 0          ; 0          ; 0          ; 0          ; 0          ; 0          ; 0            ; 0            ; 0            ; 0          ; 0           ; 1              ; 0              ; 1            ;
; State.Pause    ; 0            ; 0            ; 0            ; 0          ; 0          ; 0          ; 0            ; 0            ; 0            ; 0          ; 0          ; 0          ; 0          ; 0          ; 0          ; 0          ; 0          ; 0          ; 0          ; 0          ; 0            ; 0            ; 0            ; 0          ; 1           ; 0              ; 0              ; 1            ;
; State.S_18     ; 0            ; 0            ; 0            ; 0          ; 0          ; 0          ; 0            ; 0            ; 0            ; 0          ; 0          ; 0          ; 0          ; 0          ; 0          ; 0          ; 0          ; 0          ; 0          ; 0          ; 0            ; 0            ; 0            ; 1          ; 0           ; 0              ; 0              ; 1            ;
; State.S_33_1   ; 0            ; 0            ; 0            ; 0          ; 0          ; 0          ; 0            ; 0            ; 0            ; 0          ; 0          ; 0          ; 0          ; 0          ; 0          ; 0          ; 0          ; 0          ; 0          ; 0          ; 0            ; 0            ; 1            ; 0          ; 0           ; 0              ; 0              ; 1            ;
; State.S_33_2   ; 0            ; 0            ; 0            ; 0          ; 0          ; 0          ; 0            ; 0            ; 0            ; 0          ; 0          ; 0          ; 0          ; 0          ; 0          ; 0          ; 0          ; 0          ; 0          ; 0          ; 0            ; 1            ; 0            ; 0          ; 0           ; 0              ; 0              ; 1            ;
; State.S_33_3   ; 0            ; 0            ; 0            ; 0          ; 0          ; 0          ; 0            ; 0            ; 0            ; 0          ; 0          ; 0          ; 0          ; 0          ; 0          ; 0          ; 0          ; 0          ; 0          ; 0          ; 1            ; 0            ; 0            ; 0          ; 0           ; 0              ; 0              ; 1            ;
; State.S_35     ; 0            ; 0            ; 0            ; 0          ; 0          ; 0          ; 0            ; 0            ; 0            ; 0          ; 0          ; 0          ; 0          ; 0          ; 0          ; 0          ; 0          ; 0          ; 0          ; 1          ; 0            ; 0            ; 0            ; 0          ; 0           ; 0              ; 0              ; 1            ;
; State.S_32     ; 0            ; 0            ; 0            ; 0          ; 0          ; 0          ; 0            ; 0            ; 0            ; 0          ; 0          ; 0          ; 0          ; 0          ; 0          ; 0          ; 0          ; 0          ; 1          ; 0          ; 0            ; 0            ; 0            ; 0          ; 0           ; 0              ; 0              ; 1            ;
; State.S_01     ; 0            ; 0            ; 0            ; 0          ; 0          ; 0          ; 0            ; 0            ; 0            ; 0          ; 0          ; 0          ; 0          ; 0          ; 0          ; 0          ; 0          ; 1          ; 0          ; 0          ; 0            ; 0            ; 0            ; 0          ; 0           ; 0              ; 0              ; 1            ;
; State.S_05     ; 0            ; 0            ; 0            ; 0          ; 0          ; 0          ; 0            ; 0            ; 0            ; 0          ; 0          ; 0          ; 0          ; 0          ; 0          ; 0          ; 1          ; 0          ; 0          ; 0          ; 0            ; 0            ; 0            ; 0          ; 0           ; 0              ; 0              ; 1            ;
; State.S_09     ; 0            ; 0            ; 0            ; 0          ; 0          ; 0          ; 0            ; 0            ; 0            ; 0          ; 0          ; 0          ; 0          ; 0          ; 0          ; 1          ; 0          ; 0          ; 0          ; 0          ; 0            ; 0            ; 0            ; 0          ; 0           ; 0              ; 0              ; 1            ;
; State.S_00     ; 0            ; 0            ; 0            ; 0          ; 0          ; 0          ; 0            ; 0            ; 0            ; 0          ; 0          ; 0          ; 0          ; 0          ; 1          ; 0          ; 0          ; 0          ; 0          ; 0          ; 0            ; 0            ; 0            ; 0          ; 0           ; 0              ; 0              ; 1            ;
; State.S_22     ; 0            ; 0            ; 0            ; 0          ; 0          ; 0          ; 0            ; 0            ; 0            ; 0          ; 0          ; 0          ; 0          ; 1          ; 0          ; 0          ; 0          ; 0          ; 0          ; 0          ; 0            ; 0            ; 0            ; 0          ; 0           ; 0              ; 0              ; 1            ;
; State.S_12     ; 0            ; 0            ; 0            ; 0          ; 0          ; 0          ; 0            ; 0            ; 0            ; 0          ; 0          ; 0          ; 1          ; 0          ; 0          ; 0          ; 0          ; 0          ; 0          ; 0          ; 0            ; 0            ; 0            ; 0          ; 0           ; 0              ; 0              ; 1            ;
; State.S_04     ; 0            ; 0            ; 0            ; 0          ; 0          ; 0          ; 0            ; 0            ; 0            ; 0          ; 0          ; 1          ; 0          ; 0          ; 0          ; 0          ; 0          ; 0          ; 0          ; 0          ; 0            ; 0            ; 0            ; 0          ; 0           ; 0              ; 0              ; 1            ;
; State.S_21     ; 0            ; 0            ; 0            ; 0          ; 0          ; 0          ; 0            ; 0            ; 0            ; 0          ; 1          ; 0          ; 0          ; 0          ; 0          ; 0          ; 0          ; 0          ; 0          ; 0          ; 0            ; 0            ; 0            ; 0          ; 0           ; 0              ; 0              ; 1            ;
; State.S_06     ; 0            ; 0            ; 0            ; 0          ; 0          ; 0          ; 0            ; 0            ; 0            ; 1          ; 0          ; 0          ; 0          ; 0          ; 0          ; 0          ; 0          ; 0          ; 0          ; 0          ; 0            ; 0            ; 0            ; 0          ; 0           ; 0              ; 0              ; 1            ;
; State.S_25_1   ; 0            ; 0            ; 0            ; 0          ; 0          ; 0          ; 0            ; 0            ; 1            ; 0          ; 0          ; 0          ; 0          ; 0          ; 0          ; 0          ; 0          ; 0          ; 0          ; 0          ; 0            ; 0            ; 0            ; 0          ; 0           ; 0              ; 0              ; 1            ;
; State.S_25_2   ; 0            ; 0            ; 0            ; 0          ; 0          ; 0          ; 0            ; 1            ; 0            ; 0          ; 0          ; 0          ; 0          ; 0          ; 0          ; 0          ; 0          ; 0          ; 0          ; 0          ; 0            ; 0            ; 0            ; 0          ; 0           ; 0              ; 0              ; 1            ;
; State.S_25_3   ; 0            ; 0            ; 0            ; 0          ; 0          ; 0          ; 1            ; 0            ; 0            ; 0          ; 0          ; 0          ; 0          ; 0          ; 0          ; 0          ; 0          ; 0          ; 0          ; 0          ; 0            ; 0            ; 0            ; 0          ; 0           ; 0              ; 0              ; 1            ;
; State.S_27     ; 0            ; 0            ; 0            ; 0          ; 0          ; 1          ; 0            ; 0            ; 0            ; 0          ; 0          ; 0          ; 0          ; 0          ; 0          ; 0          ; 0          ; 0          ; 0          ; 0          ; 0            ; 0            ; 0            ; 0          ; 0           ; 0              ; 0              ; 1            ;
; State.S_07     ; 0            ; 0            ; 0            ; 0          ; 1          ; 0          ; 0            ; 0            ; 0            ; 0          ; 0          ; 0          ; 0          ; 0          ; 0          ; 0          ; 0          ; 0          ; 0          ; 0          ; 0            ; 0            ; 0            ; 0          ; 0           ; 0              ; 0              ; 1            ;
; State.S_23     ; 0            ; 0            ; 0            ; 1          ; 0          ; 0          ; 0            ; 0            ; 0            ; 0          ; 0          ; 0          ; 0          ; 0          ; 0          ; 0          ; 0          ; 0          ; 0          ; 0          ; 0            ; 0            ; 0            ; 0          ; 0           ; 0              ; 0              ; 1            ;
; State.S_16_1   ; 0            ; 0            ; 1            ; 0          ; 0          ; 0          ; 0            ; 0            ; 0            ; 0          ; 0          ; 0          ; 0          ; 0          ; 0          ; 0          ; 0          ; 0          ; 0          ; 0          ; 0            ; 0            ; 0            ; 0          ; 0           ; 0              ; 0              ; 1            ;
; State.S_16_2   ; 0            ; 1            ; 0            ; 0          ; 0          ; 0          ; 0            ; 0            ; 0            ; 0          ; 0          ; 0          ; 0          ; 0          ; 0          ; 0          ; 0          ; 0          ; 0          ; 0          ; 0            ; 0            ; 0            ; 0          ; 0           ; 0              ; 0              ; 1            ;
; State.S_16_3   ; 1            ; 0            ; 0            ; 0          ; 0          ; 0          ; 0            ; 0            ; 0            ; 0          ; 0          ; 0          ; 0          ; 0          ; 0          ; 0          ; 0          ; 0          ; 0          ; 0          ; 0            ; 0            ; 0            ; 0          ; 0           ; 0              ; 0              ; 1            ;
+----------------+--------------+--------------+--------------+------------+------------+------------+--------------+--------------+--------------+------------+------------+------------+------------+------------+------------+------------+------------+------------+------------+------------+--------------+--------------+--------------+------------+-------------+----------------+----------------+--------------+


+-------------------------------------------------------------+
; Registers Removed During Synthesis                          ;
+----------------------------------------+--------------------+
; Register name                          ; Reason for Removal ;
+----------------------------------------+--------------------+
; slc3:slc|ISDU:state_controller|State~2 ; Lost fanout        ;
; slc3:slc|ISDU:state_controller|State~3 ; Lost fanout        ;
; slc3:slc|ISDU:state_controller|State~4 ; Lost fanout        ;
; slc3:slc|ISDU:state_controller|State~5 ; Lost fanout        ;
; slc3:slc|ISDU:state_controller|State~6 ; Lost fanout        ;
; Total Number of Removed Registers = 5  ;                    ;
+----------------------------------------+--------------------+


+------------------------------------------------------+
; General Register Statistics                          ;
+----------------------------------------------+-------+
; Statistic                                    ; Value ;
+----------------------------------------------+-------+
; Total registers                              ; 252   ;
; Number of registers using Synchronous Clear  ; 16    ;
; Number of registers using Synchronous Load   ; 16    ;
; Number of registers using Asynchronous Clear ; 0     ;
; Number of registers using Asynchronous Load  ; 0     ;
; Number of registers using Clock Enable       ; 211   ;
; Number of registers using Preset             ; 0     ;
+----------------------------------------------+-------+


+----------------------------------------------------------------------------------------------------------------------------------------------------------------------------------------+
; Multiplexer Restructuring Statistics (Restructuring Performed)                                                                                                                         ;
+--------------------+-----------+---------------+----------------------+------------------------+------------+--------------------------------------------------------------------------+
; Multiplexer Inputs ; Bus Width ; Baseline Area ; Area if Restructured ; Saving if Restructured ; Registered ; Example Multiplexer Output                                               ;
+--------------------+-----------+---------------+----------------------+------------------------+------------+--------------------------------------------------------------------------+
; 3:1                ; 16 bits   ; 32 LEs        ; 16 LEs               ; 16 LEs                 ; Yes        ; |slc3_testtop|slc3:slc|Mem2IO:memory_subsystem|hex_data[4]               ;
; 4:1                ; 10 bits   ; 20 LEs        ; 20 LEs               ; 0 LEs                  ; Yes        ; |slc3_testtop|slc3:slc|datapath:d0|MDR_:mdr|reg_16:mdr_reg|Data_Out[2]   ;
; 4:1                ; 16 bits   ; 32 LEs        ; 32 LEs               ; 0 LEs                  ; Yes        ; |slc3_testtop|slc3:slc|datapath:d0|PC_:pc|reg_16:pc_reg|Data_Out[5]      ;
; 3:1                ; 2 bits    ; 4 LEs         ; 4 LEs                ; 0 LEs                  ; No         ; |slc3_testtop|slc3:slc|datapath:d0|ADDR_ADDER_:addr_adder|Mux0           ;
; 8:1                ; 16 bits   ; 80 LEs        ; 80 LEs               ; 0 LEs                  ; No         ; |slc3_testtop|slc3:slc|datapath:d0|REGFILE_:regfile|MUX_81:to_ALU_A|Mux8 ;
; 9:1                ; 16 bits   ; 96 LEs        ; 96 LEs               ; 0 LEs                  ; No         ; |slc3_testtop|slc3:slc|datapath:d0|ADDR_ADDER_:addr_adder|ALU_B[0]       ;
; 7:1                ; 16 bits   ; 64 LEs        ; 64 LEs               ; 0 LEs                  ; No         ; |slc3_testtop|slc3:slc|datapath:d0|BUS_:bus|BUS[8]                       ;
+--------------------+-----------+---------------+----------------------+------------------------+------------+--------------------------------------------------------------------------+


+--------------------------------------------------------------+
; Parameter Settings for User Entity Instance: test_memory:mem ;
+----------------+-------+-------------------------------------+
; Parameter Name ; Value ; Type                                ;
+----------------+-------+-------------------------------------+
; size           ; 256   ; Signed Integer                      ;
; init_external  ; 0     ; Signed Integer                      ;
+----------------+-------+-------------------------------------+
Note: In order to hide this table in the UI and the text report file, please set the "Show Parameter Settings in Synthesis Report" option in "Analysis and Synthesis Settings -> More Settings" to "Off".


+-----------------------------------------------------------------------------------+
; Parameter Settings for User Entity Instance: test_memory:mem|memory_parser:parser ;
+----------------+-------+----------------------------------------------------------+
; Parameter Name ; Value ; Type                                                     ;
+----------------+-------+----------------------------------------------------------+
; size           ; 256   ; Signed Integer                                           ;
+----------------+-------+----------------------------------------------------------+
Note: In order to hide this table in the UI and the text report file, please set the "Show Parameter Settings in Synthesis Report" option in "Analysis and Synthesis Settings -> More Settings" to "Off".


+-----------------------------------------------------------------------+
; Port Connectivity Checks: "slc3:slc|datapath:d0|IR_:ir|reg_16:ir_reg" ;
+-------+-------+----------+--------------------------------------------+
; Port  ; Type  ; Severity ; Details                                    ;
+-------+-------+----------+--------------------------------------------+
; Reset ; Input ; Info     ; Stuck at GND                               ;
+-------+-------+----------+--------------------------------------------+


+--------------------------------------------------------------------------+
; Port Connectivity Checks: "slc3:slc|datapath:d0|MAR_:mar|reg_16:mar_reg" ;
+-------+-------+----------+-----------------------------------------------+
; Port  ; Type  ; Severity ; Details                                       ;
+-------+-------+----------+-----------------------------------------------+
; Reset ; Input ; Info     ; Stuck at GND                                  ;
+-------+-------+----------+-----------------------------------------------+


+--------------------------------------------------------------------------+
; Port Connectivity Checks: "slc3:slc|datapath:d0|MDR_:mdr|reg_16:mdr_reg" ;
+-------+-------+----------+-----------------------------------------------+
; Port  ; Type  ; Severity ; Details                                       ;
+-------+-------+----------+-----------------------------------------------+
; Reset ; Input ; Info     ; Stuck at GND                                  ;
+-------+-------+----------+-----------------------------------------------+


+----------------------------------------------------------------------------+
; Port Connectivity Checks: "slc3:slc|datapath:d0|PCMUX_:pcmux|MUX_41:pcmux" ;
+------+-------+----------+--------------------------------------------------+
; Port ; Type  ; Severity ; Details                                          ;
+------+-------+----------+--------------------------------------------------+
; D_In ; Input ; Info     ; Stuck at GND                                     ;
+------+-------+----------+--------------------------------------------------+


+-------------------------------------------------------------------------------------------------------------------------------------------------------------------------+
; Port Connectivity Checks: "slc3:slc|datapath:d0|REGFILE_:regfile"                                                                                                       ;
+-------+-------+----------+----------------------------------------------------------------------------------------------------------------------------------------------+
; Port  ; Type  ; Severity ; Details                                                                                                                                      ;
+-------+-------+----------+----------------------------------------------------------------------------------------------------------------------------------------------+
; Reset ; Input ; Warning  ; Declared by entity but not connected by instance. If a default value exists, it will be used.  Otherwise, the port will be connected to GND. ;
+-------+-------+----------+----------------------------------------------------------------------------------------------------------------------------------------------+


+------------------------------------------------------------------------------------------------------------------------+
; Port Connectivity Checks: "slc3:slc"                                                                                   ;
+--------------+--------+----------+-------------------------------------------------------------------------------------+
; Port         ; Type   ; Severity ; Details                                                                             ;
+--------------+--------+----------+-------------------------------------------------------------------------------------+
; ADDR[15..10] ; Output ; Info     ; Connected to dangling logic. Logic that only feeds a dangling port will be removed. ;
+--------------+--------+----------+-------------------------------------------------------------------------------------+


+-----------------------------------------------------+
; Post-Synthesis Netlist Statistics for Top Partition ;
+-----------------------+-----------------------------+
; Type                  ; Count                       ;
+-----------------------+-----------------------------+
; boundary_port         ; 148                         ;
; cycloneiii_ff         ; 252                         ;
;     ENA               ; 195                         ;
;     ENA SCLR SLD      ; 16                          ;
;     plain             ; 41                          ;
; cycloneiii_lcell_comb ; 504                         ;
;     arith             ; 45                          ;
;         2 data inputs ; 15                          ;
;         3 data inputs ; 30                          ;
;     normal            ; 459                         ;
;         0 data inputs ; 1                           ;
;         1 data inputs ; 5                           ;
;         2 data inputs ; 10                          ;
;         3 data inputs ; 114                         ;
;         4 data inputs ; 329                         ;
;                       ;                             ;
; Max LUT depth         ; 14.10                       ;
; Average LUT depth     ; 8.33                        ;
+-----------------------+-----------------------------+


+-------------------------------+
; Elapsed Time Per Partition    ;
+----------------+--------------+
; Partition Name ; Elapsed Time ;
+----------------+--------------+
; Top            ; 00:00:01     ;
+----------------+--------------+


+-------------------------------+
; Analysis & Synthesis Messages ;
+-------------------------------+
Info: *******************************************************************
Info: Running Quartus Prime Analysis & Synthesis
    Info: Version 18.1.0 Build 625 09/12/2018 SJ Lite Edition
    Info: Processing started: Mon Mar 21 23:00:57 2022
Info: Command: quartus_map --read_settings_files=on --write_settings_files=off ECE385Lab5 -c ECE385Lab5
Warning (18236): Number of processors has not been specified which may cause overloading on shared machines.  Set the global assignment NUM_PARALLEL_PROCESSORS in your QSF to an appropriate value for best performance.
Info (20030): Parallel compilation is enabled and will use 4 of the 4 processors detected
Info (12021): Found 1 design units, including 1 entities, in source file files/isdu.sv
    Info (12023): Found entity 1: ISDU File: D:/UIUC/2022 Spring/ECE 385/Labs/Lab 5/Workspace/files/ISDU.sv Line: 21
Info (12021): Found 1 design units, including 1 entities, in source file files/ben_.sv
    Info (12023): Found entity 1: BEN_ File: D:/UIUC/2022 Spring/ECE 385/Labs/Lab 5/Workspace/files/BEN_.sv Line: 1
Info (12021): Found 1 design units, including 1 entities, in source file files/alu_.sv
    Info (12023): Found entity 1: ALU_ File: D:/UIUC/2022 Spring/ECE 385/Labs/Lab 5/Workspace/files/ALU_.sv Line: 1
Info (12021): Found 1 design units, including 1 entities, in source file files/hexdriver.sv
    Info (12023): Found entity 1: HexDriver File: D:/UIUC/2022 Spring/ECE 385/Labs/Lab 5/Workspace/files/HexDriver.sv Line: 1
Info (12021): Found 1 design units, including 1 entities, in source file files/pc_.sv
    Info (12023): Found entity 1: PC_ File: D:/UIUC/2022 Spring/ECE 385/Labs/Lab 5/Workspace/files/PC_.sv Line: 1
Info (12021): Found 1 design units, including 1 entities, in source file files/mdr_.sv
    Info (12023): Found entity 1: MDR_ File: D:/UIUC/2022 Spring/ECE 385/Labs/Lab 5/Workspace/files/MDR_.sv Line: 1
Info (12021): Found 1 design units, including 1 entities, in source file files/mar_.sv
    Info (12023): Found entity 1: MAR_ File: D:/UIUC/2022 Spring/ECE 385/Labs/Lab 5/Workspace/files/MAR_.sv Line: 1
Info (12021): Found 1 design units, including 1 entities, in source file files/ir_.sv
    Info (12023): Found entity 1: IR_ File: D:/UIUC/2022 Spring/ECE 385/Labs/Lab 5/Workspace/files/IR_.sv Line: 1
Info (12021): Found 1 design units, including 1 entities, in source file files/reg_16.sv
    Info (12023): Found entity 1: reg_16 File: D:/UIUC/2022 Spring/ECE 385/Labs/Lab 5/Workspace/files/Reg_16.sv Line: 1
Info (12021): Found 1 design units, including 1 entities, in source file files/test_memory.sv
    Info (12023): Found entity 1: test_memory File: D:/UIUC/2022 Spring/ECE 385/Labs/Lab 5/Workspace/files/test_memory.sv Line: 26
Info (12021): Found 3 design units, including 3 entities, in source file files/synchronizers.sv
    Info (12023): Found entity 1: sync File: D:/UIUC/2022 Spring/ECE 385/Labs/Lab 5/Workspace/files/synchronizers.sv Line: 7
    Info (12023): Found entity 2: sync_r0 File: D:/UIUC/2022 Spring/ECE 385/Labs/Lab 5/Workspace/files/synchronizers.sv Line: 21
    Info (12023): Found entity 3: sync_r1 File: D:/UIUC/2022 Spring/ECE 385/Labs/Lab 5/Workspace/files/synchronizers.sv Line: 42
Info (12021): Found 1 design units, including 1 entities, in source file files/slc3_testtop.sv
    Info (12023): Found entity 1: slc3_testtop File: D:/UIUC/2022 Spring/ECE 385/Labs/Lab 5/Workspace/files/slc3_testtop.sv Line: 4
Info (12021): Found 1 design units, including 1 entities, in source file files/slc3_sramtop.sv
    Info (12023): Found entity 1: slc3_sramtop File: D:/UIUC/2022 Spring/ECE 385/Labs/Lab 5/Workspace/files/slc3_sramtop.sv Line: 5
Info (12021): Found 1 design units, including 0 entities, in source file files/slc3_2.sv
    Info (12022): Found design unit 1: SLC3_2 (SystemVerilog) File: D:/UIUC/2022 Spring/ECE 385/Labs/Lab 5/Workspace/files/SLC3_2.sv Line: 24
Info (12021): Found 1 design units, including 1 entities, in source file files/slc3.sv
    Info (12023): Found entity 1: slc3 File: D:/UIUC/2022 Spring/ECE 385/Labs/Lab 5/Workspace/files/slc3.sv Line: 20
Info (12021): Found 1 design units, including 1 entities, in source file files/memory_contents.sv
    Info (12023): Found entity 1: memory_parser File: D:/UIUC/2022 Spring/ECE 385/Labs/Lab 5/Workspace/files/memory_contents.sv Line: 18
Info (12021): Found 1 design units, including 1 entities, in source file files/mem2io.sv
    Info (12023): Found entity 1: Mem2IO File: D:/UIUC/2022 Spring/ECE 385/Labs/Lab 5/Workspace/files/Mem2IO.sv Line: 16
Info (12021): Found 1 design units, including 1 entities, in source file files/instantiateram.sv
    Info (12023): Found entity 1: Instantiateram File: D:/UIUC/2022 Spring/ECE 385/Labs/Lab 5/Workspace/files/Instantiateram.sv Line: 18
Info (12021): Found 1 design units, including 1 entities, in source file files/mux_41.sv
    Info (12023): Found entity 1: MUX_41 File: D:/UIUC/2022 Spring/ECE 385/Labs/Lab 5/Workspace/files/MUX_41.sv Line: 1
Info (12021): Found 1 design units, including 1 entities, in source file files/mux_21.sv
    Info (12023): Found entity 1: MUX_21 File: D:/UIUC/2022 Spring/ECE 385/Labs/Lab 5/Workspace/files/MUX_21.sv Line: 1
Info (12021): Found 1 design units, including 1 entities, in source file files/pcmux_.sv
    Info (12023): Found entity 1: PCMUX_ File: D:/UIUC/2022 Spring/ECE 385/Labs/Lab 5/Workspace/files/PCMUX_.sv Line: 1
Info (12021): Found 1 design units, including 1 entities, in source file files/mio_en_.sv
    Info (12023): Found entity 1: MIO_EN_ File: D:/UIUC/2022 Spring/ECE 385/Labs/Lab 5/Workspace/files/MIO_EN_.sv Line: 1
Info (12021): Found 1 design units, including 1 entities, in source file files/bus_.sv
    Info (12023): Found entity 1: BUS_ File: D:/UIUC/2022 Spring/ECE 385/Labs/Lab 5/Workspace/files/BUS_.sv Line: 1
Info (12021): Found 1 design units, including 1 entities, in source file files/testbench.sv
    Info (12023): Found entity 1: testbench File: D:/UIUC/2022 Spring/ECE 385/Labs/Lab 5/Workspace/files/testbench.sv Line: 1
Info (12021): Found 1 design units, including 1 entities, in source file files/ram.v
    Info (12023): Found entity 1: ram File: D:/UIUC/2022 Spring/ECE 385/Labs/Lab 5/Workspace/files/ram.v Line: 39
Info (12021): Found 1 design units, including 1 entities, in source file files/drmux_.sv
    Info (12023): Found entity 1: DRMUX_ File: D:/UIUC/2022 Spring/ECE 385/Labs/Lab 5/Workspace/files/DRMUX_.sv Line: 1
Info (12021): Found 1 design units, including 1 entities, in source file files/regfile_.sv
    Info (12023): Found entity 1: REGFILE_ File: D:/UIUC/2022 Spring/ECE 385/Labs/Lab 5/Workspace/files/REGFILE_.sv Line: 1
Info (12021): Found 1 design units, including 1 entities, in source file files/addr_adder_.sv
    Info (12023): Found entity 1: ADDR_ADDER_ File: D:/UIUC/2022 Spring/ECE 385/Labs/Lab 5/Workspace/files/ADDR_ADDER_.sv Line: 1
Info (12021): Found 1 design units, including 1 entities, in source file files/datapath.sv
    Info (12023): Found entity 1: datapath File: D:/UIUC/2022 Spring/ECE 385/Labs/Lab 5/Workspace/files/datapath.sv Line: 1
Info (12021): Found 1 design units, including 1 entities, in source file files/sr1mux_.sv
    Info (12023): Found entity 1: SR1MUX_ File: D:/UIUC/2022 Spring/ECE 385/Labs/Lab 5/Workspace/files/SR1MUX_.sv Line: 1
Info (12021): Found 1 design units, including 1 entities, in source file files/decoder_.sv
    Info (12023): Found entity 1: DECODER_ File: D:/UIUC/2022 Spring/ECE 385/Labs/Lab 5/Workspace/files/DECODER_.sv Line: 1
Info (12021): Found 1 design units, including 1 entities, in source file files/mux_81.sv
    Info (12023): Found entity 1: MUX_81 File: D:/UIUC/2022 Spring/ECE 385/Labs/Lab 5/Workspace/files/MUX_81.sv Line: 1
Info (12127): Elaborating entity "slc3_testtop" for the top level hierarchy
Info (12128): Elaborating entity "sync" for hierarchy "sync:button_sync[0]" File: D:/UIUC/2022 Spring/ECE 385/Labs/Lab 5/Workspace/files/slc3_testtop.sv Line: 21
Info (12128): Elaborating entity "slc3" for hierarchy "slc3:slc" File: D:/UIUC/2022 Spring/ECE 385/Labs/Lab 5/Workspace/files/slc3_testtop.sv Line: 35
Info (12128): Elaborating entity "HexDriver" for hierarchy "slc3:slc|HexDriver:hex_drivers[0]" File: D:/UIUC/2022 Spring/ECE 385/Labs/Lab 5/Workspace/files/slc3.sv Line: 43
Info (12128): Elaborating entity "datapath" for hierarchy "slc3:slc|datapath:d0" File: D:/UIUC/2022 Spring/ECE 385/Labs/Lab 5/Workspace/files/slc3.sv Line: 71
Info (12128): Elaborating entity "DRMUX_" for hierarchy "slc3:slc|datapath:d0|DRMUX_:drmux" File: D:/UIUC/2022 Spring/ECE 385/Labs/Lab 5/Workspace/files/datapath.sv Line: 38
Info (12128): Elaborating entity "SR1MUX_" for hierarchy "slc3:slc|datapath:d0|SR1MUX_:sr1mux" File: D:/UIUC/2022 Spring/ECE 385/Labs/Lab 5/Workspace/files/datapath.sv Line: 43
Info (12128): Elaborating entity "REGFILE_" for hierarchy "slc3:slc|datapath:d0|REGFILE_:regfile" File: D:/UIUC/2022 Spring/ECE 385/Labs/Lab 5/Workspace/files/datapath.sv Line: 53
Info (12128): Elaborating entity "DECODER_" for hierarchy "slc3:slc|datapath:d0|REGFILE_:regfile|DECODER_:decoder" File: D:/UIUC/2022 Spring/ECE 385/Labs/Lab 5/Workspace/files/REGFILE_.sv Line: 17
Info (12128): Elaborating entity "reg_16" for hierarchy "slc3:slc|datapath:d0|REGFILE_:regfile|reg_16:reg_0" File: D:/UIUC/2022 Spring/ECE 385/Labs/Lab 5/Workspace/files/REGFILE_.sv Line: 21
Info (12128): Elaborating entity "MUX_81" for hierarchy "slc3:slc|datapath:d0|REGFILE_:regfile|MUX_81:to_ALU_A" File: D:/UIUC/2022 Spring/ECE 385/Labs/Lab 5/Workspace/files/REGFILE_.sv Line: 40
Info (12128): Elaborating entity "ALU_" for hierarchy "slc3:slc|datapath:d0|ALU_:alu" File: D:/UIUC/2022 Spring/ECE 385/Labs/Lab 5/Workspace/files/datapath.sv Line: 58
Info (12128): Elaborating entity "PCMUX_" for hierarchy "slc3:slc|datapath:d0|PCMUX_:pcmux" File: D:/UIUC/2022 Spring/ECE 385/Labs/Lab 5/Workspace/files/datapath.sv Line: 63
Info (12128): Elaborating entity "MUX_41" for hierarchy "slc3:slc|datapath:d0|PCMUX_:pcmux|MUX_41:pcmux" File: D:/UIUC/2022 Spring/ECE 385/Labs/Lab 5/Workspace/files/PCMUX_.sv Line: 8
Info (12128): Elaborating entity "PC_" for hierarchy "slc3:slc|datapath:d0|PC_:pc" File: D:/UIUC/2022 Spring/ECE 385/Labs/Lab 5/Workspace/files/datapath.sv Line: 71
Info (12128): Elaborating entity "MUX_21" for hierarchy "slc3:slc|datapath:d0|MUX_21:miomux" File: D:/UIUC/2022 Spring/ECE 385/Labs/Lab 5/Workspace/files/datapath.sv Line: 76
Info (12128): Elaborating entity "MDR_" for hierarchy "slc3:slc|datapath:d0|MDR_:mdr" File: D:/UIUC/2022 Spring/ECE 385/Labs/Lab 5/Workspace/files/datapath.sv Line: 83
Info (12128): Elaborating entity "MAR_" for hierarchy "slc3:slc|datapath:d0|MAR_:mar" File: D:/UIUC/2022 Spring/ECE 385/Labs/Lab 5/Workspace/files/datapath.sv Line: 91
Info (12128): Elaborating entity "IR_" for hierarchy "slc3:slc|datapath:d0|IR_:ir" File: D:/UIUC/2022 Spring/ECE 385/Labs/Lab 5/Workspace/files/datapath.sv Line: 97
Info (12128): Elaborating entity "BUS_" for hierarchy "slc3:slc|datapath:d0|BUS_:bus" File: D:/UIUC/2022 Spring/ECE 385/Labs/Lab 5/Workspace/files/datapath.sv Line: 105
Info (12128): Elaborating entity "ADDR_ADDER_" for hierarchy "slc3:slc|datapath:d0|ADDR_ADDER_:addr_adder" File: D:/UIUC/2022 Spring/ECE 385/Labs/Lab 5/Workspace/files/datapath.sv Line: 114
Info (12128): Elaborating entity "BEN_" for hierarchy "slc3:slc|datapath:d0|BEN_:ben" File: D:/UIUC/2022 Spring/ECE 385/Labs/Lab 5/Workspace/files/datapath.sv Line: 116
Info (12128): Elaborating entity "Mem2IO" for hierarchy "slc3:slc|Mem2IO:memory_subsystem" File: D:/UIUC/2022 Spring/ECE 385/Labs/Lab 5/Workspace/files/slc3.sv Line: 82
Info (12128): Elaborating entity "ISDU" for hierarchy "slc3:slc|ISDU:state_controller" File: D:/UIUC/2022 Spring/ECE 385/Labs/Lab 5/Workspace/files/slc3.sv Line: 89
Info (12128): Elaborating entity "test_memory" for hierarchy "test_memory:mem" File: D:/UIUC/2022 Spring/ECE 385/Labs/Lab 5/Workspace/files/slc3_testtop.sv Line: 36
Warning (10034): Output port "readout" at test_memory.sv(32) has no driver File: D:/UIUC/2022 Spring/ECE 385/Labs/Lab 5/Workspace/files/test_memory.sv Line: 32
Info (12128): Elaborating entity "memory_parser" for hierarchy "test_memory:mem|memory_parser:parser" File: D:/UIUC/2022 Spring/ECE 385/Labs/Lab 5/Workspace/files/test_memory.sv Line: 71
Warning (13046): Tri-state node(s) do not directly drive top-level pin(s)
    Warning (13049): Converted tri-state buffer "slc3:slc|datapath:d0|BEN_:ben|P" feeding internal logic into a wire File: D:/UIUC/2022 Spring/ECE 385/Labs/Lab 5/Workspace/files/BEN_.sv Line: 5
    Warning (13049): Converted tri-state buffer "slc3:slc|datapath:d0|BEN_:ben|N" feeding internal logic into a wire File: D:/UIUC/2022 Spring/ECE 385/Labs/Lab 5/Workspace/files/BEN_.sv Line: 5
    Warning (13049): Converted tri-state buffer "slc3:slc|datapath:d0|BEN_:ben|Z" feeding internal logic into a wire File: D:/UIUC/2022 Spring/ECE 385/Labs/Lab 5/Workspace/files/BEN_.sv Line: 5
Warning (12241): 1 hierarchies have connectivity warnings - see the Connectivity Checks report folder
Warning (13024): Output pins are stuck at VCC or GND
    Warning (13410): Pin "SR1MUX_Outval[3]" is stuck at GND File: D:/UIUC/2022 Spring/ECE 385/Labs/Lab 5/Workspace/files/slc3_testtop.sv Line: 18
    Warning (13410): Pin "SR1MUX_Outval[4]" is stuck at GND File: D:/UIUC/2022 Spring/ECE 385/Labs/Lab 5/Workspace/files/slc3_testtop.sv Line: 18
    Warning (13410): Pin "SR1MUX_Outval[5]" is stuck at GND File: D:/UIUC/2022 Spring/ECE 385/Labs/Lab 5/Workspace/files/slc3_testtop.sv Line: 18
    Warning (13410): Pin "SR1MUX_Outval[6]" is stuck at GND File: D:/UIUC/2022 Spring/ECE 385/Labs/Lab 5/Workspace/files/slc3_testtop.sv Line: 18
    Warning (13410): Pin "SR1MUX_Outval[7]" is stuck at GND File: D:/UIUC/2022 Spring/ECE 385/Labs/Lab 5/Workspace/files/slc3_testtop.sv Line: 18
    Warning (13410): Pin "SR1MUX_Outval[8]" is stuck at GND File: D:/UIUC/2022 Spring/ECE 385/Labs/Lab 5/Workspace/files/slc3_testtop.sv Line: 18
    Warning (13410): Pin "SR1MUX_Outval[9]" is stuck at GND File: D:/UIUC/2022 Spring/ECE 385/Labs/Lab 5/Workspace/files/slc3_testtop.sv Line: 18
    Warning (13410): Pin "SR1MUX_Outval[10]" is stuck at GND File: D:/UIUC/2022 Spring/ECE 385/Labs/Lab 5/Workspace/files/slc3_testtop.sv Line: 18
    Warning (13410): Pin "SR1MUX_Outval[11]" is stuck at GND File: D:/UIUC/2022 Spring/ECE 385/Labs/Lab 5/Workspace/files/slc3_testtop.sv Line: 18
    Warning (13410): Pin "SR1MUX_Outval[12]" is stuck at GND File: D:/UIUC/2022 Spring/ECE 385/Labs/Lab 5/Workspace/files/slc3_testtop.sv Line: 18
    Warning (13410): Pin "SR1MUX_Outval[13]" is stuck at GND File: D:/UIUC/2022 Spring/ECE 385/Labs/Lab 5/Workspace/files/slc3_testtop.sv Line: 18
    Warning (13410): Pin "SR1MUX_Outval[14]" is stuck at GND File: D:/UIUC/2022 Spring/ECE 385/Labs/Lab 5/Workspace/files/slc3_testtop.sv Line: 18
    Warning (13410): Pin "SR1MUX_Outval[15]" is stuck at GND File: D:/UIUC/2022 Spring/ECE 385/Labs/Lab 5/Workspace/files/slc3_testtop.sv Line: 18
Info (286030): Timing-Driven Synthesis is running
Info (17049): 5 registers lost all their fanouts during netlist optimizations.
Info (144001): Generated suppressed messages file D:/UIUC/2022 Spring/ECE 385/Labs/Lab 5/Workspace/output_files/ECE385Lab5.map.smsg
Info (16010): Generating hard_block partition "hard_block:auto_generated_inst"
    Info (16011): Adding 0 node(s), including 0 DDIO, 0 PLL, 0 transceiver and 0 LCELL
Info (21057): Implemented 810 device resources after synthesis - the final resource count might be different
    Info (21058): Implemented 13 input pins
    Info (21059): Implemented 135 output pins
    Info (21061): Implemented 662 logic cells
Info: Quartus Prime Analysis & Synthesis was successful. 0 errors, 21 warnings
    Info: Peak virtual memory: 4786 megabytes
    Info: Processing ended: Mon Mar 21 23:01:16 2022
    Info: Elapsed time: 00:00:19
    Info: Total CPU time (on all processors): 00:00:38


+------------------------------------------+
; Analysis & Synthesis Suppressed Messages ;
+------------------------------------------+
The suppressed messages can be found in D:/UIUC/2022 Spring/ECE 385/Labs/Lab 5/Workspace/output_files/ECE385Lab5.map.smsg.


