Analysis & Synthesis report for lab4
Mon Oct 03 13:27:57 2022
Quartus Prime Version 18.1.0 Build 625 09/12/2018 SJ Lite Edition


---------------------
; Table of Contents ;
---------------------
  1. Legal Notice
  2. Analysis & Synthesis Summary
  3. Analysis & Synthesis Settings
  4. Parallel Compilation
  5. Analysis & Synthesis Source Files Read
  6. Analysis & Synthesis Resource Usage Summary
  7. Analysis & Synthesis Resource Utilization by Entity
  8. State Machine - |Processor|control:CTRL|curr_state
  9. Registers Removed During Synthesis
 10. General Register Statistics
 11. Multiplexer Restructuring Statistics (Restructuring Performed)
 12. Port Connectivity Checks: "reg_8:Reg_B"
 13. Port Connectivity Checks: "reg_8:Reg_A"
 14. Port Connectivity Checks: "Operator:ALU|ADDER9:FA9|full_adder:FA8"
 15. Post-Synthesis Netlist Statistics for Top Partition
 16. Elapsed Time Per Partition
 17. Analysis & Synthesis Messages
 18. Analysis & Synthesis Suppressed Messages



----------------
; Legal Notice ;
----------------
Copyright (C) 2018  Intel Corporation. All rights reserved.
Your use of Intel Corporation's design tools, logic functions 
and other software and tools, and its AMPP partner logic 
functions, and any output files from any of the foregoing 
(including device programming or simulation files), and any 
associated documentation or information are expressly subject 
to the terms and conditions of the Intel Program License 
Subscription Agreement, the Intel Quartus Prime License Agreement,
the Intel FPGA IP License Agreement, or other applicable license
agreement, including, without limitation, that your use is for
the sole purpose of programming logic devices manufactured by
Intel and sold by Intel or its authorized distributors.  Please
refer to the applicable agreement for further details.



+----------------------------------------------------------------------------------+
; Analysis & Synthesis Summary                                                     ;
+------------------------------------+---------------------------------------------+
; Analysis & Synthesis Status        ; Successful - Mon Oct 03 13:27:57 2022       ;
; Quartus Prime Version              ; 18.1.0 Build 625 09/12/2018 SJ Lite Edition ;
; Revision Name                      ; lab4                                        ;
; Top-level Entity Name              ; Processor                                   ;
; Family                             ; MAX 10                                      ;
; Total logic elements               ; 92                                          ;
;     Total combinational functions  ; 84                                          ;
;     Dedicated logic registers      ; 36                                          ;
; Total registers                    ; 36                                          ;
; Total pins                         ; 77                                          ;
; Total virtual pins                 ; 0                                           ;
; Total memory bits                  ; 0                                           ;
; Embedded Multiplier 9-bit elements ; 0                                           ;
; Total PLLs                         ; 0                                           ;
; UFM blocks                         ; 0                                           ;
; ADC blocks                         ; 0                                           ;
+------------------------------------+---------------------------------------------+


+------------------------------------------------------------------------------------------------------------+
; Analysis & Synthesis Settings                                                                              ;
+------------------------------------------------------------------+--------------------+--------------------+
; Option                                                           ; Setting            ; Default Value      ;
+------------------------------------------------------------------+--------------------+--------------------+
; Device                                                           ; 10M50DAF484C7G     ;                    ;
; Top-level entity name                                            ; Processor          ; lab4               ;
; Family name                                                      ; MAX 10             ; Cyclone V          ;
; Maximum processors allowed for parallel compilation              ; 24                 ;                    ;
; Use smart compilation                                            ; Off                ; Off                ;
; Enable parallel Assembler and Timing Analyzer during compilation ; On                 ; On                 ;
; Enable compact report table                                      ; Off                ; Off                ;
; Restructure Multiplexers                                         ; Auto               ; Auto               ;
; Create Debugging Nodes for IP Cores                              ; Off                ; Off                ;
; Preserve fewer node names                                        ; On                 ; On                 ;
; Intel FPGA IP Evaluation Mode                                    ; Enable             ; Enable             ;
; Verilog Version                                                  ; Verilog_2001       ; Verilog_2001       ;
; VHDL Version                                                     ; VHDL_1993          ; VHDL_1993          ;
; State Machine Processing                                         ; Auto               ; Auto               ;
; Safe State Machine                                               ; Off                ; Off                ;
; Extract Verilog State Machines                                   ; On                 ; On                 ;
; Extract VHDL State Machines                                      ; On                 ; On                 ;
; Ignore Verilog initial constructs                                ; Off                ; Off                ;
; Iteration limit for constant Verilog loops                       ; 5000               ; 5000               ;
; Iteration limit for non-constant Verilog loops                   ; 250                ; 250                ;
; Add Pass-Through Logic to Inferred RAMs                          ; On                 ; On                 ;
; Infer RAMs from Raw Logic                                        ; On                 ; On                 ;
; Parallel Synthesis                                               ; On                 ; On                 ;
; DSP Block Balancing                                              ; Auto               ; Auto               ;
; NOT Gate Push-Back                                               ; On                 ; On                 ;
; Power-Up Don't Care                                              ; On                 ; On                 ;
; Remove Redundant Logic Cells                                     ; Off                ; Off                ;
; Remove Duplicate Registers                                       ; On                 ; On                 ;
; Ignore CARRY Buffers                                             ; Off                ; Off                ;
; Ignore CASCADE Buffers                                           ; Off                ; Off                ;
; Ignore GLOBAL Buffers                                            ; Off                ; Off                ;
; Ignore ROW GLOBAL Buffers                                        ; Off                ; Off                ;
; Ignore LCELL Buffers                                             ; Off                ; Off                ;
; Ignore SOFT Buffers                                              ; On                 ; On                 ;
; Limit AHDL Integers to 32 Bits                                   ; Off                ; Off                ;
; Optimization Technique                                           ; Balanced           ; Balanced           ;
; Carry Chain Length                                               ; 70                 ; 70                 ;
; Auto Carry Chains                                                ; On                 ; On                 ;
; Auto Open-Drain Pins                                             ; On                 ; On                 ;
; Perform WYSIWYG Primitive Resynthesis                            ; Off                ; Off                ;
; Auto ROM Replacement                                             ; On                 ; On                 ;
; Auto RAM Replacement                                             ; On                 ; On                 ;
; Auto DSP Block Replacement                                       ; On                 ; On                 ;
; Auto Shift Register Replacement                                  ; Auto               ; Auto               ;
; Allow Shift Register Merging across Hierarchies                  ; Auto               ; Auto               ;
; Auto Clock Enable Replacement                                    ; On                 ; On                 ;
; Strict RAM Replacement                                           ; Off                ; Off                ;
; Allow Synchronous Control Signals                                ; On                 ; On                 ;
; Force Use of Synchronous Clear Signals                           ; Off                ; Off                ;
; Auto RAM Block Balancing                                         ; On                 ; On                 ;
; Auto RAM to Logic Cell Conversion                                ; Off                ; Off                ;
; Auto Resource Sharing                                            ; Off                ; Off                ;
; Allow Any RAM Size For Recognition                               ; Off                ; Off                ;
; Allow Any ROM Size For Recognition                               ; Off                ; Off                ;
; Allow Any Shift Register Size For Recognition                    ; Off                ; Off                ;
; Use LogicLock Constraints during Resource Balancing              ; On                 ; On                 ;
; Ignore translate_off and synthesis_off directives                ; Off                ; Off                ;
; Timing-Driven Synthesis                                          ; On                 ; On                 ;
; Report Parameter Settings                                        ; On                 ; On                 ;
; Report Source Assignments                                        ; On                 ; On                 ;
; Report Connectivity Checks                                       ; On                 ; On                 ;
; Ignore Maximum Fan-Out Assignments                               ; Off                ; Off                ;
; Synchronization Register Chain Length                            ; 2                  ; 2                  ;
; Power Optimization During Synthesis                              ; Normal compilation ; Normal compilation ;
; HDL message level                                                ; Level2             ; Level2             ;
; Suppress Register Optimization Related Messages                  ; Off                ; Off                ;
; Number of Removed Registers Reported in Synthesis Report         ; 5000               ; 5000               ;
; Number of Swept Nodes Reported in Synthesis Report               ; 5000               ; 5000               ;
; Number of Inverted Registers Reported in Synthesis Report        ; 100                ; 100                ;
; Clock MUX Protection                                             ; On                 ; On                 ;
; Auto Gated Clock Conversion                                      ; Off                ; Off                ;
; Block Design Naming                                              ; Auto               ; Auto               ;
; SDC constraint protection                                        ; Off                ; Off                ;
; Synthesis Effort                                                 ; Auto               ; Auto               ;
; Shift Register Replacement - Allow Asynchronous Clear Signal     ; On                 ; On                 ;
; Pre-Mapping Resynthesis Optimization                             ; Off                ; Off                ;
; Analysis & Synthesis Message Level                               ; Medium             ; Medium             ;
; Disable Register Merging Across Hierarchies                      ; Auto               ; Auto               ;
; Resource Aware Inference For Block RAM                           ; On                 ; On                 ;
+------------------------------------------------------------------+--------------------+--------------------+


+------------------------------------------+
; Parallel Compilation                     ;
+----------------------------+-------------+
; Processors                 ; Number      ;
+----------------------------+-------------+
; Number detected on machine ; 24          ;
; Maximum allowed            ; 16          ;
;                            ;             ;
; Average used               ; 1.00        ;
; Maximum used               ; 16          ;
;                            ;             ;
; Usage by Processor         ; % Time Used ;
;     Processor 1            ; 100.0%      ;
;     Processors 2-16        ;   0.0%      ;
+----------------------------+-------------+


+---------------------------------------------------------------------------------------------------------------------------------------------------+
; Analysis & Synthesis Source Files Read                                                                                                            ;
+----------------------------------+-----------------+------------------------------+-----------------------------------------------------+---------+
; File Name with User-Entered Path ; Used in Netlist ; File Type                    ; File Name with Absolute Path                        ; Library ;
+----------------------------------+-----------------+------------------------------+-----------------------------------------------------+---------+
; Operator.sv                      ; yes             ; User SystemVerilog HDL File  ; C:/intelFPGA_lite/18.1/ece385/lab4/Operator.sv      ;         ;
; Reg_8.sv                         ; yes             ; User SystemVerilog HDL File  ; C:/intelFPGA_lite/18.1/ece385/lab4/Reg_8.sv         ;         ;
; Synchronizers.sv                 ; yes             ; User SystemVerilog HDL File  ; C:/intelFPGA_lite/18.1/ece385/lab4/Synchronizers.sv ;         ;
; Processor.sv                     ; yes             ; User SystemVerilog HDL File  ; C:/intelFPGA_lite/18.1/ece385/lab4/Processor.sv     ;         ;
; HexDriver.sv                     ; yes             ; User SystemVerilog HDL File  ; C:/intelFPGA_lite/18.1/ece385/lab4/HexDriver.sv     ;         ;
; Control.sv                       ; yes             ; User SystemVerilog HDL File  ; C:/intelFPGA_lite/18.1/ece385/lab4/Control.sv       ;         ;
; adder9.sv                        ; yes             ; User SystemVerilog HDL File  ; C:/intelFPGA_lite/18.1/ece385/lab4/adder9.sv        ;         ;
+----------------------------------+-----------------+------------------------------+-----------------------------------------------------+---------+


+---------------------------------------------------------+
; Analysis & Synthesis Resource Usage Summary             ;
+---------------------------------------------+-----------+
; Resource                                    ; Usage     ;
+---------------------------------------------+-----------+
; Estimated Total logic elements              ; 92        ;
;                                             ;           ;
; Total combinational functions               ; 84        ;
; Logic element usage by number of LUT inputs ;           ;
;     -- 4 input functions                    ; 45        ;
;     -- 3 input functions                    ; 16        ;
;     -- <=2 input functions                  ; 23        ;
;                                             ;           ;
; Logic elements by mode                      ;           ;
;     -- normal mode                          ; 84        ;
;     -- arithmetic mode                      ; 0         ;
;                                             ;           ;
; Total registers                             ; 36        ;
;     -- Dedicated logic registers            ; 36        ;
;     -- I/O registers                        ; 0         ;
;                                             ;           ;
; I/O pins                                    ; 77        ;
;                                             ;           ;
; Embedded Multiplier 9-bit elements          ; 0         ;
;                                             ;           ;
; Maximum fan-out node                        ; Clk~input ;
; Maximum fan-out                             ; 36        ;
; Total fan-out                               ; 504       ;
; Average fan-out                             ; 1.84      ;
+---------------------------------------------+-----------+


+------------------------------------------------------------------------------------------------------------------------------------------------------------------------------------------------------------------------------------------------------------------+
; Analysis & Synthesis Resource Utilization by Entity                                                                                                                                                                                                              ;
+----------------------------+---------------------+---------------------------+-------------+------------+--------------+---------+-----------+------+--------------+------------+---------------------------------------------------+-------------+--------------+
; Compilation Hierarchy Node ; Combinational ALUTs ; Dedicated Logic Registers ; Memory Bits ; UFM Blocks ; DSP Elements ; DSP 9x9 ; DSP 18x18 ; Pins ; Virtual Pins ; ADC blocks ; Full Hierarchy Name                               ; Entity Name ; Library Name ;
+----------------------------+---------------------+---------------------------+-------------+------------+--------------+---------+-----------+------+--------------+------------+---------------------------------------------------+-------------+--------------+
; |Processor                 ; 84 (0)              ; 36 (0)                    ; 0           ; 0          ; 0            ; 0       ; 0         ; 77   ; 0            ; 0          ; |Processor                                        ; Processor   ; work         ;
;    |HexDriver:Hex0|        ; 7 (7)               ; 0 (0)                     ; 0           ; 0          ; 0            ; 0       ; 0         ; 0    ; 0            ; 0          ; |Processor|HexDriver:Hex0                         ; HexDriver   ; work         ;
;    |HexDriver:Hex1|        ; 7 (7)               ; 0 (0)                     ; 0           ; 0          ; 0            ; 0       ; 0         ; 0    ; 0            ; 0          ; |Processor|HexDriver:Hex1                         ; HexDriver   ; work         ;
;    |HexDriver:Hex2|        ; 7 (7)               ; 0 (0)                     ; 0           ; 0          ; 0            ; 0       ; 0         ; 0    ; 0            ; 0          ; |Processor|HexDriver:Hex2                         ; HexDriver   ; work         ;
;    |HexDriver:Hex3|        ; 7 (7)               ; 0 (0)                     ; 0           ; 0          ; 0            ; 0       ; 0         ; 0    ; 0            ; 0          ; |Processor|HexDriver:Hex3                         ; HexDriver   ; work         ;
;    |Operator:ALU|          ; 26 (7)              ; 0 (0)                     ; 0           ; 0          ; 0            ; 0       ; 0         ; 0    ; 0            ; 0          ; |Processor|Operator:ALU                           ; Operator    ; work         ;
;       |ADDER9:FA9|         ; 19 (0)              ; 0 (0)                     ; 0           ; 0          ; 0            ; 0       ; 0         ; 0    ; 0            ; 0          ; |Processor|Operator:ALU|ADDER9:FA9                ; ADDER9      ; work         ;
;          |full_adder:FA0|  ; 3 (3)               ; 0 (0)                     ; 0           ; 0          ; 0            ; 0       ; 0         ; 0    ; 0            ; 0          ; |Processor|Operator:ALU|ADDER9:FA9|full_adder:FA0 ; full_adder  ; work         ;
;          |full_adder:FA1|  ; 2 (2)               ; 0 (0)                     ; 0           ; 0          ; 0            ; 0       ; 0         ; 0    ; 0            ; 0          ; |Processor|Operator:ALU|ADDER9:FA9|full_adder:FA1 ; full_adder  ; work         ;
;          |full_adder:FA2|  ; 2 (2)               ; 0 (0)                     ; 0           ; 0          ; 0            ; 0       ; 0         ; 0    ; 0            ; 0          ; |Processor|Operator:ALU|ADDER9:FA9|full_adder:FA2 ; full_adder  ; work         ;
;          |full_adder:FA3|  ; 2 (2)               ; 0 (0)                     ; 0           ; 0          ; 0            ; 0       ; 0         ; 0    ; 0            ; 0          ; |Processor|Operator:ALU|ADDER9:FA9|full_adder:FA3 ; full_adder  ; work         ;
;          |full_adder:FA4|  ; 2 (2)               ; 0 (0)                     ; 0           ; 0          ; 0            ; 0       ; 0         ; 0    ; 0            ; 0          ; |Processor|Operator:ALU|ADDER9:FA9|full_adder:FA4 ; full_adder  ; work         ;
;          |full_adder:FA5|  ; 2 (2)               ; 0 (0)                     ; 0           ; 0          ; 0            ; 0       ; 0         ; 0    ; 0            ; 0          ; |Processor|Operator:ALU|ADDER9:FA9|full_adder:FA5 ; full_adder  ; work         ;
;          |full_adder:FA6|  ; 2 (2)               ; 0 (0)                     ; 0           ; 0          ; 0            ; 0       ; 0         ; 0    ; 0            ; 0          ; |Processor|Operator:ALU|ADDER9:FA9|full_adder:FA6 ; full_adder  ; work         ;
;          |full_adder:FA7|  ; 2 (2)               ; 0 (0)                     ; 0           ; 0          ; 0            ; 0       ; 0         ; 0    ; 0            ; 0          ; |Processor|Operator:ALU|ADDER9:FA9|full_adder:FA7 ; full_adder  ; work         ;
;          |full_adder:FA8|  ; 2 (2)               ; 0 (0)                     ; 0           ; 0          ; 0            ; 0       ; 0         ; 0    ; 0            ; 0          ; |Processor|Operator:ALU|ADDER9:FA9|full_adder:FA8 ; full_adder  ; work         ;
;    |control:CTRL|          ; 11 (11)             ; 10 (10)                   ; 0           ; 0          ; 0            ; 0       ; 0         ; 0    ; 0            ; 0          ; |Processor|control:CTRL                           ; control     ; work         ;
;    |reg_8:Reg_A|           ; 9 (9)               ; 8 (8)                     ; 0           ; 0          ; 0            ; 0       ; 0         ; 0    ; 0            ; 0          ; |Processor|reg_8:Reg_A                            ; reg_8       ; work         ;
;    |reg_8:Reg_B|           ; 8 (8)               ; 8 (8)                     ; 0           ; 0          ; 0            ; 0       ; 0         ; 0    ; 0            ; 0          ; |Processor|reg_8:Reg_B                            ; reg_8       ; work         ;
;    |sync:Din_sync[0]|      ; 0 (0)               ; 1 (1)                     ; 0           ; 0          ; 0            ; 0       ; 0         ; 0    ; 0            ; 0          ; |Processor|sync:Din_sync[0]                       ; sync        ; work         ;
;    |sync:Din_sync[1]|      ; 0 (0)               ; 1 (1)                     ; 0           ; 0          ; 0            ; 0       ; 0         ; 0    ; 0            ; 0          ; |Processor|sync:Din_sync[1]                       ; sync        ; work         ;
;    |sync:Din_sync[2]|      ; 0 (0)               ; 1 (1)                     ; 0           ; 0          ; 0            ; 0       ; 0         ; 0    ; 0            ; 0          ; |Processor|sync:Din_sync[2]                       ; sync        ; work         ;
;    |sync:Din_sync[3]|      ; 0 (0)               ; 1 (1)                     ; 0           ; 0          ; 0            ; 0       ; 0         ; 0    ; 0            ; 0          ; |Processor|sync:Din_sync[3]                       ; sync        ; work         ;
;    |sync:Din_sync[4]|      ; 0 (0)               ; 1 (1)                     ; 0           ; 0          ; 0            ; 0       ; 0         ; 0    ; 0            ; 0          ; |Processor|sync:Din_sync[4]                       ; sync        ; work         ;
;    |sync:Din_sync[5]|      ; 0 (0)               ; 1 (1)                     ; 0           ; 0          ; 0            ; 0       ; 0         ; 0    ; 0            ; 0          ; |Processor|sync:Din_sync[5]                       ; sync        ; work         ;
;    |sync:Din_sync[6]|      ; 0 (0)               ; 1 (1)                     ; 0           ; 0          ; 0            ; 0       ; 0         ; 0    ; 0            ; 0          ; |Processor|sync:Din_sync[6]                       ; sync        ; work         ;
;    |sync:Din_sync[7]|      ; 0 (0)               ; 1 (1)                     ; 0           ; 0          ; 0            ; 0       ; 0         ; 0    ; 0            ; 0          ; |Processor|sync:Din_sync[7]                       ; sync        ; work         ;
;    |sync:button_sync[0]|   ; 1 (1)               ; 1 (1)                     ; 0           ; 0          ; 0            ; 0       ; 0         ; 0    ; 0            ; 0          ; |Processor|sync:button_sync[0]                    ; sync        ; work         ;
;    |sync:button_sync[1]|   ; 1 (1)               ; 1 (1)                     ; 0           ; 0          ; 0            ; 0       ; 0         ; 0    ; 0            ; 0          ; |Processor|sync:button_sync[1]                    ; sync        ; work         ;
+----------------------------+---------------------+---------------------------+-------------+------------+--------------+---------+-----------+------+--------------+------------+---------------------------------------------------+-------------+--------------+
Note: For table entries with two numbers listed, the numbers in parentheses indicate the number of resources of the given type used by the specific entity alone. The numbers listed outside of parentheses indicate the total resources of the given type used by the specific entity and all of its sub-entities in the hierarchy.


Encoding Type:  One-Hot
+--------------------------------------------------------------------------------------------------------------------------------------------------------------------+
; State Machine - |Processor|control:CTRL|curr_state                                                                                                                 ;
+--------------+--------------+--------------+--------------+--------------+--------------+--------------+--------------+--------------+--------------+--------------+
; Name         ; curr_state.J ; curr_state.I ; curr_state.H ; curr_state.G ; curr_state.F ; curr_state.E ; curr_state.D ; curr_state.C ; curr_state.B ; curr_state.A ;
+--------------+--------------+--------------+--------------+--------------+--------------+--------------+--------------+--------------+--------------+--------------+
; curr_state.A ; 0            ; 0            ; 0            ; 0            ; 0            ; 0            ; 0            ; 0            ; 0            ; 0            ;
; curr_state.B ; 0            ; 0            ; 0            ; 0            ; 0            ; 0            ; 0            ; 0            ; 1            ; 1            ;
; curr_state.C ; 0            ; 0            ; 0            ; 0            ; 0            ; 0            ; 0            ; 1            ; 0            ; 1            ;
; curr_state.D ; 0            ; 0            ; 0            ; 0            ; 0            ; 0            ; 1            ; 0            ; 0            ; 1            ;
; curr_state.E ; 0            ; 0            ; 0            ; 0            ; 0            ; 1            ; 0            ; 0            ; 0            ; 1            ;
; curr_state.F ; 0            ; 0            ; 0            ; 0            ; 1            ; 0            ; 0            ; 0            ; 0            ; 1            ;
; curr_state.G ; 0            ; 0            ; 0            ; 1            ; 0            ; 0            ; 0            ; 0            ; 0            ; 1            ;
; curr_state.H ; 0            ; 0            ; 1            ; 0            ; 0            ; 0            ; 0            ; 0            ; 0            ; 1            ;
; curr_state.I ; 0            ; 1            ; 0            ; 0            ; 0            ; 0            ; 0            ; 0            ; 0            ; 1            ;
; curr_state.J ; 1            ; 0            ; 0            ; 0            ; 0            ; 0            ; 0            ; 0            ; 0            ; 1            ;
+--------------+--------------+--------------+--------------+--------------+--------------+--------------+--------------+--------------+--------------+--------------+


+------------------------------------------------------------+
; Registers Removed During Synthesis                         ;
+---------------------------------------+--------------------+
; Register name                         ; Reason for Removal ;
+---------------------------------------+--------------------+
; control:CTRL|curr_state~2             ; Lost fanout        ;
; control:CTRL|curr_state~3             ; Lost fanout        ;
; control:CTRL|curr_state~4             ; Lost fanout        ;
; control:CTRL|curr_state~5             ; Lost fanout        ;
; Total Number of Removed Registers = 4 ;                    ;
+---------------------------------------+--------------------+


+------------------------------------------------------+
; General Register Statistics                          ;
+----------------------------------------------+-------+
; Statistic                                    ; Value ;
+----------------------------------------------+-------+
; Total registers                              ; 36    ;
; Number of registers using Synchronous Clear  ; 1     ;
; Number of registers using Synchronous Load   ; 0     ;
; Number of registers using Asynchronous Clear ; 0     ;
; Number of registers using Asynchronous Load  ; 0     ;
; Number of registers using Clock Enable       ; 16    ;
; Number of registers using Preset             ; 0     ;
+----------------------------------------------+-------+


+--------------------------------------------------------------------------------------------------------------------------------------------------+
; Multiplexer Restructuring Statistics (Restructuring Performed)                                                                                   ;
+--------------------+-----------+---------------+----------------------+------------------------+------------+------------------------------------+
; Multiplexer Inputs ; Bus Width ; Baseline Area ; Area if Restructured ; Saving if Restructured ; Registered ; Example Multiplexer Output         ;
+--------------------+-----------+---------------+----------------------+------------------------+------------+------------------------------------+
; 3:1                ; 8 bits    ; 16 LEs        ; 8 LEs                ; 8 LEs                  ; Yes        ; |Processor|reg_8:Reg_A|Data_Out[0] ;
; 3:1                ; 8 bits    ; 16 LEs        ; 8 LEs                ; 8 LEs                  ; Yes        ; |Processor|reg_8:Reg_B|Data_Out[0] ;
+--------------------+-----------+---------------+----------------------+------------------------+------------+------------------------------------+


+-----------------------------------------+
; Port Connectivity Checks: "reg_8:Reg_B" ;
+-------+-------+----------+--------------+
; Port  ; Type  ; Severity ; Details      ;
+-------+-------+----------+--------------+
; Reset ; Input ; Info     ; Stuck at GND ;
+-------+-------+----------+--------------+


+---------------------------------------------------------------------------------------------------------------------+
; Port Connectivity Checks: "reg_8:Reg_A"                                                                             ;
+-----------+--------+----------+-------------------------------------------------------------------------------------+
; Port      ; Type   ; Severity ; Details                                                                             ;
+-----------+--------+----------+-------------------------------------------------------------------------------------+
; Shift_In  ; Input  ; Info     ; Stuck at GND                                                                        ;
; Shift_En  ; Input  ; Info     ; Stuck at GND                                                                        ;
; Shift_Out ; Output ; Info     ; Connected to dangling logic. Logic that only feeds a dangling port will be removed. ;
+-----------+--------+----------+-------------------------------------------------------------------------------------+


+----------------------------------------------------------------------------------------------------------------+
; Port Connectivity Checks: "Operator:ALU|ADDER9:FA9|full_adder:FA8"                                             ;
+------+--------+----------+-------------------------------------------------------------------------------------+
; Port ; Type   ; Severity ; Details                                                                             ;
+------+--------+----------+-------------------------------------------------------------------------------------+
; c    ; Output ; Info     ; Connected to dangling logic. Logic that only feeds a dangling port will be removed. ;
+------+--------+----------+-------------------------------------------------------------------------------------+


+-----------------------------------------------------+
; Post-Synthesis Netlist Statistics for Top Partition ;
+-----------------------+-----------------------------+
; Type                  ; Count                       ;
+-----------------------+-----------------------------+
; boundary_port         ; 77                          ;
; cycloneiii_ff         ; 36                          ;
;     ENA               ; 16                          ;
;     SCLR              ; 1                           ;
;     plain             ; 19                          ;
; cycloneiii_lcell_comb ; 89                          ;
;     normal            ; 89                          ;
;         1 data inputs ; 7                           ;
;         2 data inputs ; 21                          ;
;         3 data inputs ; 16                          ;
;         4 data inputs ; 45                          ;
;                       ;                             ;
; Max LUT depth         ; 9.00                        ;
; Average LUT depth     ; 3.20                        ;
+-----------------------+-----------------------------+


+-------------------------------+
; Elapsed Time Per Partition    ;
+----------------+--------------+
; Partition Name ; Elapsed Time ;
+----------------+--------------+
; Top            ; 00:00:00     ;
+----------------+--------------+


+-------------------------------+
; Analysis & Synthesis Messages ;
+-------------------------------+
Info: *******************************************************************
Info: Running Quartus Prime Analysis & Synthesis
    Info: Version 18.1.0 Build 625 09/12/2018 SJ Lite Edition
    Info: Processing started: Mon Oct 03 13:27:50 2022
Info: Command: quartus_map --read_settings_files=on --write_settings_files=off lab4 -c lab4
Info (20032): Parallel compilation is enabled and will use up to 16 processors
Info (12021): Found 1 design units, including 1 entities, in source file operator.sv
    Info (12023): Found entity 1: Operator File: C:/intelFPGA_lite/18.1/ece385/lab4/Operator.sv Line: 1
Info (12021): Found 1 design units, including 1 entities, in source file reg_8.sv
    Info (12023): Found entity 1: reg_8 File: C:/intelFPGA_lite/18.1/ece385/lab4/Reg_8.sv Line: 1
Info (12021): Found 3 design units, including 3 entities, in source file synchronizers.sv
    Info (12023): Found entity 1: sync File: C:/intelFPGA_lite/18.1/ece385/lab4/Synchronizers.sv Line: 4
    Info (12023): Found entity 2: sync_r0 File: C:/intelFPGA_lite/18.1/ece385/lab4/Synchronizers.sv Line: 18
    Info (12023): Found entity 3: sync_r1 File: C:/intelFPGA_lite/18.1/ece385/lab4/Synchronizers.sv Line: 39
Info (12021): Found 1 design units, including 1 entities, in source file processor.sv
    Info (12023): Found entity 1: Processor File: C:/intelFPGA_lite/18.1/ece385/lab4/Processor.sv Line: 1
Info (12021): Found 1 design units, including 1 entities, in source file hexdriver.sv
    Info (12023): Found entity 1: HexDriver File: C:/intelFPGA_lite/18.1/ece385/lab4/HexDriver.sv Line: 1
Info (12021): Found 1 design units, including 1 entities, in source file control.sv
    Info (12023): Found entity 1: control File: C:/intelFPGA_lite/18.1/ece385/lab4/Control.sv Line: 3
Info (12021): Found 2 design units, including 2 entities, in source file adder9.sv
    Info (12023): Found entity 1: full_adder File: C:/intelFPGA_lite/18.1/ece385/lab4/adder9.sv Line: 1
    Info (12023): Found entity 2: ADDER9 File: C:/intelFPGA_lite/18.1/ece385/lab4/adder9.sv Line: 7
Info (12021): Found 1 design units, including 1 entities, in source file testbench.sv
    Info (12023): Found entity 1: testbench File: C:/intelFPGA_lite/18.1/ece385/lab4/testbench.sv Line: 1
Info (12127): Elaborating entity "Processor" for the top level hierarchy
Info (12128): Elaborating entity "sync" for hierarchy "sync:button_sync[0]" File: C:/intelFPGA_lite/18.1/ece385/lab4/Processor.sv Line: 38
Info (12128): Elaborating entity "control" for hierarchy "control:CTRL" File: C:/intelFPGA_lite/18.1/ece385/lab4/Processor.sv Line: 50
Info (10264): Verilog HDL Case Statement information at Control.sv(42): all case item expressions in this case statement are onehot File: C:/intelFPGA_lite/18.1/ece385/lab4/Control.sv Line: 42
Warning (10034): Output port "CLRA" at Control.sv(4) has no driver File: C:/intelFPGA_lite/18.1/ece385/lab4/Control.sv Line: 4
Info (12128): Elaborating entity "Operator" for hierarchy "Operator:ALU" File: C:/intelFPGA_lite/18.1/ece385/lab4/Processor.sv Line: 58
Warning (10230): Verilog HDL assignment warning at Operator.sv(28): truncated value with size 9 to match size of target (8) File: C:/intelFPGA_lite/18.1/ece385/lab4/Operator.sv Line: 28
Info (12128): Elaborating entity "ADDER9" for hierarchy "Operator:ALU|ADDER9:FA9" File: C:/intelFPGA_lite/18.1/ece385/lab4/Operator.sv Line: 34
Info (12128): Elaborating entity "full_adder" for hierarchy "Operator:ALU|ADDER9:FA9|full_adder:FA0" File: C:/intelFPGA_lite/18.1/ece385/lab4/adder9.sv Line: 13
Info (12128): Elaborating entity "reg_8" for hierarchy "reg_8:Reg_A" File: C:/intelFPGA_lite/18.1/ece385/lab4/Processor.sv Line: 68
Info (12128): Elaborating entity "HexDriver" for hierarchy "HexDriver:Hex0" File: C:/intelFPGA_lite/18.1/ece385/lab4/Processor.sv Line: 82
Info (286030): Timing-Driven Synthesis is running
Info (17049): 4 registers lost all their fanouts during netlist optimizations.
Info (144001): Generated suppressed messages file C:/intelFPGA_lite/18.1/ece385/lab4/output_files/lab4.map.smsg
Info (16010): Generating hard_block partition "hard_block:auto_generated_inst"
    Info (16011): Adding 0 node(s), including 0 DDIO, 0 PLL, 0 transceiver and 0 LCELL
Info (21057): Implemented 169 device resources after synthesis - the final resource count might be different
    Info (21058): Implemented 11 input pins
    Info (21059): Implemented 66 output pins
    Info (21061): Implemented 92 logic cells
Info: Quartus Prime Analysis & Synthesis was successful. 0 errors, 2 warnings
    Info: Peak virtual memory: 4839 megabytes
    Info: Processing ended: Mon Oct 03 13:27:57 2022
    Info: Elapsed time: 00:00:07
    Info: Total CPU time (on all processors): 00:00:15


+------------------------------------------+
; Analysis & Synthesis Suppressed Messages ;
+------------------------------------------+
The suppressed messages can be found in C:/intelFPGA_lite/18.1/ece385/lab4/output_files/lab4.map.smsg.


