Analysis & Synthesis report for lab53
Fri Oct 07 04:43:20 2022
Quartus Prime Version 18.1.0 Build 625 09/12/2018 SJ Lite Edition


---------------------
; Table of Contents ;
---------------------
  1. Legal Notice
  2. Analysis & Synthesis Summary
  3. Analysis & Synthesis Settings
  4. Parallel Compilation
  5. Analysis & Synthesis Source Files Read
  6. Analysis & Synthesis Resource Usage Summary
  7. Analysis & Synthesis Resource Utilization by Entity
  8. Analysis & Synthesis RAM Summary
  9. Analysis & Synthesis IP Cores Summary
 10. State Machine - |slc3_sramtop|Instantiateram:instaRam|state
 11. State Machine - |slc3_sramtop|slc3:slc|ISDU:state_controller|State
 12. Registers Removed During Synthesis
 13. General Register Statistics
 14. Multiplexer Restructuring Statistics (Restructuring Performed)
 15. Source assignments for ram:ram0|altsyncram:altsyncram_component|altsyncram_hag1:auto_generated
 16. Parameter Settings for User Entity Instance: ram:ram0|altsyncram:altsyncram_component
 17. altsyncram Parameter Settings by Entity Instance
 18. Port Connectivity Checks: "Instantiateram:instaRam"
 19. Port Connectivity Checks: "slc3:slc|datapath:d0|IR_:ir|reg_16:ir_reg"
 20. Port Connectivity Checks: "slc3:slc|datapath:d0|MAR_:mar|reg_16:mar_reg"
 21. Port Connectivity Checks: "slc3:slc|datapath:d0|MDR_:mdr|reg_16:mdr_reg"
 22. Port Connectivity Checks: "slc3:slc|datapath:d0|PCMUX_:pcmux|MUX_41:pcmux"
 23. Port Connectivity Checks: "slc3:slc|datapath:d0|REGFILE_:regfile"
 24. Port Connectivity Checks: "slc3:slc"
 25. Post-Synthesis Netlist Statistics for Top Partition
 26. Elapsed Time Per Partition
 27. Analysis & Synthesis Messages
 28. Analysis & Synthesis Suppressed Messages



----------------
; Legal Notice ;
----------------
Copyright (C) 2018  Intel Corporation. All rights reserved.
Your use of Intel Corporation's design tools, logic functions 
and other software and tools, and its AMPP partner logic 
functions, and any output files from any of the foregoing 
(including device programming or simulation files), and any 
associated documentation or information are expressly subject 
to the terms and conditions of the Intel Program License 
Subscription Agreement, the Intel Quartus Prime License Agreement,
the Intel FPGA IP License Agreement, or other applicable license
agreement, including, without limitation, that your use is for
the sole purpose of programming logic devices manufactured by
Intel and sold by Intel or its authorized distributors.  Please
refer to the applicable agreement for further details.



+----------------------------------------------------------------------------------+
; Analysis & Synthesis Summary                                                     ;
+------------------------------------+---------------------------------------------+
; Analysis & Synthesis Status        ; Successful - Fri Oct 07 04:43:20 2022       ;
; Quartus Prime Version              ; 18.1.0 Build 625 09/12/2018 SJ Lite Edition ;
; Revision Name                      ; lab53                                       ;
; Top-level Entity Name              ; slc3_sramtop                                ;
; Family                             ; MAX 10                                      ;
; Total logic elements               ; 968                                         ;
;     Total combinational functions  ; 821                                         ;
;     Dedicated logic registers      ; 269                                         ;
; Total registers                    ; 269                                         ;
; Total pins                         ; 148                                         ;
; Total virtual pins                 ; 0                                           ;
; Total memory bits                  ; 16,384                                      ;
; Embedded Multiplier 9-bit elements ; 0                                           ;
; Total PLLs                         ; 0                                           ;
; UFM blocks                         ; 0                                           ;
; ADC blocks                         ; 0                                           ;
+------------------------------------+---------------------------------------------+


+------------------------------------------------------------------------------------------------------------+
; Analysis & Synthesis Settings                                                                              ;
+------------------------------------------------------------------+--------------------+--------------------+
; Option                                                           ; Setting            ; Default Value      ;
+------------------------------------------------------------------+--------------------+--------------------+
; Device                                                           ; 10M50DAF484C7G     ;                    ;
; Top-level entity name                                            ; slc3_sramtop       ; lab53              ;
; Family name                                                      ; MAX 10             ; Cyclone V          ;
; Use smart compilation                                            ; Off                ; Off                ;
; Enable parallel Assembler and Timing Analyzer during compilation ; On                 ; On                 ;
; Enable compact report table                                      ; Off                ; Off                ;
; Restructure Multiplexers                                         ; Auto               ; Auto               ;
; Create Debugging Nodes for IP Cores                              ; Off                ; Off                ;
; Preserve fewer node names                                        ; On                 ; On                 ;
; Intel FPGA IP Evaluation Mode                                    ; Enable             ; Enable             ;
; Verilog Version                                                  ; Verilog_2001       ; Verilog_2001       ;
; VHDL Version                                                     ; VHDL_1993          ; VHDL_1993          ;
; State Machine Processing                                         ; Auto               ; Auto               ;
; Safe State Machine                                               ; Off                ; Off                ;
; Extract Verilog State Machines                                   ; On                 ; On                 ;
; Extract VHDL State Machines                                      ; On                 ; On                 ;
; Ignore Verilog initial constructs                                ; Off                ; Off                ;
; Iteration limit for constant Verilog loops                       ; 5000               ; 5000               ;
; Iteration limit for non-constant Verilog loops                   ; 250                ; 250                ;
; Add Pass-Through Logic to Inferred RAMs                          ; On                 ; On                 ;
; Infer RAMs from Raw Logic                                        ; On                 ; On                 ;
; Parallel Synthesis                                               ; On                 ; On                 ;
; DSP Block Balancing                                              ; Auto               ; Auto               ;
; NOT Gate Push-Back                                               ; On                 ; On                 ;
; Power-Up Don't Care                                              ; On                 ; On                 ;
; Remove Redundant Logic Cells                                     ; Off                ; Off                ;
; Remove Duplicate Registers                                       ; On                 ; On                 ;
; Ignore CARRY Buffers                                             ; Off                ; Off                ;
; Ignore CASCADE Buffers                                           ; Off                ; Off                ;
; Ignore GLOBAL Buffers                                            ; Off                ; Off                ;
; Ignore ROW GLOBAL Buffers                                        ; Off                ; Off                ;
; Ignore LCELL Buffers                                             ; Off                ; Off                ;
; Ignore SOFT Buffers                                              ; On                 ; On                 ;
; Limit AHDL Integers to 32 Bits                                   ; Off                ; Off                ;
; Optimization Technique                                           ; Balanced           ; Balanced           ;
; Carry Chain Length                                               ; 70                 ; 70                 ;
; Auto Carry Chains                                                ; On                 ; On                 ;
; Auto Open-Drain Pins                                             ; On                 ; On                 ;
; Perform WYSIWYG Primitive Resynthesis                            ; Off                ; Off                ;
; Auto ROM Replacement                                             ; On                 ; On                 ;
; Auto RAM Replacement                                             ; On                 ; On                 ;
; Auto DSP Block Replacement                                       ; On                 ; On                 ;
; Auto Shift Register Replacement                                  ; Auto               ; Auto               ;
; Allow Shift Register Merging across Hierarchies                  ; Auto               ; Auto               ;
; Auto Clock Enable Replacement                                    ; On                 ; On                 ;
; Strict RAM Replacement                                           ; Off                ; Off                ;
; Allow Synchronous Control Signals                                ; On                 ; On                 ;
; Force Use of Synchronous Clear Signals                           ; Off                ; Off                ;
; Auto RAM Block Balancing                                         ; On                 ; On                 ;
; Auto RAM to Logic Cell Conversion                                ; Off                ; Off                ;
; Auto Resource Sharing                                            ; Off                ; Off                ;
; Allow Any RAM Size For Recognition                               ; Off                ; Off                ;
; Allow Any ROM Size For Recognition                               ; Off                ; Off                ;
; Allow Any Shift Register Size For Recognition                    ; Off                ; Off                ;
; Use LogicLock Constraints during Resource Balancing              ; On                 ; On                 ;
; Ignore translate_off and synthesis_off directives                ; Off                ; Off                ;
; Timing-Driven Synthesis                                          ; On                 ; On                 ;
; Report Parameter Settings                                        ; On                 ; On                 ;
; Report Source Assignments                                        ; On                 ; On                 ;
; Report Connectivity Checks                                       ; On                 ; On                 ;
; Ignore Maximum Fan-Out Assignments                               ; Off                ; Off                ;
; Synchronization Register Chain Length                            ; 2                  ; 2                  ;
; Power Optimization During Synthesis                              ; Normal compilation ; Normal compilation ;
; HDL message level                                                ; Level2             ; Level2             ;
; Suppress Register Optimization Related Messages                  ; Off                ; Off                ;
; Number of Removed Registers Reported in Synthesis Report         ; 5000               ; 5000               ;
; Number of Swept Nodes Reported in Synthesis Report               ; 5000               ; 5000               ;
; Number of Inverted Registers Reported in Synthesis Report        ; 100                ; 100                ;
; Clock MUX Protection                                             ; On                 ; On                 ;
; Auto Gated Clock Conversion                                      ; Off                ; Off                ;
; Block Design Naming                                              ; Auto               ; Auto               ;
; SDC constraint protection                                        ; Off                ; Off                ;
; Synthesis Effort                                                 ; Auto               ; Auto               ;
; Shift Register Replacement - Allow Asynchronous Clear Signal     ; On                 ; On                 ;
; Pre-Mapping Resynthesis Optimization                             ; Off                ; Off                ;
; Analysis & Synthesis Message Level                               ; Medium             ; Medium             ;
; Disable Register Merging Across Hierarchies                      ; Auto               ; Auto               ;
; Resource Aware Inference For Block RAM                           ; On                 ; On                 ;
+------------------------------------------------------------------+--------------------+--------------------+


+------------------------------------------+
; Parallel Compilation                     ;
+----------------------------+-------------+
; Processors                 ; Number      ;
+----------------------------+-------------+
; Number detected on machine ; 24          ;
; Maximum allowed            ; 16          ;
;                            ;             ;
; Average used               ; 1.00        ;
; Maximum used               ; 16          ;
;                            ;             ;
; Usage by Processor         ; % Time Used ;
;     Processor 1            ; 100.0%      ;
;     Processor 2            ;   0.0%      ;
;     Processor 3            ;   0.0%      ;
;     Processor 4            ;   0.0%      ;
;     Processor 5            ;   0.0%      ;
;     Processor 6            ;   0.0%      ;
;     Processor 7            ;   0.0%      ;
;     Processor 8            ;   0.0%      ;
;     Processors 9-16        ;   0.0%      ;
+----------------------------+-------------+


+-----------------------------------------------------------------------------------------------------------------------------------------------------------------------------------+
; Analysis & Synthesis Source Files Read                                                                                                                                            ;
+-----------------------------------------+-----------------+------------------------------+------------------------------------------------------------------------------+---------+
; File Name with User-Entered Path        ; Used in Netlist ; File Type                    ; File Name with Absolute Path                                                 ; Library ;
+-----------------------------------------+-----------------+------------------------------+------------------------------------------------------------------------------+---------+
; Lab 5/Workspace/files/ram.v             ; yes             ; User Wizard-Generated File   ; C:/intelFPGA_lite/18.1/ece385/lab5.3/Lab 5/Workspace/files/ram.v             ;         ;
; Lab 5/Workspace/files/synchronizers.sv  ; yes             ; User SystemVerilog HDL File  ; C:/intelFPGA_lite/18.1/ece385/lab5.3/Lab 5/Workspace/files/synchronizers.sv  ;         ;
; Lab 5/Workspace/files/SR1MUX_.sv        ; yes             ; User SystemVerilog HDL File  ; C:/intelFPGA_lite/18.1/ece385/lab5.3/Lab 5/Workspace/files/SR1MUX_.sv        ;         ;
; Lab 5/Workspace/files/slc3_sramtop.sv   ; yes             ; User SystemVerilog HDL File  ; C:/intelFPGA_lite/18.1/ece385/lab5.3/Lab 5/Workspace/files/slc3_sramtop.sv   ;         ;
; Lab 5/Workspace/files/SLC3_2.sv         ; yes             ; User SystemVerilog HDL File  ; C:/intelFPGA_lite/18.1/ece385/lab5.3/Lab 5/Workspace/files/SLC3_2.sv         ;         ;
; Lab 5/Workspace/files/slc3.sv           ; yes             ; User SystemVerilog HDL File  ; C:/intelFPGA_lite/18.1/ece385/lab5.3/Lab 5/Workspace/files/slc3.sv           ;         ;
; Lab 5/Workspace/files/REGFILE_.sv       ; yes             ; User SystemVerilog HDL File  ; C:/intelFPGA_lite/18.1/ece385/lab5.3/Lab 5/Workspace/files/REGFILE_.sv       ;         ;
; Lab 5/Workspace/files/Reg_16.sv         ; yes             ; User SystemVerilog HDL File  ; C:/intelFPGA_lite/18.1/ece385/lab5.3/Lab 5/Workspace/files/Reg_16.sv         ;         ;
; Lab 5/Workspace/files/PCMUX_.sv         ; yes             ; User SystemVerilog HDL File  ; C:/intelFPGA_lite/18.1/ece385/lab5.3/Lab 5/Workspace/files/PCMUX_.sv         ;         ;
; Lab 5/Workspace/files/PC_.sv            ; yes             ; User SystemVerilog HDL File  ; C:/intelFPGA_lite/18.1/ece385/lab5.3/Lab 5/Workspace/files/PC_.sv            ;         ;
; Lab 5/Workspace/files/MUX_81.sv         ; yes             ; User SystemVerilog HDL File  ; C:/intelFPGA_lite/18.1/ece385/lab5.3/Lab 5/Workspace/files/MUX_81.sv         ;         ;
; Lab 5/Workspace/files/MUX_41.sv         ; yes             ; User SystemVerilog HDL File  ; C:/intelFPGA_lite/18.1/ece385/lab5.3/Lab 5/Workspace/files/MUX_41.sv         ;         ;
; Lab 5/Workspace/files/MUX_21.sv         ; yes             ; User SystemVerilog HDL File  ; C:/intelFPGA_lite/18.1/ece385/lab5.3/Lab 5/Workspace/files/MUX_21.sv         ;         ;
; Lab 5/Workspace/files/Mem2IO.sv         ; yes             ; User SystemVerilog HDL File  ; C:/intelFPGA_lite/18.1/ece385/lab5.3/Lab 5/Workspace/files/Mem2IO.sv         ;         ;
; Lab 5/Workspace/files/MDR_.sv           ; yes             ; User SystemVerilog HDL File  ; C:/intelFPGA_lite/18.1/ece385/lab5.3/Lab 5/Workspace/files/MDR_.sv           ;         ;
; Lab 5/Workspace/files/MAR_.sv           ; yes             ; User SystemVerilog HDL File  ; C:/intelFPGA_lite/18.1/ece385/lab5.3/Lab 5/Workspace/files/MAR_.sv           ;         ;
; Lab 5/Workspace/files/ISDU.sv           ; yes             ; User SystemVerilog HDL File  ; C:/intelFPGA_lite/18.1/ece385/lab5.3/Lab 5/Workspace/files/ISDU.sv           ;         ;
; Lab 5/Workspace/files/IR_.sv            ; yes             ; User SystemVerilog HDL File  ; C:/intelFPGA_lite/18.1/ece385/lab5.3/Lab 5/Workspace/files/IR_.sv            ;         ;
; Lab 5/Workspace/files/Instantiateram.sv ; yes             ; User SystemVerilog HDL File  ; C:/intelFPGA_lite/18.1/ece385/lab5.3/Lab 5/Workspace/files/Instantiateram.sv ;         ;
; Lab 5/Workspace/files/HexDriver.sv      ; yes             ; User SystemVerilog HDL File  ; C:/intelFPGA_lite/18.1/ece385/lab5.3/Lab 5/Workspace/files/HexDriver.sv      ;         ;
; Lab 5/Workspace/files/DRMUX_.sv         ; yes             ; User SystemVerilog HDL File  ; C:/intelFPGA_lite/18.1/ece385/lab5.3/Lab 5/Workspace/files/DRMUX_.sv         ;         ;
; Lab 5/Workspace/files/DECODER_.sv       ; yes             ; User SystemVerilog HDL File  ; C:/intelFPGA_lite/18.1/ece385/lab5.3/Lab 5/Workspace/files/DECODER_.sv       ;         ;
; Lab 5/Workspace/files/datapath.sv       ; yes             ; User SystemVerilog HDL File  ; C:/intelFPGA_lite/18.1/ece385/lab5.3/Lab 5/Workspace/files/datapath.sv       ;         ;
; Lab 5/Workspace/files/BUS_.sv           ; yes             ; User SystemVerilog HDL File  ; C:/intelFPGA_lite/18.1/ece385/lab5.3/Lab 5/Workspace/files/BUS_.sv           ;         ;
; Lab 5/Workspace/files/BEN_.sv           ; yes             ; User SystemVerilog HDL File  ; C:/intelFPGA_lite/18.1/ece385/lab5.3/Lab 5/Workspace/files/BEN_.sv           ;         ;
; Lab 5/Workspace/files/ALU_.sv           ; yes             ; User SystemVerilog HDL File  ; C:/intelFPGA_lite/18.1/ece385/lab5.3/Lab 5/Workspace/files/ALU_.sv           ;         ;
; Lab 5/Workspace/files/ADDR_ADDER_.sv    ; yes             ; User SystemVerilog HDL File  ; C:/intelFPGA_lite/18.1/ece385/lab5.3/Lab 5/Workspace/files/ADDR_ADDER_.sv    ;         ;
; altsyncram.tdf                          ; yes             ; Megafunction                 ; c:/intelfpga_lite/18.1/quartus/libraries/megafunctions/altsyncram.tdf        ;         ;
; stratix_ram_block.inc                   ; yes             ; Megafunction                 ; c:/intelfpga_lite/18.1/quartus/libraries/megafunctions/stratix_ram_block.inc ;         ;
; lpm_mux.inc                             ; yes             ; Megafunction                 ; c:/intelfpga_lite/18.1/quartus/libraries/megafunctions/lpm_mux.inc           ;         ;
; lpm_decode.inc                          ; yes             ; Megafunction                 ; c:/intelfpga_lite/18.1/quartus/libraries/megafunctions/lpm_decode.inc        ;         ;
; aglobal181.inc                          ; yes             ; Megafunction                 ; c:/intelfpga_lite/18.1/quartus/libraries/megafunctions/aglobal181.inc        ;         ;
; a_rdenreg.inc                           ; yes             ; Megafunction                 ; c:/intelfpga_lite/18.1/quartus/libraries/megafunctions/a_rdenreg.inc         ;         ;
; altrom.inc                              ; yes             ; Megafunction                 ; c:/intelfpga_lite/18.1/quartus/libraries/megafunctions/altrom.inc            ;         ;
; altram.inc                              ; yes             ; Megafunction                 ; c:/intelfpga_lite/18.1/quartus/libraries/megafunctions/altram.inc            ;         ;
; altdpram.inc                            ; yes             ; Megafunction                 ; c:/intelfpga_lite/18.1/quartus/libraries/megafunctions/altdpram.inc          ;         ;
; db/altsyncram_hag1.tdf                  ; yes             ; Auto-Generated Megafunction  ; C:/intelFPGA_lite/18.1/ece385/lab5.3/db/altsyncram_hag1.tdf                  ;         ;
+-----------------------------------------+-----------------+------------------------------+------------------------------------------------------------------------------+---------+


+---------------------------------------------------------+
; Analysis & Synthesis Resource Usage Summary             ;
+---------------------------------------------+-----------+
; Resource                                    ; Usage     ;
+---------------------------------------------+-----------+
; Estimated Total logic elements              ; 968       ;
;                                             ;           ;
; Total combinational functions               ; 821       ;
; Logic element usage by number of LUT inputs ;           ;
;     -- 4 input functions                    ; 565       ;
;     -- 3 input functions                    ; 195       ;
;     -- <=2 input functions                  ; 61        ;
;                                             ;           ;
; Logic elements by mode                      ;           ;
;     -- normal mode                          ; 762       ;
;     -- arithmetic mode                      ; 59        ;
;                                             ;           ;
; Total registers                             ; 269       ;
;     -- Dedicated logic registers            ; 269       ;
;     -- I/O registers                        ; 0         ;
;                                             ;           ;
; I/O pins                                    ; 148       ;
; Total memory bits                           ; 16384     ;
;                                             ;           ;
; Embedded Multiplier 9-bit elements          ; 0         ;
;                                             ;           ;
; Maximum fan-out node                        ; Clk~input ;
; Maximum fan-out                             ; 285       ;
; Total fan-out                               ; 4308      ;
; Average fan-out                             ; 3.07      ;
+---------------------------------------------+-----------+


+-------------------------------------------------------------------------------------------------------------------------------------------------------------------------------------------------------------------------------------------------------------------------------------------------------------------------+
; Analysis & Synthesis Resource Utilization by Entity                                                                                                                                                                                                                                                                     ;
+-------------------------------------------+---------------------+---------------------------+-------------+------------+--------------+---------+-----------+------+--------------+------------+---------------------------------------------------------------------------------------+-----------------+--------------+
; Compilation Hierarchy Node                ; Combinational ALUTs ; Dedicated Logic Registers ; Memory Bits ; UFM Blocks ; DSP Elements ; DSP 9x9 ; DSP 18x18 ; Pins ; Virtual Pins ; ADC blocks ; Full Hierarchy Name                                                                   ; Entity Name     ; Library Name ;
+-------------------------------------------+---------------------+---------------------------+-------------+------------+--------------+---------+-----------+------+--------------+------------+---------------------------------------------------------------------------------------+-----------------+--------------+
; |slc3_sramtop                             ; 821 (63)            ; 269 (0)                   ; 16384       ; 0          ; 0            ; 0       ; 0         ; 148  ; 0            ; 0          ; |slc3_sramtop                                                                         ; slc3_sramtop    ; work         ;
;    |Instantiateram:instaRam|              ; 258 (258)           ; 17 (17)                   ; 0           ; 0          ; 0            ; 0       ; 0         ; 0    ; 0            ; 0          ; |slc3_sramtop|Instantiateram:instaRam                                                 ; Instantiateram  ; work         ;
;    |ram:ram0|                             ; 0 (0)               ; 0 (0)                     ; 16384       ; 0          ; 0            ; 0       ; 0         ; 0    ; 0            ; 0          ; |slc3_sramtop|ram:ram0                                                                ; ram             ; work         ;
;       |altsyncram:altsyncram_component|   ; 0 (0)               ; 0 (0)                     ; 16384       ; 0          ; 0            ; 0       ; 0         ; 0    ; 0            ; 0          ; |slc3_sramtop|ram:ram0|altsyncram:altsyncram_component                                ; altsyncram      ; work         ;
;          |altsyncram_hag1:auto_generated| ; 0 (0)               ; 0 (0)                     ; 16384       ; 0          ; 0            ; 0       ; 0         ; 0    ; 0            ; 0          ; |slc3_sramtop|ram:ram0|altsyncram:altsyncram_component|altsyncram_hag1:auto_generated ; altsyncram_hag1 ; work         ;
;    |slc3:slc|                             ; 500 (0)             ; 250 (0)                   ; 0           ; 0          ; 0            ; 0       ; 0         ; 0    ; 0            ; 0          ; |slc3_sramtop|slc3:slc                                                                ; slc3            ; work         ;
;       |HexDriver:hex_drivers[0]|          ; 7 (7)               ; 0 (0)                     ; 0           ; 0          ; 0            ; 0       ; 0         ; 0    ; 0            ; 0          ; |slc3_sramtop|slc3:slc|HexDriver:hex_drivers[0]                                       ; HexDriver       ; work         ;
;       |HexDriver:hex_drivers[1]|          ; 7 (7)               ; 0 (0)                     ; 0           ; 0          ; 0            ; 0       ; 0         ; 0    ; 0            ; 0          ; |slc3_sramtop|slc3:slc|HexDriver:hex_drivers[1]                                       ; HexDriver       ; work         ;
;       |HexDriver:hex_drivers[2]|          ; 7 (7)               ; 0 (0)                     ; 0           ; 0          ; 0            ; 0       ; 0         ; 0    ; 0            ; 0          ; |slc3_sramtop|slc3:slc|HexDriver:hex_drivers[2]                                       ; HexDriver       ; work         ;
;       |HexDriver:hex_drivers[3]|          ; 7 (7)               ; 0 (0)                     ; 0           ; 0          ; 0            ; 0       ; 0         ; 0    ; 0            ; 0          ; |slc3_sramtop|slc3:slc|HexDriver:hex_drivers[3]                                       ; HexDriver       ; work         ;
;       |ISDU:state_controller|             ; 47 (47)             ; 28 (28)                   ; 0           ; 0          ; 0            ; 0       ; 0         ; 0    ; 0            ; 0          ; |slc3_sramtop|slc3:slc|ISDU:state_controller                                          ; ISDU            ; work         ;
;       |Mem2IO:memory_subsystem|           ; 22 (22)             ; 16 (16)                   ; 0           ; 0          ; 0            ; 0       ; 0         ; 0    ; 0            ; 0          ; |slc3_sramtop|slc3:slc|Mem2IO:memory_subsystem                                        ; Mem2IO          ; work         ;
;       |datapath:d0|                       ; 403 (10)            ; 206 (10)                  ; 0           ; 0          ; 0            ; 0       ; 0         ; 0    ; 0            ; 0          ; |slc3_sramtop|slc3:slc|datapath:d0                                                    ; datapath        ; work         ;
;          |ADDR_ADDER_:addr_adder|         ; 142 (142)           ; 0 (0)                     ; 0           ; 0          ; 0            ; 0       ; 0         ; 0    ; 0            ; 0          ; |slc3_sramtop|slc3:slc|datapath:d0|ADDR_ADDER_:addr_adder                             ; ADDR_ADDER_     ; work         ;
;          |ALU_:alu|                       ; 16 (16)             ; 0 (0)                     ; 0           ; 0          ; 0            ; 0       ; 0         ; 0    ; 0            ; 0          ; |slc3_sramtop|slc3:slc|datapath:d0|ALU_:alu                                           ; ALU_            ; work         ;
;          |BEN_:ben|                       ; 11 (11)             ; 4 (4)                     ; 0           ; 0          ; 0            ; 0       ; 0         ; 0    ; 0            ; 0          ; |slc3_sramtop|slc3:slc|datapath:d0|BEN_:ben                                           ; BEN_            ; work         ;
;          |BUS_:bus|                       ; 95 (95)             ; 0 (0)                     ; 0           ; 0          ; 0            ; 0       ; 0         ; 0    ; 0            ; 0          ; |slc3_sramtop|slc3:slc|datapath:d0|BUS_:bus                                           ; BUS_            ; work         ;
;          |IR_:ir|                         ; 0 (0)               ; 16 (0)                    ; 0           ; 0          ; 0            ; 0       ; 0         ; 0    ; 0            ; 0          ; |slc3_sramtop|slc3:slc|datapath:d0|IR_:ir                                             ; IR_             ; work         ;
;             |reg_16:ir_reg|               ; 0 (0)               ; 16 (16)                   ; 0           ; 0          ; 0            ; 0       ; 0         ; 0    ; 0            ; 0          ; |slc3_sramtop|slc3:slc|datapath:d0|IR_:ir|reg_16:ir_reg                               ; reg_16          ; work         ;
;          |MAR_:mar|                       ; 0 (0)               ; 16 (0)                    ; 0           ; 0          ; 0            ; 0       ; 0         ; 0    ; 0            ; 0          ; |slc3_sramtop|slc3:slc|datapath:d0|MAR_:mar                                           ; MAR_            ; work         ;
;             |reg_16:mar_reg|              ; 0 (0)               ; 16 (16)                   ; 0           ; 0          ; 0            ; 0       ; 0         ; 0    ; 0            ; 0          ; |slc3_sramtop|slc3:slc|datapath:d0|MAR_:mar|reg_16:mar_reg                            ; reg_16          ; work         ;
;          |MDR_:mdr|                       ; 10 (0)              ; 16 (0)                    ; 0           ; 0          ; 0            ; 0       ; 0         ; 0    ; 0            ; 0          ; |slc3_sramtop|slc3:slc|datapath:d0|MDR_:mdr                                           ; MDR_            ; work         ;
;             |reg_16:mdr_reg|              ; 10 (10)             ; 16 (16)                   ; 0           ; 0          ; 0            ; 0       ; 0         ; 0    ; 0            ; 0          ; |slc3_sramtop|slc3:slc|datapath:d0|MDR_:mdr|reg_16:mdr_reg                            ; reg_16          ; work         ;
;          |MUX_21:miomux|                  ; 8 (8)               ; 0 (0)                     ; 0           ; 0          ; 0            ; 0       ; 0         ; 0    ; 0            ; 0          ; |slc3_sramtop|slc3:slc|datapath:d0|MUX_21:miomux                                      ; MUX_21          ; work         ;
;          |PC_:pc|                         ; 18 (0)              ; 16 (0)                    ; 0           ; 0          ; 0            ; 0       ; 0         ; 0    ; 0            ; 0          ; |slc3_sramtop|slc3:slc|datapath:d0|PC_:pc                                             ; PC_             ; work         ;
;             |reg_16:pc_reg|               ; 18 (18)             ; 16 (16)                   ; 0           ; 0          ; 0            ; 0       ; 0         ; 0    ; 0            ; 0          ; |slc3_sramtop|slc3:slc|datapath:d0|PC_:pc|reg_16:pc_reg                               ; reg_16          ; work         ;
;          |REGFILE_:regfile|               ; 90 (0)              ; 128 (0)                   ; 0           ; 0          ; 0            ; 0       ; 0         ; 0    ; 0            ; 0          ; |slc3_sramtop|slc3:slc|datapath:d0|REGFILE_:regfile                                   ; REGFILE_        ; work         ;
;             |DECODER_:decoder|            ; 10 (10)             ; 0 (0)                     ; 0           ; 0          ; 0            ; 0       ; 0         ; 0    ; 0            ; 0          ; |slc3_sramtop|slc3:slc|datapath:d0|REGFILE_:regfile|DECODER_:decoder                  ; DECODER_        ; work         ;
;             |MUX_81:to_ALU_A|             ; 80 (80)             ; 0 (0)                     ; 0           ; 0          ; 0            ; 0       ; 0         ; 0    ; 0            ; 0          ; |slc3_sramtop|slc3:slc|datapath:d0|REGFILE_:regfile|MUX_81:to_ALU_A                   ; MUX_81          ; work         ;
;             |reg_16:reg_0|                ; 0 (0)               ; 16 (16)                   ; 0           ; 0          ; 0            ; 0       ; 0         ; 0    ; 0            ; 0          ; |slc3_sramtop|slc3:slc|datapath:d0|REGFILE_:regfile|reg_16:reg_0                      ; reg_16          ; work         ;
;             |reg_16:reg_1|                ; 0 (0)               ; 16 (16)                   ; 0           ; 0          ; 0            ; 0       ; 0         ; 0    ; 0            ; 0          ; |slc3_sramtop|slc3:slc|datapath:d0|REGFILE_:regfile|reg_16:reg_1                      ; reg_16          ; work         ;
;             |reg_16:reg_2|                ; 0 (0)               ; 16 (16)                   ; 0           ; 0          ; 0            ; 0       ; 0         ; 0    ; 0            ; 0          ; |slc3_sramtop|slc3:slc|datapath:d0|REGFILE_:regfile|reg_16:reg_2                      ; reg_16          ; work         ;
;             |reg_16:reg_3|                ; 0 (0)               ; 16 (16)                   ; 0           ; 0          ; 0            ; 0       ; 0         ; 0    ; 0            ; 0          ; |slc3_sramtop|slc3:slc|datapath:d0|REGFILE_:regfile|reg_16:reg_3                      ; reg_16          ; work         ;
;             |reg_16:reg_4|                ; 0 (0)               ; 16 (16)                   ; 0           ; 0          ; 0            ; 0       ; 0         ; 0    ; 0            ; 0          ; |slc3_sramtop|slc3:slc|datapath:d0|REGFILE_:regfile|reg_16:reg_4                      ; reg_16          ; work         ;
;             |reg_16:reg_5|                ; 0 (0)               ; 16 (16)                   ; 0           ; 0          ; 0            ; 0       ; 0         ; 0    ; 0            ; 0          ; |slc3_sramtop|slc3:slc|datapath:d0|REGFILE_:regfile|reg_16:reg_5                      ; reg_16          ; work         ;
;             |reg_16:reg_6|                ; 0 (0)               ; 16 (16)                   ; 0           ; 0          ; 0            ; 0       ; 0         ; 0    ; 0            ; 0          ; |slc3_sramtop|slc3:slc|datapath:d0|REGFILE_:regfile|reg_16:reg_6                      ; reg_16          ; work         ;
;             |reg_16:reg_7|                ; 0 (0)               ; 16 (16)                   ; 0           ; 0          ; 0            ; 0       ; 0         ; 0    ; 0            ; 0          ; |slc3_sramtop|slc3:slc|datapath:d0|REGFILE_:regfile|reg_16:reg_7                      ; reg_16          ; work         ;
;          |SR1MUX_:sr1mux|                 ; 3 (3)               ; 0 (0)                     ; 0           ; 0          ; 0            ; 0       ; 0         ; 0    ; 0            ; 0          ; |slc3_sramtop|slc3:slc|datapath:d0|SR1MUX_:sr1mux                                     ; SR1MUX_         ; work         ;
;    |sync:button_sync[0]|                  ; 0 (0)               ; 1 (1)                     ; 0           ; 0          ; 0            ; 0       ; 0         ; 0    ; 0            ; 0          ; |slc3_sramtop|sync:button_sync[0]                                                     ; sync            ; work         ;
;    |sync:button_sync[1]|                  ; 0 (0)               ; 1 (1)                     ; 0           ; 0          ; 0            ; 0       ; 0         ; 0    ; 0            ; 0          ; |slc3_sramtop|sync:button_sync[1]                                                     ; sync            ; work         ;
+-------------------------------------------+---------------------+---------------------------+-------------+------------+--------------+---------+-----------+------+--------------+------------+---------------------------------------------------------------------------------------+-----------------+--------------+
Note: For table entries with two numbers listed, the numbers in parentheses indicate the number of resources of the given type used by the specific entity alone. The numbers listed outside of parentheses indicate the total resources of the given type used by the specific entity and all of its sub-entities in the hierarchy.


+------------------------------------------------------------------------------------------------------------------------------------------------------------------------------------+
; Analysis & Synthesis RAM Summary                                                                                                                                                   ;
+------------------------------------------------------------------------------------+------+-------------+--------------+--------------+--------------+--------------+-------+------+
; Name                                                                               ; Type ; Mode        ; Port A Depth ; Port A Width ; Port B Depth ; Port B Width ; Size  ; MIF  ;
+------------------------------------------------------------------------------------+------+-------------+--------------+--------------+--------------+--------------+-------+------+
; ram:ram0|altsyncram:altsyncram_component|altsyncram_hag1:auto_generated|ALTSYNCRAM ; M9K  ; Single Port ; 1024         ; 16           ; --           ; --           ; 16384 ; None ;
+------------------------------------------------------------------------------------+------+-------------+--------------+--------------+--------------+--------------+-------+------+


+----------------------------------------------------------------------------------------------------------------------+
; Analysis & Synthesis IP Cores Summary                                                                                ;
+--------+--------------+---------+--------------+--------------+------------------------+-----------------------------+
; Vendor ; IP Core Name ; Version ; Release Date ; License Type ; Entity Instance        ; IP Include File             ;
+--------+--------------+---------+--------------+--------------+------------------------+-----------------------------+
; Altera ; RAM: 1-PORT  ; 18.1    ; N/A          ; N/A          ; |slc3_sramtop|ram:ram0 ; Lab 5/Workspace/files/ram.v ;
+--------+--------------+---------+--------------+--------------+------------------------+-----------------------------+


Encoding Type:  One-Hot
+-------------------------------------------------------------+
; State Machine - |slc3_sramtop|Instantiateram:instaRam|state ;
+-----------------+------------+------------+-----------------+
; Name            ; state.idle ; state.done ; state.mem_write ;
+-----------------+------------+------------+-----------------+
; state.mem_write ; 0          ; 0          ; 0               ;
; state.idle      ; 1          ; 0          ; 1               ;
; state.done      ; 0          ; 1          ; 1               ;
+-----------------+------------+------------+-----------------+


Encoding Type:  One-Hot
+-------------------------------------------------------------------------------------------------------------------------------------------------------------------------------------------------------------------------------------------------------------------------------------------------------------------------------------------------------------------------------------------------------------------------+
; State Machine - |slc3_sramtop|slc3:slc|ISDU:state_controller|State                                                                                                                                                                                                                                                                                                                                                      ;
+----------------+--------------+--------------+--------------+------------+------------+------------+--------------+--------------+--------------+------------+------------+------------+------------+------------+------------+------------+------------+------------+------------+------------+--------------+--------------+--------------+------------+-------------+----------------+----------------+--------------+
; Name           ; State.S_16_3 ; State.S_16_2 ; State.S_16_1 ; State.S_23 ; State.S_07 ; State.S_27 ; State.S_25_3 ; State.S_25_2 ; State.S_25_1 ; State.S_06 ; State.S_21 ; State.S_04 ; State.S_12 ; State.S_22 ; State.S_00 ; State.S_09 ; State.S_05 ; State.S_01 ; State.S_32 ; State.S_35 ; State.S_33_3 ; State.S_33_2 ; State.S_33_1 ; State.S_18 ; State.Pause ; State.PauseIR2 ; State.PauseIR1 ; State.Halted ;
+----------------+--------------+--------------+--------------+------------+------------+------------+--------------+--------------+--------------+------------+------------+------------+------------+------------+------------+------------+------------+------------+------------+------------+--------------+--------------+--------------+------------+-------------+----------------+----------------+--------------+
; State.Halted   ; 0            ; 0            ; 0            ; 0          ; 0          ; 0          ; 0            ; 0            ; 0            ; 0          ; 0          ; 0          ; 0          ; 0          ; 0          ; 0          ; 0          ; 0          ; 0          ; 0          ; 0            ; 0            ; 0            ; 0          ; 0           ; 0              ; 0              ; 0            ;
; State.PauseIR1 ; 0            ; 0            ; 0            ; 0          ; 0          ; 0          ; 0            ; 0            ; 0            ; 0          ; 0          ; 0          ; 0          ; 0          ; 0          ; 0          ; 0          ; 0          ; 0          ; 0          ; 0            ; 0            ; 0            ; 0          ; 0           ; 0              ; 1              ; 1            ;
; State.PauseIR2 ; 0            ; 0            ; 0            ; 0          ; 0          ; 0          ; 0            ; 0            ; 0            ; 0          ; 0          ; 0          ; 0          ; 0          ; 0          ; 0          ; 0          ; 0          ; 0          ; 0          ; 0            ; 0            ; 0            ; 0          ; 0           ; 1              ; 0              ; 1            ;
; State.Pause    ; 0            ; 0            ; 0            ; 0          ; 0          ; 0          ; 0            ; 0            ; 0            ; 0          ; 0          ; 0          ; 0          ; 0          ; 0          ; 0          ; 0          ; 0          ; 0          ; 0          ; 0            ; 0            ; 0            ; 0          ; 1           ; 0              ; 0              ; 1            ;
; State.S_18     ; 0            ; 0            ; 0            ; 0          ; 0          ; 0          ; 0            ; 0            ; 0            ; 0          ; 0          ; 0          ; 0          ; 0          ; 0          ; 0          ; 0          ; 0          ; 0          ; 0          ; 0            ; 0            ; 0            ; 1          ; 0           ; 0              ; 0              ; 1            ;
; State.S_33_1   ; 0            ; 0            ; 0            ; 0          ; 0          ; 0          ; 0            ; 0            ; 0            ; 0          ; 0          ; 0          ; 0          ; 0          ; 0          ; 0          ; 0          ; 0          ; 0          ; 0          ; 0            ; 0            ; 1            ; 0          ; 0           ; 0              ; 0              ; 1            ;
; State.S_33_2   ; 0            ; 0            ; 0            ; 0          ; 0          ; 0          ; 0            ; 0            ; 0            ; 0          ; 0          ; 0          ; 0          ; 0          ; 0          ; 0          ; 0          ; 0          ; 0          ; 0          ; 0            ; 1            ; 0            ; 0          ; 0           ; 0              ; 0              ; 1            ;
; State.S_33_3   ; 0            ; 0            ; 0            ; 0          ; 0          ; 0          ; 0            ; 0            ; 0            ; 0          ; 0          ; 0          ; 0          ; 0          ; 0          ; 0          ; 0          ; 0          ; 0          ; 0          ; 1            ; 0            ; 0            ; 0          ; 0           ; 0              ; 0              ; 1            ;
; State.S_35     ; 0            ; 0            ; 0            ; 0          ; 0          ; 0          ; 0            ; 0            ; 0            ; 0          ; 0          ; 0          ; 0          ; 0          ; 0          ; 0          ; 0          ; 0          ; 0          ; 1          ; 0            ; 0            ; 0            ; 0          ; 0           ; 0              ; 0              ; 1            ;
; State.S_32     ; 0            ; 0            ; 0            ; 0          ; 0          ; 0          ; 0            ; 0            ; 0            ; 0          ; 0          ; 0          ; 0          ; 0          ; 0          ; 0          ; 0          ; 0          ; 1          ; 0          ; 0            ; 0            ; 0            ; 0          ; 0           ; 0              ; 0              ; 1            ;
; State.S_01     ; 0            ; 0            ; 0            ; 0          ; 0          ; 0          ; 0            ; 0            ; 0            ; 0          ; 0          ; 0          ; 0          ; 0          ; 0          ; 0          ; 0          ; 1          ; 0          ; 0          ; 0            ; 0            ; 0            ; 0          ; 0           ; 0              ; 0              ; 1            ;
; State.S_05     ; 0            ; 0            ; 0            ; 0          ; 0          ; 0          ; 0            ; 0            ; 0            ; 0          ; 0          ; 0          ; 0          ; 0          ; 0          ; 0          ; 1          ; 0          ; 0          ; 0          ; 0            ; 0            ; 0            ; 0          ; 0           ; 0              ; 0              ; 1            ;
; State.S_09     ; 0            ; 0            ; 0            ; 0          ; 0          ; 0          ; 0            ; 0            ; 0            ; 0          ; 0          ; 0          ; 0          ; 0          ; 0          ; 1          ; 0          ; 0          ; 0          ; 0          ; 0            ; 0            ; 0            ; 0          ; 0           ; 0              ; 0              ; 1            ;
; State.S_00     ; 0            ; 0            ; 0            ; 0          ; 0          ; 0          ; 0            ; 0            ; 0            ; 0          ; 0          ; 0          ; 0          ; 0          ; 1          ; 0          ; 0          ; 0          ; 0          ; 0          ; 0            ; 0            ; 0            ; 0          ; 0           ; 0              ; 0              ; 1            ;
; State.S_22     ; 0            ; 0            ; 0            ; 0          ; 0          ; 0          ; 0            ; 0            ; 0            ; 0          ; 0          ; 0          ; 0          ; 1          ; 0          ; 0          ; 0          ; 0          ; 0          ; 0          ; 0            ; 0            ; 0            ; 0          ; 0           ; 0              ; 0              ; 1            ;
; State.S_12     ; 0            ; 0            ; 0            ; 0          ; 0          ; 0          ; 0            ; 0            ; 0            ; 0          ; 0          ; 0          ; 1          ; 0          ; 0          ; 0          ; 0          ; 0          ; 0          ; 0          ; 0            ; 0            ; 0            ; 0          ; 0           ; 0              ; 0              ; 1            ;
; State.S_04     ; 0            ; 0            ; 0            ; 0          ; 0          ; 0          ; 0            ; 0            ; 0            ; 0          ; 0          ; 1          ; 0          ; 0          ; 0          ; 0          ; 0          ; 0          ; 0          ; 0          ; 0            ; 0            ; 0            ; 0          ; 0           ; 0              ; 0              ; 1            ;
; State.S_21     ; 0            ; 0            ; 0            ; 0          ; 0          ; 0          ; 0            ; 0            ; 0            ; 0          ; 1          ; 0          ; 0          ; 0          ; 0          ; 0          ; 0          ; 0          ; 0          ; 0          ; 0            ; 0            ; 0            ; 0          ; 0           ; 0              ; 0              ; 1            ;
; State.S_06     ; 0            ; 0            ; 0            ; 0          ; 0          ; 0          ; 0            ; 0            ; 0            ; 1          ; 0          ; 0          ; 0          ; 0          ; 0          ; 0          ; 0          ; 0          ; 0          ; 0          ; 0            ; 0            ; 0            ; 0          ; 0           ; 0              ; 0              ; 1            ;
; State.S_25_1   ; 0            ; 0            ; 0            ; 0          ; 0          ; 0          ; 0            ; 0            ; 1            ; 0          ; 0          ; 0          ; 0          ; 0          ; 0          ; 0          ; 0          ; 0          ; 0          ; 0          ; 0            ; 0            ; 0            ; 0          ; 0           ; 0              ; 0              ; 1            ;
; State.S_25_2   ; 0            ; 0            ; 0            ; 0          ; 0          ; 0          ; 0            ; 1            ; 0            ; 0          ; 0          ; 0          ; 0          ; 0          ; 0          ; 0          ; 0          ; 0          ; 0          ; 0          ; 0            ; 0            ; 0            ; 0          ; 0           ; 0              ; 0              ; 1            ;
; State.S_25_3   ; 0            ; 0            ; 0            ; 0          ; 0          ; 0          ; 1            ; 0            ; 0            ; 0          ; 0          ; 0          ; 0          ; 0          ; 0          ; 0          ; 0          ; 0          ; 0          ; 0          ; 0            ; 0            ; 0            ; 0          ; 0           ; 0              ; 0              ; 1            ;
; State.S_27     ; 0            ; 0            ; 0            ; 0          ; 0          ; 1          ; 0            ; 0            ; 0            ; 0          ; 0          ; 0          ; 0          ; 0          ; 0          ; 0          ; 0          ; 0          ; 0          ; 0          ; 0            ; 0            ; 0            ; 0          ; 0           ; 0              ; 0              ; 1            ;
; State.S_07     ; 0            ; 0            ; 0            ; 0          ; 1          ; 0          ; 0            ; 0            ; 0            ; 0          ; 0          ; 0          ; 0          ; 0          ; 0          ; 0          ; 0          ; 0          ; 0          ; 0          ; 0            ; 0            ; 0            ; 0          ; 0           ; 0              ; 0              ; 1            ;
; State.S_23     ; 0            ; 0            ; 0            ; 1          ; 0          ; 0          ; 0            ; 0            ; 0            ; 0          ; 0          ; 0          ; 0          ; 0          ; 0          ; 0          ; 0          ; 0          ; 0          ; 0          ; 0            ; 0            ; 0            ; 0          ; 0           ; 0              ; 0              ; 1            ;
; State.S_16_1   ; 0            ; 0            ; 1            ; 0          ; 0          ; 0          ; 0            ; 0            ; 0            ; 0          ; 0          ; 0          ; 0          ; 0          ; 0          ; 0          ; 0          ; 0          ; 0          ; 0          ; 0            ; 0            ; 0            ; 0          ; 0           ; 0              ; 0              ; 1            ;
; State.S_16_2   ; 0            ; 1            ; 0            ; 0          ; 0          ; 0          ; 0            ; 0            ; 0            ; 0          ; 0          ; 0          ; 0          ; 0          ; 0          ; 0          ; 0          ; 0          ; 0          ; 0          ; 0            ; 0            ; 0            ; 0          ; 0           ; 0              ; 0              ; 1            ;
; State.S_16_3   ; 1            ; 0            ; 0            ; 0          ; 0          ; 0          ; 0            ; 0            ; 0            ; 0          ; 0          ; 0          ; 0          ; 0          ; 0          ; 0          ; 0          ; 0          ; 0          ; 0          ; 0            ; 0            ; 0            ; 0          ; 0           ; 0              ; 0              ; 1            ;
+----------------+--------------+--------------+--------------+------------+------------+------------+--------------+--------------+--------------+------------+------------+------------+------------+------------+------------+------------+------------+------------+------------+------------+--------------+--------------+--------------+------------+-------------+----------------+----------------+--------------+


+-------------------------------------------------------------+
; Registers Removed During Synthesis                          ;
+----------------------------------------+--------------------+
; Register name                          ; Reason for Removal ;
+----------------------------------------+--------------------+
; Instantiateram:instaRam|state.idle     ; Lost fanout        ;
; Instantiateram:instaRam|state.done     ; Lost fanout        ;
; slc3:slc|ISDU:state_controller|State~2 ; Lost fanout        ;
; slc3:slc|ISDU:state_controller|State~3 ; Lost fanout        ;
; slc3:slc|ISDU:state_controller|State~4 ; Lost fanout        ;
; slc3:slc|ISDU:state_controller|State~5 ; Lost fanout        ;
; slc3:slc|ISDU:state_controller|State~6 ; Lost fanout        ;
; Total Number of Removed Registers = 7  ;                    ;
+----------------------------------------+--------------------+


+------------------------------------------------------+
; General Register Statistics                          ;
+----------------------------------------------+-------+
; Statistic                                    ; Value ;
+----------------------------------------------+-------+
; Total registers                              ; 269   ;
; Number of registers using Synchronous Clear  ; 16    ;
; Number of registers using Synchronous Load   ; 26    ;
; Number of registers using Asynchronous Clear ; 17    ;
; Number of registers using Asynchronous Load  ; 0     ;
; Number of registers using Clock Enable       ; 226   ;
; Number of registers using Preset             ; 0     ;
+----------------------------------------------+-------+


+----------------------------------------------------------------------------------------------------------------------------------------------------------------------------------------+
; Multiplexer Restructuring Statistics (Restructuring Performed)                                                                                                                         ;
+--------------------+-----------+---------------+----------------------+------------------------+------------+--------------------------------------------------------------------------+
; Multiplexer Inputs ; Bus Width ; Baseline Area ; Area if Restructured ; Saving if Restructured ; Registered ; Example Multiplexer Output                                               ;
+--------------------+-----------+---------------+----------------------+------------------------+------------+--------------------------------------------------------------------------+
; 3:1                ; 16 bits   ; 32 LEs        ; 16 LEs               ; 16 LEs                 ; Yes        ; |slc3_sramtop|slc3:slc|Mem2IO:memory_subsystem|hex_data[11]              ;
; 4:1                ; 6 bits    ; 12 LEs        ; 12 LEs               ; 0 LEs                  ; Yes        ; |slc3_sramtop|slc3:slc|datapath:d0|MDR_:mdr|reg_16:mdr_reg|Data_Out[14]  ;
; 4:1                ; 10 bits   ; 20 LEs        ; 20 LEs               ; 0 LEs                  ; Yes        ; |slc3_sramtop|slc3:slc|datapath:d0|MDR_:mdr|reg_16:mdr_reg|Data_Out[0]   ;
; 4:1                ; 16 bits   ; 32 LEs        ; 32 LEs               ; 0 LEs                  ; Yes        ; |slc3_sramtop|slc3:slc|datapath:d0|PC_:pc|reg_16:pc_reg|Data_Out[2]      ;
; 3:1                ; 2 bits    ; 4 LEs         ; 4 LEs                ; 0 LEs                  ; No         ; |slc3_sramtop|slc3:slc|datapath:d0|ADDR_ADDER_:addr_adder|Mux0           ;
; 8:1                ; 16 bits   ; 80 LEs        ; 80 LEs               ; 0 LEs                  ; No         ; |slc3_sramtop|slc3:slc|datapath:d0|REGFILE_:regfile|MUX_81:to_ALU_A|Mux3 ;
; 9:1                ; 16 bits   ; 96 LEs        ; 96 LEs               ; 0 LEs                  ; No         ; |slc3_sramtop|slc3:slc|datapath:d0|ADDR_ADDER_:addr_adder|ALU_B[5]       ;
; 7:1                ; 16 bits   ; 64 LEs        ; 64 LEs               ; 0 LEs                  ; No         ; |slc3_sramtop|slc3:slc|datapath:d0|BUS_:bus|BUS[8]                       ;
+--------------------+-----------+---------------+----------------------+------------------------+------------+--------------------------------------------------------------------------+


+------------------------------------------------------------------------------------------------+
; Source assignments for ram:ram0|altsyncram:altsyncram_component|altsyncram_hag1:auto_generated ;
+---------------------------------+--------------------+------+----------------------------------+
; Assignment                      ; Value              ; From ; To                               ;
+---------------------------------+--------------------+------+----------------------------------+
; OPTIMIZE_POWER_DURING_SYNTHESIS ; NORMAL_COMPILATION ; -    ; -                                ;
+---------------------------------+--------------------+------+----------------------------------+


+---------------------------------------------------------------------------------------+
; Parameter Settings for User Entity Instance: ram:ram0|altsyncram:altsyncram_component ;
+------------------------------------+----------------------+---------------------------+
; Parameter Name                     ; Value                ; Type                      ;
+------------------------------------+----------------------+---------------------------+
; BYTE_SIZE_BLOCK                    ; 8                    ; Untyped                   ;
; AUTO_CARRY_CHAINS                  ; ON                   ; AUTO_CARRY                ;
; IGNORE_CARRY_BUFFERS               ; OFF                  ; IGNORE_CARRY              ;
; AUTO_CASCADE_CHAINS                ; ON                   ; AUTO_CASCADE              ;
; IGNORE_CASCADE_BUFFERS             ; OFF                  ; IGNORE_CASCADE            ;
; WIDTH_BYTEENA                      ; 1                    ; Untyped                   ;
; OPERATION_MODE                     ; SINGLE_PORT          ; Untyped                   ;
; WIDTH_A                            ; 16                   ; Signed Integer            ;
; WIDTHAD_A                          ; 10                   ; Signed Integer            ;
; NUMWORDS_A                         ; 1024                 ; Signed Integer            ;
; OUTDATA_REG_A                      ; CLOCK0               ; Untyped                   ;
; ADDRESS_ACLR_A                     ; NONE                 ; Untyped                   ;
; OUTDATA_ACLR_A                     ; NONE                 ; Untyped                   ;
; WRCONTROL_ACLR_A                   ; NONE                 ; Untyped                   ;
; INDATA_ACLR_A                      ; NONE                 ; Untyped                   ;
; BYTEENA_ACLR_A                     ; NONE                 ; Untyped                   ;
; WIDTH_B                            ; 1                    ; Untyped                   ;
; WIDTHAD_B                          ; 1                    ; Untyped                   ;
; NUMWORDS_B                         ; 1                    ; Untyped                   ;
; INDATA_REG_B                       ; CLOCK1               ; Untyped                   ;
; WRCONTROL_WRADDRESS_REG_B          ; CLOCK1               ; Untyped                   ;
; RDCONTROL_REG_B                    ; CLOCK1               ; Untyped                   ;
; ADDRESS_REG_B                      ; CLOCK1               ; Untyped                   ;
; OUTDATA_REG_B                      ; UNREGISTERED         ; Untyped                   ;
; BYTEENA_REG_B                      ; CLOCK1               ; Untyped                   ;
; INDATA_ACLR_B                      ; NONE                 ; Untyped                   ;
; WRCONTROL_ACLR_B                   ; NONE                 ; Untyped                   ;
; ADDRESS_ACLR_B                     ; NONE                 ; Untyped                   ;
; OUTDATA_ACLR_B                     ; NONE                 ; Untyped                   ;
; RDCONTROL_ACLR_B                   ; NONE                 ; Untyped                   ;
; BYTEENA_ACLR_B                     ; NONE                 ; Untyped                   ;
; WIDTH_BYTEENA_A                    ; 1                    ; Signed Integer            ;
; WIDTH_BYTEENA_B                    ; 1                    ; Untyped                   ;
; RAM_BLOCK_TYPE                     ; M9K                  ; Untyped                   ;
; BYTE_SIZE                          ; 8                    ; Untyped                   ;
; READ_DURING_WRITE_MODE_MIXED_PORTS ; DONT_CARE            ; Untyped                   ;
; READ_DURING_WRITE_MODE_PORT_A      ; DONT_CARE            ; Untyped                   ;
; READ_DURING_WRITE_MODE_PORT_B      ; NEW_DATA_NO_NBE_READ ; Untyped                   ;
; INIT_FILE                          ; UNUSED               ; Untyped                   ;
; INIT_FILE_LAYOUT                   ; PORT_A               ; Untyped                   ;
; MAXIMUM_DEPTH                      ; 0                    ; Untyped                   ;
; CLOCK_ENABLE_INPUT_A               ; BYPASS               ; Untyped                   ;
; CLOCK_ENABLE_INPUT_B               ; NORMAL               ; Untyped                   ;
; CLOCK_ENABLE_OUTPUT_A              ; BYPASS               ; Untyped                   ;
; CLOCK_ENABLE_OUTPUT_B              ; NORMAL               ; Untyped                   ;
; CLOCK_ENABLE_CORE_A                ; USE_INPUT_CLKEN      ; Untyped                   ;
; CLOCK_ENABLE_CORE_B                ; USE_INPUT_CLKEN      ; Untyped                   ;
; ENABLE_ECC                         ; FALSE                ; Untyped                   ;
; ECC_PIPELINE_STAGE_ENABLED         ; FALSE                ; Untyped                   ;
; WIDTH_ECCSTATUS                    ; 3                    ; Untyped                   ;
; DEVICE_FAMILY                      ; MAX 10               ; Untyped                   ;
; CBXI_PARAMETER                     ; altsyncram_hag1      ; Untyped                   ;
+------------------------------------+----------------------+---------------------------+
Note: In order to hide this table in the UI and the text report file, please set the "Show Parameter Settings in Synthesis Report" option in "Analysis and Synthesis Settings -> More Settings" to "Off".


+--------------------------------------------------------------------------------------+
; altsyncram Parameter Settings by Entity Instance                                     ;
+-------------------------------------------+------------------------------------------+
; Name                                      ; Value                                    ;
+-------------------------------------------+------------------------------------------+
; Number of entity instances                ; 1                                        ;
; Entity Instance                           ; ram:ram0|altsyncram:altsyncram_component ;
;     -- OPERATION_MODE                     ; SINGLE_PORT                              ;
;     -- WIDTH_A                            ; 16                                       ;
;     -- NUMWORDS_A                         ; 1024                                     ;
;     -- OUTDATA_REG_A                      ; CLOCK0                                   ;
;     -- WIDTH_B                            ; 1                                        ;
;     -- NUMWORDS_B                         ; 1                                        ;
;     -- ADDRESS_REG_B                      ; CLOCK1                                   ;
;     -- OUTDATA_REG_B                      ; UNREGISTERED                             ;
;     -- RAM_BLOCK_TYPE                     ; M9K                                      ;
;     -- READ_DURING_WRITE_MODE_MIXED_PORTS ; DONT_CARE                                ;
+-------------------------------------------+------------------------------------------+


+------------------------------------------------------------------------------------------------------------------------+
; Port Connectivity Checks: "Instantiateram:instaRam"                                                                    ;
+--------------+--------+----------+-------------------------------------------------------------------------------------+
; Port         ; Type   ; Severity ; Details                                                                             ;
+--------------+--------+----------+-------------------------------------------------------------------------------------+
; ADDR[15..10] ; Output ; Info     ; Connected to dangling logic. Logic that only feeds a dangling port will be removed. ;
+--------------+--------+----------+-------------------------------------------------------------------------------------+


+-----------------------------------------------------------------------+
; Port Connectivity Checks: "slc3:slc|datapath:d0|IR_:ir|reg_16:ir_reg" ;
+-------+-------+----------+--------------------------------------------+
; Port  ; Type  ; Severity ; Details                                    ;
+-------+-------+----------+--------------------------------------------+
; Reset ; Input ; Info     ; Stuck at GND                               ;
+-------+-------+----------+--------------------------------------------+


+--------------------------------------------------------------------------+
; Port Connectivity Checks: "slc3:slc|datapath:d0|MAR_:mar|reg_16:mar_reg" ;
+-------+-------+----------+-----------------------------------------------+
; Port  ; Type  ; Severity ; Details                                       ;
+-------+-------+----------+-----------------------------------------------+
; Reset ; Input ; Info     ; Stuck at GND                                  ;
+-------+-------+----------+-----------------------------------------------+


+--------------------------------------------------------------------------+
; Port Connectivity Checks: "slc3:slc|datapath:d0|MDR_:mdr|reg_16:mdr_reg" ;
+-------+-------+----------+-----------------------------------------------+
; Port  ; Type  ; Severity ; Details                                       ;
+-------+-------+----------+-----------------------------------------------+
; Reset ; Input ; Info     ; Stuck at GND                                  ;
+-------+-------+----------+-----------------------------------------------+


+----------------------------------------------------------------------------+
; Port Connectivity Checks: "slc3:slc|datapath:d0|PCMUX_:pcmux|MUX_41:pcmux" ;
+------+-------+----------+--------------------------------------------------+
; Port ; Type  ; Severity ; Details                                          ;
+------+-------+----------+--------------------------------------------------+
; D_In ; Input ; Info     ; Stuck at GND                                     ;
+------+-------+----------+--------------------------------------------------+


+-------------------------------------------------------------------------------------------------------------------------------------------------------------------------+
; Port Connectivity Checks: "slc3:slc|datapath:d0|REGFILE_:regfile"                                                                                                       ;
+-------+-------+----------+----------------------------------------------------------------------------------------------------------------------------------------------+
; Port  ; Type  ; Severity ; Details                                                                                                                                      ;
+-------+-------+----------+----------------------------------------------------------------------------------------------------------------------------------------------+
; Reset ; Input ; Warning  ; Declared by entity but not connected by instance. If a default value exists, it will be used.  Otherwise, the port will be connected to GND. ;
+-------+-------+----------+----------------------------------------------------------------------------------------------------------------------------------------------+


+------------------------------------------------------------------------------------------------------------------------+
; Port Connectivity Checks: "slc3:slc"                                                                                   ;
+--------------+--------+----------+-------------------------------------------------------------------------------------+
; Port         ; Type   ; Severity ; Details                                                                             ;
+--------------+--------+----------+-------------------------------------------------------------------------------------+
; ADDR[15..10] ; Output ; Info     ; Connected to dangling logic. Logic that only feeds a dangling port will be removed. ;
+--------------+--------+----------+-------------------------------------------------------------------------------------+


+-----------------------------------------------------+
; Post-Synthesis Netlist Statistics for Top Partition ;
+-----------------------+-----------------------------+
; Type                  ; Count                       ;
+-----------------------+-----------------------------+
; boundary_port         ; 148                         ;
; cycloneiii_ff         ; 269                         ;
;     CLR               ; 2                           ;
;     ENA               ; 185                         ;
;     ENA CLR           ; 15                          ;
;     ENA SCLR SLD      ; 16                          ;
;     ENA SLD           ; 10                          ;
;     plain             ; 41                          ;
; cycloneiii_lcell_comb ; 826                         ;
;     arith             ; 59                          ;
;         2 data inputs ; 28                          ;
;         3 data inputs ; 31                          ;
;     normal            ; 767                         ;
;         0 data inputs ; 1                           ;
;         1 data inputs ; 6                           ;
;         2 data inputs ; 31                          ;
;         3 data inputs ; 164                         ;
;         4 data inputs ; 565                         ;
; cycloneiii_ram_block  ; 16                          ;
;                       ;                             ;
; Max LUT depth         ; 14.10                       ;
; Average LUT depth     ; 8.26                        ;
+-----------------------+-----------------------------+


+-------------------------------+
; Elapsed Time Per Partition    ;
+----------------+--------------+
; Partition Name ; Elapsed Time ;
+----------------+--------------+
; Top            ; 00:00:01     ;
+----------------+--------------+


+-------------------------------+
; Analysis & Synthesis Messages ;
+-------------------------------+
Info: *******************************************************************
Info: Running Quartus Prime Analysis & Synthesis
    Info: Version 18.1.0 Build 625 09/12/2018 SJ Lite Edition
    Info: Processing started: Fri Oct 07 04:43:11 2022
Info: Command: quartus_map --read_settings_files=on --write_settings_files=off lab53 -c lab53
Warning (18236): Number of processors has not been specified which may cause overloading on shared machines.  Set the global assignment NUM_PARALLEL_PROCESSORS in your QSF to an appropriate value for best performance.
Info (20030): Parallel compilation is enabled and will use 16 of the 24 processors detected
Info (12021): Found 1 design units, including 1 entities, in source file lab 5/workspace/files/ram.v
    Info (12023): Found entity 1: ram File: C:/intelFPGA_lite/18.1/ece385/lab5.3/Lab 5/Workspace/files/ram.v Line: 39
Info (12021): Found 1 design units, including 1 entities, in source file lab 5/workspace/files/testbench.sv
    Info (12023): Found entity 1: testbench File: C:/intelFPGA_lite/18.1/ece385/lab5.3/Lab 5/Workspace/files/testbench.sv Line: 1
Info (12021): Found 1 design units, including 1 entities, in source file lab 5/workspace/files/test_memory.sv
    Info (12023): Found entity 1: test_memory File: C:/intelFPGA_lite/18.1/ece385/lab5.3/Lab 5/Workspace/files/test_memory.sv Line: 26
Info (12021): Found 3 design units, including 3 entities, in source file lab 5/workspace/files/synchronizers.sv
    Info (12023): Found entity 1: sync File: C:/intelFPGA_lite/18.1/ece385/lab5.3/Lab 5/Workspace/files/synchronizers.sv Line: 7
    Info (12023): Found entity 2: sync_r0 File: C:/intelFPGA_lite/18.1/ece385/lab5.3/Lab 5/Workspace/files/synchronizers.sv Line: 21
    Info (12023): Found entity 3: sync_r1 File: C:/intelFPGA_lite/18.1/ece385/lab5.3/Lab 5/Workspace/files/synchronizers.sv Line: 42
Info (12021): Found 1 design units, including 1 entities, in source file lab 5/workspace/files/sr2mux_.sv
    Info (12023): Found entity 1: SR2MUX_ File: C:/intelFPGA_lite/18.1/ece385/lab5.3/Lab 5/Workspace/files/SR2MUX_.sv Line: 1
Info (12021): Found 1 design units, including 1 entities, in source file lab 5/workspace/files/sr1mux_.sv
    Info (12023): Found entity 1: SR1MUX_ File: C:/intelFPGA_lite/18.1/ece385/lab5.3/Lab 5/Workspace/files/SR1MUX_.sv Line: 1
Info (12021): Found 1 design units, including 1 entities, in source file lab 5/workspace/files/slc3_testtop.sv
    Info (12023): Found entity 1: slc3_testtop File: C:/intelFPGA_lite/18.1/ece385/lab5.3/Lab 5/Workspace/files/slc3_testtop.sv Line: 4
Info (12021): Found 1 design units, including 1 entities, in source file lab 5/workspace/files/slc3_sramtop.sv
    Info (12023): Found entity 1: slc3_sramtop File: C:/intelFPGA_lite/18.1/ece385/lab5.3/Lab 5/Workspace/files/slc3_sramtop.sv Line: 5
Info (12021): Found 1 design units, including 0 entities, in source file lab 5/workspace/files/slc3_2.sv
    Info (12022): Found design unit 1: SLC3_2 (SystemVerilog) File: C:/intelFPGA_lite/18.1/ece385/lab5.3/Lab 5/Workspace/files/SLC3_2.sv Line: 24
Info (12021): Found 1 design units, including 1 entities, in source file lab 5/workspace/files/slc3.sv
    Info (12023): Found entity 1: slc3 File: C:/intelFPGA_lite/18.1/ece385/lab5.3/Lab 5/Workspace/files/slc3.sv Line: 20
Info (12021): Found 1 design units, including 1 entities, in source file lab 5/workspace/files/regfile_.sv
    Info (12023): Found entity 1: REGFILE_ File: C:/intelFPGA_lite/18.1/ece385/lab5.3/Lab 5/Workspace/files/REGFILE_.sv Line: 1
Info (12021): Found 1 design units, including 1 entities, in source file lab 5/workspace/files/reg_16.sv
    Info (12023): Found entity 1: reg_16 File: C:/intelFPGA_lite/18.1/ece385/lab5.3/Lab 5/Workspace/files/Reg_16.sv Line: 1
Info (12021): Found 1 design units, including 1 entities, in source file lab 5/workspace/files/pcmux_.sv
    Info (12023): Found entity 1: PCMUX_ File: C:/intelFPGA_lite/18.1/ece385/lab5.3/Lab 5/Workspace/files/PCMUX_.sv Line: 1
Info (12021): Found 1 design units, including 1 entities, in source file lab 5/workspace/files/pc_.sv
    Info (12023): Found entity 1: PC_ File: C:/intelFPGA_lite/18.1/ece385/lab5.3/Lab 5/Workspace/files/PC_.sv Line: 1
Info (12021): Found 1 design units, including 1 entities, in source file lab 5/workspace/files/mux_81.sv
    Info (12023): Found entity 1: MUX_81 File: C:/intelFPGA_lite/18.1/ece385/lab5.3/Lab 5/Workspace/files/MUX_81.sv Line: 1
Info (12021): Found 1 design units, including 1 entities, in source file lab 5/workspace/files/mux_41.sv
    Info (12023): Found entity 1: MUX_41 File: C:/intelFPGA_lite/18.1/ece385/lab5.3/Lab 5/Workspace/files/MUX_41.sv Line: 1
Info (12021): Found 1 design units, including 1 entities, in source file lab 5/workspace/files/mux_21.sv
    Info (12023): Found entity 1: MUX_21 File: C:/intelFPGA_lite/18.1/ece385/lab5.3/Lab 5/Workspace/files/MUX_21.sv Line: 1
Info (12021): Found 1 design units, including 1 entities, in source file lab 5/workspace/files/mio_en_.sv
    Info (12023): Found entity 1: MIO_EN_ File: C:/intelFPGA_lite/18.1/ece385/lab5.3/Lab 5/Workspace/files/MIO_EN_.sv Line: 1
Info (12021): Found 1 design units, including 1 entities, in source file lab 5/workspace/files/memory_contents.sv
    Info (12023): Found entity 1: memory_parser File: C:/intelFPGA_lite/18.1/ece385/lab5.3/Lab 5/Workspace/files/memory_contents.sv Line: 18
Info (12021): Found 1 design units, including 1 entities, in source file lab 5/workspace/files/mem2io.sv
    Info (12023): Found entity 1: Mem2IO File: C:/intelFPGA_lite/18.1/ece385/lab5.3/Lab 5/Workspace/files/Mem2IO.sv Line: 16
Info (12021): Found 1 design units, including 1 entities, in source file lab 5/workspace/files/mdr_.sv
    Info (12023): Found entity 1: MDR_ File: C:/intelFPGA_lite/18.1/ece385/lab5.3/Lab 5/Workspace/files/MDR_.sv Line: 1
Info (12021): Found 1 design units, including 1 entities, in source file lab 5/workspace/files/mar_.sv
    Info (12023): Found entity 1: MAR_ File: C:/intelFPGA_lite/18.1/ece385/lab5.3/Lab 5/Workspace/files/MAR_.sv Line: 1
Info (12021): Found 1 design units, including 1 entities, in source file lab 5/workspace/files/isdu.sv
    Info (12023): Found entity 1: ISDU File: C:/intelFPGA_lite/18.1/ece385/lab5.3/Lab 5/Workspace/files/ISDU.sv Line: 21
Info (12021): Found 1 design units, including 1 entities, in source file lab 5/workspace/files/ir_.sv
    Info (12023): Found entity 1: IR_ File: C:/intelFPGA_lite/18.1/ece385/lab5.3/Lab 5/Workspace/files/IR_.sv Line: 1
Info (12021): Found 1 design units, including 1 entities, in source file lab 5/workspace/files/instantiateram.sv
    Info (12023): Found entity 1: Instantiateram File: C:/intelFPGA_lite/18.1/ece385/lab5.3/Lab 5/Workspace/files/Instantiateram.sv Line: 18
Info (12021): Found 1 design units, including 1 entities, in source file lab 5/workspace/files/hexdriver.sv
    Info (12023): Found entity 1: HexDriver File: C:/intelFPGA_lite/18.1/ece385/lab5.3/Lab 5/Workspace/files/HexDriver.sv Line: 1
Info (12021): Found 1 design units, including 1 entities, in source file lab 5/workspace/files/drmux_.sv
    Info (12023): Found entity 1: DRMUX_ File: C:/intelFPGA_lite/18.1/ece385/lab5.3/Lab 5/Workspace/files/DRMUX_.sv Line: 1
Info (12021): Found 1 design units, including 1 entities, in source file lab 5/workspace/files/decoder_.sv
    Info (12023): Found entity 1: DECODER_ File: C:/intelFPGA_lite/18.1/ece385/lab5.3/Lab 5/Workspace/files/DECODER_.sv Line: 1
Info (12021): Found 1 design units, including 1 entities, in source file lab 5/workspace/files/datapath.sv
    Info (12023): Found entity 1: datapath File: C:/intelFPGA_lite/18.1/ece385/lab5.3/Lab 5/Workspace/files/datapath.sv Line: 1
Info (12021): Found 1 design units, including 1 entities, in source file lab 5/workspace/files/bus_.sv
    Info (12023): Found entity 1: BUS_ File: C:/intelFPGA_lite/18.1/ece385/lab5.3/Lab 5/Workspace/files/BUS_.sv Line: 1
Info (12021): Found 1 design units, including 1 entities, in source file lab 5/workspace/files/ben_.sv
    Info (12023): Found entity 1: BEN_ File: C:/intelFPGA_lite/18.1/ece385/lab5.3/Lab 5/Workspace/files/BEN_.sv Line: 1
Info (12021): Found 1 design units, including 1 entities, in source file lab 5/workspace/files/alu_.sv
    Info (12023): Found entity 1: ALU_ File: C:/intelFPGA_lite/18.1/ece385/lab5.3/Lab 5/Workspace/files/ALU_.sv Line: 1
Info (12021): Found 1 design units, including 1 entities, in source file lab 5/workspace/files/addr_adder_.sv
    Info (12023): Found entity 1: ADDR_ADDER_ File: C:/intelFPGA_lite/18.1/ece385/lab5.3/Lab 5/Workspace/files/ADDR_ADDER_.sv Line: 1
Info (12127): Elaborating entity "slc3_sramtop" for the top level hierarchy
Info (12128): Elaborating entity "sync" for hierarchy "sync:button_sync[0]" File: C:/intelFPGA_lite/18.1/ece385/lab5.3/Lab 5/Workspace/files/slc3_sramtop.sv Line: 21
Info (12128): Elaborating entity "slc3" for hierarchy "slc3:slc" File: C:/intelFPGA_lite/18.1/ece385/lab5.3/Lab 5/Workspace/files/slc3_sramtop.sv Line: 65
Info (12128): Elaborating entity "HexDriver" for hierarchy "slc3:slc|HexDriver:hex_drivers[0]" File: C:/intelFPGA_lite/18.1/ece385/lab5.3/Lab 5/Workspace/files/slc3.sv Line: 43
Info (12128): Elaborating entity "datapath" for hierarchy "slc3:slc|datapath:d0" File: C:/intelFPGA_lite/18.1/ece385/lab5.3/Lab 5/Workspace/files/slc3.sv Line: 71
Info (12128): Elaborating entity "DRMUX_" for hierarchy "slc3:slc|datapath:d0|DRMUX_:drmux" File: C:/intelFPGA_lite/18.1/ece385/lab5.3/Lab 5/Workspace/files/datapath.sv Line: 38
Info (12128): Elaborating entity "SR1MUX_" for hierarchy "slc3:slc|datapath:d0|SR1MUX_:sr1mux" File: C:/intelFPGA_lite/18.1/ece385/lab5.3/Lab 5/Workspace/files/datapath.sv Line: 43
Info (12128): Elaborating entity "REGFILE_" for hierarchy "slc3:slc|datapath:d0|REGFILE_:regfile" File: C:/intelFPGA_lite/18.1/ece385/lab5.3/Lab 5/Workspace/files/datapath.sv Line: 53
Info (12128): Elaborating entity "DECODER_" for hierarchy "slc3:slc|datapath:d0|REGFILE_:regfile|DECODER_:decoder" File: C:/intelFPGA_lite/18.1/ece385/lab5.3/Lab 5/Workspace/files/REGFILE_.sv Line: 17
Info (12128): Elaborating entity "reg_16" for hierarchy "slc3:slc|datapath:d0|REGFILE_:regfile|reg_16:reg_0" File: C:/intelFPGA_lite/18.1/ece385/lab5.3/Lab 5/Workspace/files/REGFILE_.sv Line: 21
Info (12128): Elaborating entity "MUX_81" for hierarchy "slc3:slc|datapath:d0|REGFILE_:regfile|MUX_81:to_ALU_A" File: C:/intelFPGA_lite/18.1/ece385/lab5.3/Lab 5/Workspace/files/REGFILE_.sv Line: 40
Info (12128): Elaborating entity "ALU_" for hierarchy "slc3:slc|datapath:d0|ALU_:alu" File: C:/intelFPGA_lite/18.1/ece385/lab5.3/Lab 5/Workspace/files/datapath.sv Line: 58
Info (12128): Elaborating entity "PCMUX_" for hierarchy "slc3:slc|datapath:d0|PCMUX_:pcmux" File: C:/intelFPGA_lite/18.1/ece385/lab5.3/Lab 5/Workspace/files/datapath.sv Line: 63
Info (12128): Elaborating entity "MUX_41" for hierarchy "slc3:slc|datapath:d0|PCMUX_:pcmux|MUX_41:pcmux" File: C:/intelFPGA_lite/18.1/ece385/lab5.3/Lab 5/Workspace/files/PCMUX_.sv Line: 8
Info (12128): Elaborating entity "PC_" for hierarchy "slc3:slc|datapath:d0|PC_:pc" File: C:/intelFPGA_lite/18.1/ece385/lab5.3/Lab 5/Workspace/files/datapath.sv Line: 71
Info (12128): Elaborating entity "MUX_21" for hierarchy "slc3:slc|datapath:d0|MUX_21:miomux" File: C:/intelFPGA_lite/18.1/ece385/lab5.3/Lab 5/Workspace/files/datapath.sv Line: 76
Info (12128): Elaborating entity "MDR_" for hierarchy "slc3:slc|datapath:d0|MDR_:mdr" File: C:/intelFPGA_lite/18.1/ece385/lab5.3/Lab 5/Workspace/files/datapath.sv Line: 83
Info (12128): Elaborating entity "MAR_" for hierarchy "slc3:slc|datapath:d0|MAR_:mar" File: C:/intelFPGA_lite/18.1/ece385/lab5.3/Lab 5/Workspace/files/datapath.sv Line: 91
Info (12128): Elaborating entity "IR_" for hierarchy "slc3:slc|datapath:d0|IR_:ir" File: C:/intelFPGA_lite/18.1/ece385/lab5.3/Lab 5/Workspace/files/datapath.sv Line: 97
Info (12128): Elaborating entity "BUS_" for hierarchy "slc3:slc|datapath:d0|BUS_:bus" File: C:/intelFPGA_lite/18.1/ece385/lab5.3/Lab 5/Workspace/files/datapath.sv Line: 105
Info (12128): Elaborating entity "ADDR_ADDER_" for hierarchy "slc3:slc|datapath:d0|ADDR_ADDER_:addr_adder" File: C:/intelFPGA_lite/18.1/ece385/lab5.3/Lab 5/Workspace/files/datapath.sv Line: 114
Info (12128): Elaborating entity "BEN_" for hierarchy "slc3:slc|datapath:d0|BEN_:ben" File: C:/intelFPGA_lite/18.1/ece385/lab5.3/Lab 5/Workspace/files/datapath.sv Line: 116
Info (12128): Elaborating entity "Mem2IO" for hierarchy "slc3:slc|Mem2IO:memory_subsystem" File: C:/intelFPGA_lite/18.1/ece385/lab5.3/Lab 5/Workspace/files/slc3.sv Line: 82
Info (12128): Elaborating entity "ISDU" for hierarchy "slc3:slc|ISDU:state_controller" File: C:/intelFPGA_lite/18.1/ece385/lab5.3/Lab 5/Workspace/files/slc3.sv Line: 89
Info (12128): Elaborating entity "Instantiateram" for hierarchy "Instantiateram:instaRam" File: C:/intelFPGA_lite/18.1/ece385/lab5.3/Lab 5/Workspace/files/slc3_sramtop.sv Line: 67
Warning (10230): Verilog HDL assignment warning at Instantiateram.sv(51): truncated value with size 32 to match size of target (16) File: C:/intelFPGA_lite/18.1/ece385/lab5.3/Lab 5/Workspace/files/Instantiateram.sv Line: 51
Warning (10230): Verilog HDL assignment warning at SLC3_2.sv(119): truncated value with size 32 to match size of target (5) File: C:/intelFPGA_lite/18.1/ece385/lab5.3/Lab 5/Workspace/files/SLC3_2.sv Line: 119
Info (12128): Elaborating entity "ram" for hierarchy "ram:ram0" File: C:/intelFPGA_lite/18.1/ece385/lab5.3/Lab 5/Workspace/files/slc3_sramtop.sv Line: 70
Info (12128): Elaborating entity "altsyncram" for hierarchy "ram:ram0|altsyncram:altsyncram_component" File: C:/intelFPGA_lite/18.1/ece385/lab5.3/Lab 5/Workspace/files/ram.v Line: 88
Info (12130): Elaborated megafunction instantiation "ram:ram0|altsyncram:altsyncram_component" File: C:/intelFPGA_lite/18.1/ece385/lab5.3/Lab 5/Workspace/files/ram.v Line: 88
Info (12133): Instantiated megafunction "ram:ram0|altsyncram:altsyncram_component" with the following parameter: File: C:/intelFPGA_lite/18.1/ece385/lab5.3/Lab 5/Workspace/files/ram.v Line: 88
    Info (12134): Parameter "clock_enable_input_a" = "BYPASS"
    Info (12134): Parameter "clock_enable_output_a" = "BYPASS"
    Info (12134): Parameter "intended_device_family" = "MAX 10"
    Info (12134): Parameter "lpm_hint" = "ENABLE_RUNTIME_MOD=NO"
    Info (12134): Parameter "lpm_type" = "altsyncram"
    Info (12134): Parameter "numwords_a" = "1024"
    Info (12134): Parameter "operation_mode" = "SINGLE_PORT"
    Info (12134): Parameter "outdata_aclr_a" = "NONE"
    Info (12134): Parameter "outdata_reg_a" = "CLOCK0"
    Info (12134): Parameter "power_up_uninitialized" = "FALSE"
    Info (12134): Parameter "ram_block_type" = "M9K"
    Info (12134): Parameter "read_during_write_mode_port_a" = "DONT_CARE"
    Info (12134): Parameter "widthad_a" = "10"
    Info (12134): Parameter "width_a" = "16"
    Info (12134): Parameter "width_byteena_a" = "1"
Info (12021): Found 1 design units, including 1 entities, in source file db/altsyncram_hag1.tdf
    Info (12023): Found entity 1: altsyncram_hag1 File: C:/intelFPGA_lite/18.1/ece385/lab5.3/db/altsyncram_hag1.tdf Line: 27
Info (12128): Elaborating entity "altsyncram_hag1" for hierarchy "ram:ram0|altsyncram:altsyncram_component|altsyncram_hag1:auto_generated" File: c:/intelfpga_lite/18.1/quartus/libraries/megafunctions/altsyncram.tdf Line: 791
Warning (13046): Tri-state node(s) do not directly drive top-level pin(s)
    Warning (13049): Converted tri-state buffer "slc3:slc|datapath:d0|BEN_:ben|P" feeding internal logic into a wire File: C:/intelFPGA_lite/18.1/ece385/lab5.3/Lab 5/Workspace/files/BEN_.sv Line: 5
    Warning (13049): Converted tri-state buffer "slc3:slc|datapath:d0|BEN_:ben|N" feeding internal logic into a wire File: C:/intelFPGA_lite/18.1/ece385/lab5.3/Lab 5/Workspace/files/BEN_.sv Line: 5
    Warning (13049): Converted tri-state buffer "slc3:slc|datapath:d0|BEN_:ben|Z" feeding internal logic into a wire File: C:/intelFPGA_lite/18.1/ece385/lab5.3/Lab 5/Workspace/files/BEN_.sv Line: 5
Warning (12241): 1 hierarchies have connectivity warnings - see the Connectivity Checks report folder
Warning (13024): Output pins are stuck at VCC or GND
    Warning (13410): Pin "SR1MUX_Outval[3]" is stuck at GND File: C:/intelFPGA_lite/18.1/ece385/lab5.3/Lab 5/Workspace/files/slc3_sramtop.sv Line: 15
    Warning (13410): Pin "SR1MUX_Outval[4]" is stuck at GND File: C:/intelFPGA_lite/18.1/ece385/lab5.3/Lab 5/Workspace/files/slc3_sramtop.sv Line: 15
    Warning (13410): Pin "SR1MUX_Outval[5]" is stuck at GND File: C:/intelFPGA_lite/18.1/ece385/lab5.3/Lab 5/Workspace/files/slc3_sramtop.sv Line: 15
    Warning (13410): Pin "SR1MUX_Outval[6]" is stuck at GND File: C:/intelFPGA_lite/18.1/ece385/lab5.3/Lab 5/Workspace/files/slc3_sramtop.sv Line: 15
    Warning (13410): Pin "SR1MUX_Outval[7]" is stuck at GND File: C:/intelFPGA_lite/18.1/ece385/lab5.3/Lab 5/Workspace/files/slc3_sramtop.sv Line: 15
    Warning (13410): Pin "SR1MUX_Outval[8]" is stuck at GND File: C:/intelFPGA_lite/18.1/ece385/lab5.3/Lab 5/Workspace/files/slc3_sramtop.sv Line: 15
    Warning (13410): Pin "SR1MUX_Outval[9]" is stuck at GND File: C:/intelFPGA_lite/18.1/ece385/lab5.3/Lab 5/Workspace/files/slc3_sramtop.sv Line: 15
    Warning (13410): Pin "SR1MUX_Outval[10]" is stuck at GND File: C:/intelFPGA_lite/18.1/ece385/lab5.3/Lab 5/Workspace/files/slc3_sramtop.sv Line: 15
    Warning (13410): Pin "SR1MUX_Outval[11]" is stuck at GND File: C:/intelFPGA_lite/18.1/ece385/lab5.3/Lab 5/Workspace/files/slc3_sramtop.sv Line: 15
    Warning (13410): Pin "SR1MUX_Outval[12]" is stuck at GND File: C:/intelFPGA_lite/18.1/ece385/lab5.3/Lab 5/Workspace/files/slc3_sramtop.sv Line: 15
    Warning (13410): Pin "SR1MUX_Outval[13]" is stuck at GND File: C:/intelFPGA_lite/18.1/ece385/lab5.3/Lab 5/Workspace/files/slc3_sramtop.sv Line: 15
    Warning (13410): Pin "SR1MUX_Outval[14]" is stuck at GND File: C:/intelFPGA_lite/18.1/ece385/lab5.3/Lab 5/Workspace/files/slc3_sramtop.sv Line: 15
    Warning (13410): Pin "SR1MUX_Outval[15]" is stuck at GND File: C:/intelFPGA_lite/18.1/ece385/lab5.3/Lab 5/Workspace/files/slc3_sramtop.sv Line: 15
Info (286030): Timing-Driven Synthesis is running
Info (17049): 7 registers lost all their fanouts during netlist optimizations.
Info (144001): Generated suppressed messages file C:/intelFPGA_lite/18.1/ece385/lab5.3/output_files/lab53.map.smsg
Info (16010): Generating hard_block partition "hard_block:auto_generated_inst"
    Info (16011): Adding 0 node(s), including 0 DDIO, 0 PLL, 0 transceiver and 0 LCELL
Info (21057): Implemented 1148 device resources after synthesis - the final resource count might be different
    Info (21058): Implemented 13 input pins
    Info (21059): Implemented 135 output pins
    Info (21061): Implemented 984 logic cells
    Info (21064): Implemented 16 RAM segments
Info: Quartus Prime Analysis & Synthesis was successful. 0 errors, 22 warnings
    Info: Peak virtual memory: 4851 megabytes
    Info: Processing ended: Fri Oct 07 04:43:20 2022
    Info: Elapsed time: 00:00:09
    Info: Total CPU time (on all processors): 00:00:18


+------------------------------------------+
; Analysis & Synthesis Suppressed Messages ;
+------------------------------------------+
The suppressed messages can be found in C:/intelFPGA_lite/18.1/ece385/lab5.3/output_files/lab53.map.smsg.


